#-----------------------------------------------------------
# Vivado v2019.2 (64-bit)
# SW Build 2708876 on Wed Nov  6 21:40:23 MST 2019
# IP Build 2700528 on Thu Nov  7 00:09:20 MST 2019
# Start of session at: Tue Dec 17 16:04:50 2024
# Process ID: 19148
# Current directory: D:/software/Xilinx/program/FPGA_EX15_2024304066/watch
# Command line: vivado.exe -gui_launcher_event rodinguilauncherevent10376 D:\software\Xilinx\program\FPGA_EX15_2024304066\watch\watch.xpr
# Log file: D:/software/Xilinx/program/FPGA_EX15_2024304066/watch/vivado.log
# Journal file: D:/software/Xilinx/program/FPGA_EX15_2024304066/watch\vivado.jou
#-----------------------------------------------------------
start_gui
open_project D:/software/Xilinx/program/FPGA_EX15_2024304066/watch/watch.xpr
Scanning sources...
Finished scanning sources
INFO: [IP_Flow 19-234] Refreshing IP repositories
INFO: [IP_Flow 19-1704] No user IP repositories specified
INFO: [IP_Flow 19-2313] Loaded Vivado IP repository 'D:/software/Xilinx/Vivado/2019.2/data/ip'.
open_project: Time (s): cpu = 00:00:23 ; elapsed = 00:00:10 . Memory (MB): peak = 952.203 ; gain = 245.793
update_compile_order -fileset sources_1
launch_simulation
Command: launch_simulation 
INFO: [Vivado 12-5682] Launching behavioral simulation in 'D:/software/Xilinx/program/FPGA_EX15_2024304066/watch/watch.sim/sim_1/behav/xsim'
INFO: [SIM-utils-51] Simulation object is 'sim_1'
INFO: [SIM-utils-54] Inspecting design source files for 'fsm' in fileset 'sim_1'...
INFO: [USF-XSim-97] Finding global include files...
INFO: [USF-XSim-98] Fetching design files from 'sim_1'...
INFO: [USF-XSim-2] XSim::Compile design
INFO: [USF-XSim-61] Executing 'COMPILE and ANALYZE' step in 'D:/software/Xilinx/program/FPGA_EX15_2024304066/watch/watch.sim/sim_1/behav/xsim'
"xvlog --incr --relax -prj fsm_vlog.prj"
INFO: [USF-XSim-69] 'compile' step finished in '3' seconds
INFO: [USF-XSim-3] XSim::Elaborate design
INFO: [USF-XSim-61] Executing 'ELABORATE' step in 'D:/software/Xilinx/program/FPGA_EX15_2024304066/watch/watch.sim/sim_1/behav/xsim'
"xelab -wto ad574e61f10b4fad96704020729968e1 --incr --debug typical --relax --mt 2 -L xil_defaultlib -L unisims_ver -L unimacro_ver -L secureip --snapshot fsm_behav xil_defaultlib.fsm xil_defaultlib.glbl -log elaborate.log"
Vivado Simulator 2019.2
Copyright 1986-1999, 2001-2019 Xilinx, Inc. All Rights Reserved.
Running: D:/software/Xilinx/Vivado/2019.2/bin/unwrapped/win64.o/xelab.exe -wto ad574e61f10b4fad96704020729968e1 --incr --debug typical --relax --mt 2 -L xil_defaultlib -L unisims_ver -L unimacro_ver -L secureip --snapshot fsm_behav xil_defaultlib.fsm xil_defaultlib.glbl -log elaborate.log 
Using 2 slave threads.
Starting static elaboration
Pass Through NonSizing Optimizer
Completed static elaboration
Starting simulation data flow analysis
WARNING: [XSIM 43-4100] "D:/software/Xilinx/program/FPGA_EX15_2024304066/watch/watch.sim/sim_1/behav/xsim/glbl.v" Line 6. Module glbl has a timescale but at least one module in design doesn't have timescale.
Completed simulation data flow analysis
Time Resolution for simulation is 1ps
Compiling module xil_defaultlib.fsm
Compiling module xil_defaultlib.glbl
Built simulation snapshot fsm_behav

****** Webtalk v2019.2 (64-bit)
  **** SW Build 2708876 on Wed Nov  6 21:40:23 MST 2019
  **** IP Build 2700528 on Thu Nov  7 00:09:20 MST 2019
    ** Copyright 1986-2019 Xilinx, Inc. All Rights Reserved.

source D:/software/Xilinx/program/FPGA_EX15_2024304066/watch/watch.sim/sim_1/behav/xsim/xsim.dir/fsm_behav/webtalk/xsim_webtalk.tcl -notrace
webtalk_transmit: Time (s): cpu = 00:00:01 ; elapsed = 00:00:06 . Memory (MB): peak = 110.438 ; gain = 17.184
INFO: [Common 17-206] Exiting Webtalk at Tue Dec 17 16:05:48 2024...
run_program: Time (s): cpu = 00:00:03 ; elapsed = 00:00:13 . Memory (MB): peak = 990.934 ; gain = 0.000
INFO: [USF-XSim-69] 'elaborate' step finished in '13' seconds
INFO: [USF-XSim-4] XSim::Simulate design
INFO: [USF-XSim-61] Executing 'SIMULATE' step in 'D:/software/Xilinx/program/FPGA_EX15_2024304066/watch/watch.sim/sim_1/behav/xsim'
INFO: [USF-XSim-98] *** Running xsim
   with args "fsm_behav -key {Behavioral:sim_1:Functional:fsm} -tclbatch {fsm.tcl} -view {D:/software/Xilinx/program/FPGA_EX15_2024304066/watch/tb_top_behav.wcfg} -log {simulate.log}"
INFO: [USF-XSim-8] Loading simulator feature
Vivado Simulator 2019.2
Time resolution is 1 ps
open_wave_config D:/software/Xilinx/program/FPGA_EX15_2024304066/watch/tb_top_behav.wcfg
WARNING: Simulation object /tb_top/rst was not found in the design.
WARNING: Simulation object /tb_top/clk was not found in the design.
WARNING: Simulation object /tb_top/uut/clk_1hz was not found in the design.
WARNING: Simulation object /tb_top/uut/clk_1khz was not found in the design.
WARNING: Simulation object /tb_top/seg8 was not found in the design.
WARNING: Simulation object /tb_top/uut/uut_display/address was not found in the design.
WARNING: Simulation object /tb_top/tab6 was not found in the design.
WARNING: Simulation object /tb_top/uut/uut_key/clk_1hz was not found in the design.
WARNING: Simulation object /tb_top/uut/uut_key/rst was not found in the design.
WARNING: Simulation object /tb_top/uut/uut_key/key was not found in the design.
WARNING: Simulation object /tb_top/uut/uut_key/adjust_enable was not found in the design.
WARNING: Simulation object /tb_top/uut/uut_key/select_pos was not found in the design.
WARNING: Simulation object /tb_top/uut/uut_key/adjust_up was not found in the design.
WARNING: Simulation object /tb_top/uut/uut_key/adjust_down was not found in the design.
source fsm.tcl
# set curr_wave [current_wave_config]
# if { [string length $curr_wave] == 0 } {
#   if { [llength [get_objects]] > 0} {
#     add_wave /
#     set_property needs_save false [current_wave_config]
#   } else {
#      send_msg_id Add_Wave-1 WARNING "No top level signals found. Simulator will start without a wave window. If you want to open a wave window go to 'File->New Waveform Configuration' or type 'create_wave_config' in the TCL console."
#   }
# }
# run 1000ns
INFO: [USF-XSim-96] XSim completed. Design snapshot 'fsm_behav' loaded.
INFO: [USF-XSim-97] XSim simulation ran for 1000ns
launch_simulation: Time (s): cpu = 00:00:17 ; elapsed = 00:00:21 . Memory (MB): peak = 990.934 ; gain = 0.000
set_property top tb_fsm [get_filesets sim_1]
set_property top_lib xil_defaultlib [get_filesets sim_1]
update_compile_order -fileset sim_1
launch_simulation
Command: launch_simulation 
boost::filesystem::remove: 另一个程序正在使用此文件，进程无法访问。: "D:/software/Xilinx/program/FPGA_EX15_2024304066/watch/watch.sim/sim_1/behav/xsim/simulate.log"
close_sim
INFO: [Simtcl 6-16] Simulation closed
close_sim: Time (s): cpu = 00:00:03 ; elapsed = 00:00:08 . Memory (MB): peak = 998.922 ; gain = 7.988
exit
INFO: [Common 17-206] Exiting Vivado at Tue Dec 17 16:06:21 2024...
