#-----------------------------------------------------------
# Vivado v2019.2 (64-bit)
# SW Build 2708876 on Wed Nov  6 21:40:23 MST 2019
# IP Build 2700528 on Thu Nov  7 00:09:20 MST 2019
# Start of session at: Fri Dec 13 07:50:24 2024
# Process ID: 11380
# Current directory: J:/FPGA课程设计/FPGA电子时钟/watch
# Command line: vivado.exe -gui_launcher_event rodinguilauncherevent11912 J:\FPGA课程设计\FPGA电子时钟\watch\watch.xpr
# Log file: J:/FPGA课程设计/FPGA电子时钟/watch/vivado.log
# Journal file: J:/FPGA课程设计/FPGA电子时钟/watch\vivado.jou
#-----------------------------------------------------------
start_gui
open_project J:/FPGA课程设计/FPGA电子时钟/watch/watch.xpr
INFO: [Project 1-313] Project file moved from 'D:/software/Xilinx/program/FPGA_EX15_2024304066/watch' since last save.
Scanning sources...
Finished scanning sources
INFO: [IP_Flow 19-234] Refreshing IP repositories
INFO: [IP_Flow 19-1704] No user IP repositories specified
INFO: [IP_Flow 19-2313] Loaded Vivado IP repository 'B:/Xilinx/Vivado/2019.2/data/ip'.
update_compile_order -fileset sources_1
launch_simulation
Command: launch_simulation 
INFO: [Vivado 12-5682] Launching behavioral simulation in 'J:/FPGA课程设计/FPGA电子时钟/watch/watch.sim/sim_1/behav/xsim'
INFO: [SIM-utils-51] Simulation object is 'sim_1'
INFO: [SIM-utils-54] Inspecting design source files for 'tb_top' in fileset 'sim_1'...
INFO: [USF-XSim-97] Finding global include files...
INFO: [USF-XSim-98] Fetching design files from 'sim_1'...
INFO: [USF-XSim-2] XSim::Compile design
INFO: [USF-XSim-61] Executing 'COMPILE and ANALYZE' step in 'J:/FPGA课程设计/FPGA电子时钟/watch/watch.sim/sim_1/behav/xsim'
"xvlog --incr --relax -prj tb_top_vlog.prj"
INFO: [VRFC 10-2263] Analyzing Verilog file "J:/FPGA课程设计/FPGA电子时钟/watch/watch.srcs/sources_1/new/counter.v" into library xil_defaultlib
INFO: [VRFC 10-311] analyzing module counter
INFO: [VRFC 10-2263] Analyzing Verilog file "J:/FPGA课程设计/FPGA电子时钟/watch/watch.srcs/sources_1/new/display.v" into library xil_defaultlib
INFO: [VRFC 10-311] analyzing module display
INFO: [VRFC 10-2263] Analyzing Verilog file "J:/FPGA课程设计/FPGA电子时钟/watch/watch.srcs/sources_1/new/fsm.v" into library xil_defaultlib
INFO: [VRFC 10-311] analyzing module fsm
INFO: [VRFC 10-2263] Analyzing Verilog file "J:/FPGA课程设计/FPGA电子时钟/watch/watch.srcs/sources_1/new/top.v" into library xil_defaultlib
INFO: [VRFC 10-311] analyzing module top
INFO: [VRFC 10-2263] Analyzing Verilog file "J:/FPGA课程设计/FPGA电子时钟/watch/watch.srcs/sim_1/new/tb_top.v" into library xil_defaultlib
INFO: [VRFC 10-311] analyzing module tb_top
INFO: [VRFC 10-2263] Analyzing Verilog file "J:/FPGA课程设计/FPGA电子时钟/watch/watch.sim/sim_1/behav/xsim/glbl.v" into library xil_defaultlib
INFO: [VRFC 10-311] analyzing module glbl
INFO: [USF-XSim-69] 'compile' step finished in '2' seconds
INFO: [USF-XSim-3] XSim::Elaborate design
INFO: [USF-XSim-61] Executing 'ELABORATE' step in 'J:/FPGA课程设计/FPGA电子时钟/watch/watch.sim/sim_1/behav/xsim'
"xelab -wto ad574e61f10b4fad96704020729968e1 --incr --debug typical --relax --mt 2 -L xil_defaultlib -L unisims_ver -L unimacro_ver -L secureip --snapshot tb_top_behav xil_defaultlib.tb_top xil_defaultlib.glbl -log elaborate.log"
Vivado Simulator 2019.2
Copyright 1986-1999, 2001-2019 Xilinx, Inc. All Rights Reserved.
Running: B:/Xilinx/Vivado/2019.2/bin/unwrapped/win64.o/xelab.exe -wto ad574e61f10b4fad96704020729968e1 --incr --debug typical --relax --mt 2 -L xil_defaultlib -L unisims_ver -L unimacro_ver -L secureip --snapshot tb_top_behav xil_defaultlib.tb_top xil_defaultlib.glbl -log elaborate.log 
Using 2 slave threads.
Starting static elaboration
Pass Through NonSizing Optimizer
Completed static elaboration
Starting simulation data flow analysis
WARNING: [XSIM 43-4100] "J:/FPGA课程设计/FPGA电子时钟/watch/watch.sim/sim_1/behav/xsim/glbl.v" Line 6. Module glbl has a timescale but at least one module in design doesn't have timescale.
Completed simulation data flow analysis
Time Resolution for simulation is 1ps
Compiling module xil_defaultlib.fsm
Compiling module xil_defaultlib.counter
Compiling module xil_defaultlib.display
Compiling module xil_defaultlib.top
Compiling module xil_defaultlib.tb_top
Compiling module xil_defaultlib.glbl
Built simulation snapshot tb_top_behav

****** Webtalk v2019.2 (64-bit)
  **** SW Build 2708876 on Wed Nov  6 21:40:23 MST 2019
  **** IP Build 2700528 on Thu Nov  7 00:09:20 MST 2019
    ** Copyright 1986-2019 Xilinx, Inc. All Rights Reserved.

source J:/FPGA课程设计/FPGA电子时钟/watch/watch.sim/sim_1/behav/xsim/xsim.dir/tb_top_behav/webtalk/xsim_webtalk.tcl -notrace
INFO: [Common 17-206] Exiting Webtalk at Fri Dec 13 07:52:40 2024...
run_program: Time (s): cpu = 00:00:00 ; elapsed = 00:00:11 . Memory (MB): peak = 937.371 ; gain = 0.000
INFO: [USF-XSim-69] 'elaborate' step finished in '10' seconds
INFO: [USF-XSim-4] XSim::Simulate design
INFO: [USF-XSim-61] Executing 'SIMULATE' step in 'J:/FPGA课程设计/FPGA电子时钟/watch/watch.sim/sim_1/behav/xsim'
INFO: [USF-XSim-98] *** Running xsim
   with args "tb_top_behav -key {Behavioral:sim_1:Functional:tb_top} -tclbatch {tb_top.tcl} -view {J:/FPGA课程设计/FPGA电子时钟/watch/tb_top_behav.wcfg} -log {simulate.log}"
INFO: [USF-XSim-8] Loading simulator feature
Vivado Simulator 2019.2
Time resolution is 1 ps
open_wave_config J:/FPGA课程设计/FPGA电子时钟/watch/tb_top_behav.wcfg
source tb_top.tcl
# set curr_wave [current_wave_config]
# if { [string length $curr_wave] == 0 } {
#   if { [llength [get_objects]] > 0} {
#     add_wave /
#     set_property needs_save false [current_wave_config]
#   } else {
#      send_msg_id Add_Wave-1 WARNING "No top level signals found. Simulator will start without a wave window. If you want to open a wave window go to 'File->New Waveform Configuration' or type 'create_wave_config' in the TCL console."
#   }
# }
# run 1000ns
INFO: [USF-XSim-96] XSim completed. Design snapshot 'tb_top_behav' loaded.
INFO: [USF-XSim-97] XSim simulation ran for 1000ns
launch_simulation: Time (s): cpu = 00:00:05 ; elapsed = 00:00:16 . Memory (MB): peak = 947.000 ; gain = 9.629
run all
run all
run: Time (s): cpu = 00:00:11 ; elapsed = 00:00:11 . Memory (MB): peak = 991.465 ; gain = 0.000
close_sim
INFO: [Simtcl 6-16] Simulation closed
close_sim: Time (s): cpu = 00:00:01 ; elapsed = 00:00:17 . Memory (MB): peak = 1035.543 ; gain = 0.000
launch_simulation
Command: launch_simulation 
INFO: [Vivado 12-5682] Launching behavioral simulation in 'J:/FPGA课程设计/FPGA电子时钟/watch/watch.sim/sim_1/behav/xsim'
INFO: [SIM-utils-51] Simulation object is 'sim_1'
INFO: [SIM-utils-54] Inspecting design source files for 'tb_top' in fileset 'sim_1'...
INFO: [USF-XSim-97] Finding global include files...
INFO: [USF-XSim-98] Fetching design files from 'sim_1'...
INFO: [USF-XSim-2] XSim::Compile design
INFO: [USF-XSim-61] Executing 'COMPILE and ANALYZE' step in 'J:/FPGA课程设计/FPGA电子时钟/watch/watch.sim/sim_1/behav/xsim'
"xvlog --incr --relax -prj tb_top_vlog.prj"
INFO: [USF-XSim-69] 'compile' step finished in '1' seconds
INFO: [USF-XSim-3] XSim::Elaborate design
INFO: [USF-XSim-61] Executing 'ELABORATE' step in 'J:/FPGA课程设计/FPGA电子时钟/watch/watch.sim/sim_1/behav/xsim'
"xelab -wto ad574e61f10b4fad96704020729968e1 --incr --debug typical --relax --mt 2 -L xil_defaultlib -L unisims_ver -L unimacro_ver -L secureip --snapshot tb_top_behav xil_defaultlib.tb_top xil_defaultlib.glbl -log elaborate.log"
Vivado Simulator 2019.2
Copyright 1986-1999, 2001-2019 Xilinx, Inc. All Rights Reserved.
Running: B:/Xilinx/Vivado/2019.2/bin/unwrapped/win64.o/xelab.exe -wto ad574e61f10b4fad96704020729968e1 --incr --debug typical --relax --mt 2 -L xil_defaultlib -L unisims_ver -L unimacro_ver -L secureip --snapshot tb_top_behav xil_defaultlib.tb_top xil_defaultlib.glbl -log elaborate.log 
Using 2 slave threads.
Starting static elaboration
Pass Through NonSizing Optimizer
Completed static elaboration
INFO: [XSIM 43-4323] No Change in HDL. Linking previously generated obj files to create kernel
run_program: Time (s): cpu = 00:00:00 ; elapsed = 00:00:13 . Memory (MB): peak = 1035.543 ; gain = 0.000
INFO: [USF-XSim-69] 'elaborate' step finished in '13' seconds
INFO: [USF-XSim-4] XSim::Simulate design
INFO: [USF-XSim-61] Executing 'SIMULATE' step in 'J:/FPGA课程设计/FPGA电子时钟/watch/watch.sim/sim_1/behav/xsim'
INFO: [USF-XSim-98] *** Running xsim
   with args "tb_top_behav -key {Behavioral:sim_1:Functional:tb_top} -tclbatch {tb_top.tcl} -view {J:/FPGA课程设计/FPGA电子时钟/watch/tb_top_behav.wcfg} -log {simulate.log}"
INFO: [USF-XSim-8] Loading simulator feature
Vivado Simulator 2019.2
Time resolution is 1 ps
open_wave_config J:/FPGA课程设计/FPGA电子时钟/watch/tb_top_behav.wcfg
source tb_top.tcl
# set curr_wave [current_wave_config]
# if { [string length $curr_wave] == 0 } {
#   if { [llength [get_objects]] > 0} {
#     add_wave /
#     set_property needs_save false [current_wave_config]
#   } else {
#      send_msg_id Add_Wave-1 WARNING "No top level signals found. Simulator will start without a wave window. If you want to open a wave window go to 'File->New Waveform Configuration' or type 'create_wave_config' in the TCL console."
#   }
# }
# run 1000ns
INFO: [USF-XSim-96] XSim completed. Design snapshot 'tb_top_behav' loaded.
INFO: [USF-XSim-97] XSim simulation ran for 1000ns
launch_simulation: Time (s): cpu = 00:00:02 ; elapsed = 00:00:19 . Memory (MB): peak = 1035.543 ; gain = 0.000
run all
run: Time (s): cpu = 00:00:09 ; elapsed = 00:00:09 . Memory (MB): peak = 1035.543 ; gain = 0.000
close_sim
INFO: [Simtcl 6-16] Simulation closed
close_sim: Time (s): cpu = 00:00:01 ; elapsed = 00:00:11 . Memory (MB): peak = 1035.543 ; gain = 0.000
exit
INFO: [Common 17-206] Exiting Vivado at Fri Dec 13 08:07:05 2024...
