Vivado Simulator 2019.2
Copyright 1986-1999, 2001-2019 Xilinx, Inc. All Rights Reserved.
Running: D:/software/Xilinx/Vivado/2019.2/bin/unwrapped/win64.o/xelab.exe -wto ad574e61f10b4fad96704020729968e1 --incr --debug typical --relax --mt 2 -L xil_defaultlib -L unisims_ver -L unimacro_ver -L secureip --snapshot tb_top_behav xil_defaultlib.tb_top xil_defaultlib.glbl -log elaborate.log 
Using 2 slave threads.
Starting static elaboration
Pass Through NonSizing Optimizer
WARNING: [VRFC 10-3091] actual bit length 3 differs from formal bit length 1 for port 'select_reg' [D:/software/Xilinx/program/FPGA_EX15_2024304066/watch/watch.srcs/sources_1/new/top.v:51]
Completed static elaboration
Starting simulation data flow analysis
WARNING: [XSIM 43-4100] "D:/software/Xilinx/program/FPGA_EX15_2024304066/watch/watch.sim/sim_1/behav/xsim/glbl.v" Line 6. Module glbl has a timescale but at least one module in design doesn't have timescale.
Completed simulation data flow analysis
Time Resolution for simulation is 1ps
Compiling module xil_defaultlib.fsm
Compiling module xil_defaultlib.key
Compiling module xil_defaultlib.counter
Compiling module xil_defaultlib.display
Compiling module xil_defaultlib.top
Compiling module xil_defaultlib.tb_top
Compiling module xil_defaultlib.glbl
Built simulation snapshot tb_top_behav
