#
# A fatal error has been detected by the Java Runtime Environment:
#
#  EXCEPTION_ACCESS_VIOLATION (0xc0000005) at pc=0x00007ffe1065ed95, pid=4988, tid=13924
#
# JRE version: Java(TM) SE Runtime Environment (9.0+11) (build 9.0.4+11)
# Java VM: Java HotSpot(TM) 64-Bit Server VM (9.0.4+11, mixed mode, tiered, compressed oops, g1 gc, windows-amd64)
# Problematic frame:
# C  [librdi_common.dll+0x17ed95]
#
# No core dump will be written. Minidumps are not enabled by default on client versions of Windows
#
# If you would like to submit a bug report, please visit:
#   http://bugreport.java.com/bugreport/crash.jsp
# The crash happened outside the Java Virtual Machine in native code.
# See problematic frame for where to report the bug.
#

---------------  S U M M A R Y ------------

Command Line: -Dsun.java2d.pmoffscreen=false -Dsun.java2d.xrender=false -Dsun.java2d.d3d=false -Dsun.awt.nopixfmt=true -Dsun.java2d.dpiaware=true -Dsun.java2d.uiScale.enabled=false -Xverify:none -Dswing.aatext=true -XX:-UsePerfData -Djdk.map.althashing.threshold=512 -XX:StringTableSize=4072 --add-opens=java.base/java.nio=ALL-UNNAMED --add-opens=java.desktop/sun.swing=ALL-UNNAMED --add-opens=java.desktop/javax.swing=ALL-UNNAMED --add-opens=java.desktop/javax.swing.tree=ALL-UNNAMED --add-opens=java.desktop/javax.swing.plaf.basic=ALL-UNNAMED --add-opens=java.desktop/javax.swing.plaf.synth=ALL-UNNAMED --add-opens=java.desktop/com.sun.awt=ALL-UNNAMED -XX:NewSize=60m -XX:MaxNewSize=60m -Xms128m -Xmx3072m -Xss5m 

Host: AMD Ryzen 9 5900HX with Radeon Graphics        , 16 cores, 63G,  Windows 10 , 64 bit Build 19041 (10.0.19041.3636)
Time: Tue Dec 10 15:13:43 2024 ?D1¨²¡À¨º¡Á?¨º¡À?? elapsed time: 464 seconds (0d 0h 7m 44s)

---------------  T H R E A D  ---------------

Current thread (0x00000251a0ca8000):  JavaThread "AWT-EventQueue-1" [_thread_in_native, id=13924, stack(0x000000e1f6f00000,0x000000e1f7400000)]

Stack: [0x000000e1f6f00000,0x000000e1f7400000],  sp=0x000000e1f73faf50,  free space=5099k
Native frames: (J=compiled Java code, j=interpreted, Vv=VM code, C=native code)
C  [librdi_common.dll+0x17ed95]
C  [librdi_common.dll+0x173b75]
C  [librdi_common.dll+0x13cd4a]
C  [librdi_wavedata.dll+0x1e21df]
C  [librdi_wavedata.dll+0x2621ef]
C  [librdi_wavedata.dll+0x269f09]
C  [librdi_wavedata.dll+0x23a6cb]
C  [librdi_wavedata.dll+0x276e97]
C  0x0000025191ec9eba

Java frames: (J=compiled Java code, j=interpreted, Vv=VM code)
J 18058  ui.views.waveform.waveformi.WVExecutive_getTooltipTextDelayed(J)Ljava/lang/String; (0 bytes) @ 0x0000025191ec9e21 [0x0000025191ec9de0+0x0000000000000041]
J 18398 c1 ui.views.waveform.b.a.bJ(Ljava/awt/event/MouseEvent;)V (135 bytes) @ 0x000002518cbb6a24 [0x000002518cbb6380+0x00000000000006a4]
J 18197 c1 ui.views.waveform.b.a.mouseMoved(Ljava/awt/event/MouseEvent;)V (32 bytes) @ 0x000002518b7cf54c [0x000002518b7cf020+0x000000000000052c]
J 17071 c2 java.awt.AWTEventMulticaster.mouseMoved(Ljava/awt/event/MouseEvent;)V java.desktop@9.0.4 (27 bytes) @ 0x0000025192545074 [0x0000025192544fc0+0x00000000000000b4]
J 17071 c2 java.awt.AWTEventMulticaster.mouseMoved(Ljava/awt/event/MouseEvent;)V java.desktop@9.0.4 (27 bytes) @ 0x0000025192545034 [0x0000025192544fc0+0x0000000000000074]
J 19069 c2 javax.swing.JComponent.processMouseMotionEvent(Ljava/awt/event/MouseEvent;)V java.desktop@9.0.4 (46 bytes) @ 0x00000251926ef484 [0x00000251926ef3c0+0x00000000000000c4]
J 18191 c1 ui.frmwork.c.i.processMouseMotionEvent(Ljava/awt/event/MouseEvent;)V (131 bytes) @ 0x000002518b7c1fc4 [0x000002518b7c1100+0x0000000000000ec4]
J 18516 c2 java.awt.Container.processEvent(Ljava/awt/AWTEvent;)V java.desktop@9.0.4 (22 bytes) @ 0x0000025192617c24 [0x0000025192617aa0+0x0000000000000184]
J 21304 c2 java.awt.Component.dispatchEventImpl(Ljava/awt/AWTEvent;)V java.desktop@9.0.4 (739 bytes) @ 0x0000025192970cc4 [0x0000025192970320+0x00000000000009a4]
J 22607 c1 java.awt.Container.dispatchEventImpl(Ljava/awt/AWTEvent;)V java.desktop@9.0.4 (129 bytes) @ 0x000002518c7a530c [0x000002518c7a51e0+0x000000000000012c]
J 21274 c2 java.awt.LightweightDispatcher.retargetMouseEvent(Ljava/awt/Component;ILjava/awt/event/MouseEvent;)V java.desktop@9.0.4 (350 bytes) @ 0x0000025192965e54 [0x00000251929658a0+0x00000000000005b4]
J 18964 c2 java.awt.LightweightDispatcher.processMouseEvent(Ljava/awt/event/MouseEvent;)Z java.desktop@9.0.4 (265 bytes) @ 0x00000251926bbe14 [0x00000251926bb2c0+0x0000000000000b54]
J 12843 c1 java.awt.LightweightDispatcher.dispatchEvent(Ljava/awt/AWTEvent;)Z java.desktop@9.0.4 (73 bytes) @ 0x000002518c1b344c [0x000002518c1b3020+0x000000000000042c]
J 22607 c1 java.awt.Container.dispatchEventImpl(Ljava/awt/AWTEvent;)V java.desktop@9.0.4 (129 bytes) @ 0x000002518c7a52ac [0x000002518c7a51e0+0x00000000000000cc]
J 18909 c2 java.awt.Window.dispatchEventImpl(Ljava/awt/AWTEvent;)V java.desktop@9.0.4 (23 bytes) @ 0x0000025192693e8c [0x0000025192693e40+0x000000000000004c]
J 15475 c2 java.awt.EventQueue.dispatchEventImpl(Ljava/awt/AWTEvent;Ljava/lang/Object;)V java.desktop@9.0.4 (136 bytes) @ 0x000002519239fa28 [0x000002519239f460+0x00000000000005c8]
J 16060 c2 java.awt.EventQueue$3.run()Ljava/lang/Object; java.desktop@9.0.4 (5 bytes) @ 0x00000251916ec8ac [0x00000251916ec840+0x000000000000006c]
v  ~StubRoutines::call_stub
J 4222  java.security.AccessController.doPrivileged(Ljava/security/PrivilegedAction;Ljava/security/AccessControlContext;)Ljava/lang/Object; java.base@9.0.4 (0 bytes) @ 0x00000251918f54c6 [0x00000251918f5460+0x0000000000000066]
J 18521 c2 java.awt.EventQueue$4.run()Ljava/lang/Object; java.desktop@9.0.4 (5 bytes) @ 0x0000025192618ec0 [0x0000025192618c60+0x0000000000000260]
v  ~StubRoutines::call_stub
J 4222  java.security.AccessController.doPrivileged(Ljava/security/PrivilegedAction;Ljava/security/AccessControlContext;)Ljava/lang/Object; java.base@9.0.4 (0 bytes) @ 0x00000251918f54c6 [0x00000251918f5460+0x0000000000000066]
J 15113 c2 ui.frmwork.b.d.dispatchEvent(Ljava/awt/AWTEvent;)V (34 bytes) @ 0x000002519230da2c [0x000002519230d600+0x000000000000042c]
J 21326 c2 java.awt.EventDispatchThread.pumpOneEventForFilters(I)V java.desktop@9.0.4 (218 bytes) @ 0x0000025192984c44 [0x0000025192984900+0x0000000000000344]
J 21771% c1 java.awt.EventDispatchThread.pumpEventsForFilter(ILjava/awt/Conditional;Ljava/awt/EventFilter;)V java.desktop@9.0.4 (47 bytes) @ 0x000002518d2137e4 [0x000002518d2134a0+0x0000000000000344]
j  java.awt.EventDispatchThread.pumpEventsForHierarchy(ILjava/awt/Conditional;Ljava/awt/Component;)V+11 java.desktop@9.0.4
j  java.awt.EventDispatchThread.pumpEvents(ILjava/awt/Conditional;)V+4 java.desktop@9.0.4
j  java.awt.EventDispatchThread.pumpEvents(Ljava/awt/Conditional;)V+3 java.desktop@9.0.4
j  java.awt.EventDispatchThread.run()V+9 java.desktop@9.0.4
v  ~StubRoutines::call_stub

siginfo: EXCEPTION_ACCESS_VIOLATION (0xc0000005), reading address 0xffffffffffffffff


Register to memory mapping:

RIP=0x00007ffe1065ed95 librdi_common.dll
RAX=0x00000251f4e4e701 is an unknown value
RBX=0x8802f300ad558009 is an unknown value
RCX=0x00000251f4e4e780 is an unknown value
RDX=0x8802f300ad558009 is an unknown value
RSP=0x000000e1f73faf50 is pointing into the stack for thread: 0x00000251a0ca8000
RBP=0x000000e1f73fb080 is pointing into the stack for thread: 0x00000251a0ca8000
RSI=0x00000251b77f2100 is an unknown value
RDI=0x000000e1f73fb168 is pointing into the stack for thread: 0x00000251a0ca8000
R8 =0x000000e1f73fb168 is pointing into the stack for thread: 0x00000251a0ca8000
R9 =0x0000000000000000 is an unknown value
R10=0x00007ffeb5510000 VCRUNTIME140.dll
R11=0x6f5f78000000002f is an unknown value
R12=0x000000e1f73fb168 is pointing into the stack for thread: 0x00000251a0ca8000
R13=0x0000000000000000 is an unknown value
R14=0x00000251f2194140 is an unknown value
R15=0x8802f300ad558009 is an unknown value


Registers:
RAX=0x00000251f4e4e701, RBX=0x8802f300ad558009, RCX=0x00000251f4e4e780, RDX=0x8802f300ad558009
RSP=0x000000e1f73faf50, RBP=0x000000e1f73fb080, RSI=0x00000251b77f2100, RDI=0x000000e1f73fb168
R8 =0x000000e1f73fb168, R9 =0x0000000000000000, R10=0x00007ffeb5510000, R11=0x6f5f78000000002f
R12=0x000000e1f73fb168, R13=0x0000000000000000, R14=0x00000251f2194140, R15=0x8802f300ad558009
RIP=0x00007ffe1065ed95, EFLAGS=0x0000000000010202

Top of Stack: (sp=0x000000e1f73faf50)
0x000000e1f73faf50:   0000000000000018 00000251fb8f8cc0
0x000000e1f73faf60:   0000000000003664 8802f300ad558009
0x000000e1f73faf70:   8802f300ad558009 00007ffe10653b75
0x000000e1f73faf80:   0000000000000001 00007ffeb0222758
0x000000e1f73faf90:   fffffffffffffffe 0000000000000000
0x000000e1f73fafa0:   000083d468faef9b 00000251fb8f8c58
0x000000e1f73fafb0:   0000000000000002 00007ffe106bc825
0x000000e1f73fafc0:   00000251f99a38f0 00000251fb8f8c78
0x000000e1f73fafd0:   000000e1f73fb300 00007ffe1136dbc0
0x000000e1f73fafe0:   fffffffffffffffe 00007ffe10c78aad
0x000000e1f73faff0:   fffffffffffffffe 00007ffe1136dbc0
0x000000e1f73fb000:   00000251fb8f8c30 00000251f21aced8
0x000000e1f73fb010:   000000e1f73fb168 00007ffe106bbb16
0x000000e1f73fb020:   00000251fb8f8c30 000000e1f73fb168
0x000000e1f73fb030:   0000025100000002 0000000000000000
0x000000e1f73fb040:   fffffffffffffffe 000000000000000f 

Instructions: (pc=0x00007ffe1065ed95)
0x00007ffe1065ed75:   20 48 8b d9 e8 22 c4 04 00 48 8b c8 48 8b d3 e8
0x00007ffe1065ed85:   27 0d 05 00 84 c0 75 08 33 c0 48 83 c4 20 5b c3
0x00007ffe1065ed95:   48 8b 4b 50 48 85 c9 74 0a 48 83 c4 20 5b e9 68
0x00007ffe1065eda5:   e2 04 00 48 8b d3 48 8d 0d 66 ce 78 00 e8 59 b7 



---------------  P R O C E S S  ---------------

Java Threads: ( => current thread )
  0x00000251b8b93800 JavaThread "Relaunch Simulation Thread" [_thread_blocked, id=8796, stack(0x000000e1fa300000,0x000000e1fa800000)]
  0x00000251b8b94000 JavaThread "Image Fetcher 1" daemon [_thread_blocked, id=27708, stack(0x000000e1fd000000,0x000000e1fd500000)]
  0x00000251b8b95800 JavaThread "Image Fetcher 0" daemon [_thread_blocked, id=23356, stack(0x000000e1fcb00000,0x000000e1fd000000)]
  0x00000251fb695000 JavaThread "Thread-511" [_thread_in_native, id=23560, stack(0x000000e1f7e00000,0x000000e1f7f00000)]
  0x00000251a3627800 JavaThread "Thread-510" [_thread_in_native, id=27900, stack(0x000000e1ee200000,0x000000e1ee300000)]
  0x00000251a3624000 JavaThread "SyntheticaAnimation 50" daemon [_thread_blocked, id=27872, stack(0x000000e1fe400000,0x000000e1fe900000)]
  0x00000251a3620000 JavaThread "ForkJoinPool.commonPool-worker-25" daemon [_thread_blocked, id=11868, stack(0x000000e1fc600000,0x000000e1fcb00000)]
  0x00000251a361f800 JavaThread "Monitor File Timestamp Swing Worker Thread" [_thread_blocked, id=25012, stack(0x000000e1fda00000,0x000000e1fdf00000)]
  0x00000251a3626000 JavaThread "Timer-3" [_thread_blocked, id=25676, stack(0x000000e1fd500000,0x000000e1fda00000)]
  0x00000251a3623000 JavaThread "Monitor File Timestamp Swing Worker Thread" [_thread_blocked, id=26032, stack(0x000000e1fc100000,0x000000e1fc600000)]
  0x00000251a361a000 JavaThread "Timer-1" [_thread_blocked, id=23940, stack(0x000000e1fb700000,0x000000e1fbc00000)]
  0x00000251a361e800 JavaThread "Monitor File Timestamp Swing Worker Thread" [_thread_blocked, id=13584, stack(0x000000e1fb200000,0x000000e1fb700000)]
  0x00000251a361d000 JavaThread "Timer-0" [_thread_blocked, id=23492, stack(0x000000e1fad00000,0x000000e1fb200000)]
  0x00000251a361b800 JavaThread "SyntheticaAnimation 50" daemon [_thread_blocked, id=13624, stack(0x000000e1f9400000,0x000000e1f9900000)]
  0x00000251a361e000 JavaThread "Update Runs Swing Worker Thread" [_thread_blocked, id=2836, stack(0x000000e1fa800000,0x000000e1fad00000)]
  0x00000251fb697000 JavaThread "Image Animator 3" daemon [_thread_blocked, id=27540, stack(0x000000e1f9e00000,0x000000e1fa300000)]
  0x00000251fb696800 JavaThread "hw_ila_monitor" [_thread_blocked, id=26724, stack(0x000000e1f7400000,0x000000e1f7900000)]
  0x00000251fb695800 JavaThread "Refresh Filesets Swing Worker Thread" [_thread_blocked, id=23624, stack(0x000000e1f6000000,0x000000e1f6500000)]
  0x00000251fb694000 JavaThread "SyntheticaAnimation 70" daemon [_thread_blocked, id=2304, stack(0x000000e1f9900000,0x000000e1f9e00000)]
  0x00000251fb693800 JavaThread "SyntheticaAnimation 25" daemon [_thread_blocked, id=16304, stack(0x000000e1f8b00000,0x000000e1f9000000)]
  0x00000251fb690800 JavaThread "SyntheticaAnimation 50" daemon [_thread_blocked, id=12696, stack(0x000000e1f8600000,0x000000e1f8b00000)]
  0x00000251fb692800 JavaThread "Monitor HEventQueue Thread" [_thread_blocked, id=4204, stack(0x000000e1f8100000,0x000000e1f8600000)]
  0x00000251fb692000 JavaThread "SyntheticaCleanerThread" daemon [_thread_blocked, id=22424, stack(0x000000e1f7900000,0x000000e1f7e00000)]
  0x00000251a2762000 JavaThread "Batik CleanerThread" daemon [_thread_blocked, id=15956, stack(0x000000e1f6500000,0x000000e1f6a00000)]
=>0x00000251a0ca8000 JavaThread "AWT-EventQueue-1" [_thread_in_native, id=13924, stack(0x000000e1f6f00000,0x000000e1f7400000)]
  0x00000251a1045000 JavaThread "Process Messages Thread" [_thread_blocked, id=22040, stack(0x000000e1f6a00000,0x000000e1f6f00000)]
  0x00000251a0d10800 JavaThread "Thread-1" [_thread_in_native, id=27444, stack(0x000000e1ee500000,0x000000e1ef900000)]
  0x00000251a0d80800 JavaThread "TimerQueue" daemon [_thread_blocked, id=27524, stack(0x000000e1f5b00000,0x000000e1f6000000)]
  0x00000251fb814800 JavaThread "AWT-Windows" daemon [_thread_in_native, id=6292, stack(0x000000e1f5600000,0x000000e1f5b00000)]
  0x00000251fbe5b000 JavaThread "AWT-Shutdown" [_thread_blocked, id=3904, stack(0x000000e1f5100000,0x000000e1f5600000)]
  0x00000251fbe5a000 JavaThread "Java2D Disposer" daemon [_thread_blocked, id=2140, stack(0x000000e1f4c00000,0x000000e1f5100000)]
  0x00000251fb87f800 JavaThread "Service Thread" daemon [_thread_blocked, id=10144, stack(0x000000e1f4600000,0x000000e1f4b00000)]
  0x00000251fb6bd800 JavaThread "Common-Cleaner" daemon [_thread_blocked, id=27496, stack(0x000000e1f4100000,0x000000e1f4600000)]
  0x00000251fb691000 JavaThread "Sweeper thread" daemon [_thread_blocked, id=3372, stack(0x000000e1f3c00000,0x000000e1f4100000)]
  0x00000251fb38e000 JavaThread "C1 CompilerThread11" daemon [_thread_blocked, id=28408, stack(0x000000e1f3b00000,0x000000e1f3c00000)]
  0x00000251fb389000 JavaThread "C1 CompilerThread10" daemon [_thread_blocked, id=27436, stack(0x000000e1f3a00000,0x000000e1f3b00000)]
  0x00000251fb38d000 JavaThread "C1 CompilerThread9" daemon [_thread_blocked, id=304, stack(0x000000e1f3900000,0x000000e1f3a00000)]
  0x00000251ff071000 JavaThread "C1 CompilerThread8" daemon [_thread_blocked, id=19824, stack(0x000000e1f3800000,0x000000e1f3900000)]
  0x00000251ff070800 JavaThread "C2 CompilerThread7" daemon [_thread_blocked, id=5920, stack(0x000000e1f3700000,0x000000e1f3800000)]
  0x00000251ff077800 JavaThread "C2 CompilerThread6" daemon [_thread_blocked, id=2288, stack(0x000000e1f3600000,0x000000e1f3700000)]
  0x00000251ff076800 JavaThread "C2 CompilerThread5" daemon [_thread_blocked, id=24372, stack(0x000000e1f3500000,0x000000e1f3600000)]
  0x00000251ff076000 JavaThread "C2 CompilerThread4" daemon [_thread_blocked, id=19640, stack(0x000000e1f3400000,0x000000e1f3500000)]
  0x00000251ff075000 JavaThread "C2 CompilerThread3" daemon [_thread_blocked, id=15304, stack(0x000000e1f3300000,0x000000e1f3400000)]
  0x00000251fee40000 JavaThread "C2 CompilerThread2" daemon [_thread_blocked, id=10296, stack(0x000000e1f3200000,0x000000e1f3300000)]
  0x00000251fee3e000 JavaThread "C2 CompilerThread1" daemon [_thread_blocked, id=11856, stack(0x000000e1f3100000,0x000000e1f3200000)]
  0x00000251fee3b000 JavaThread "C2 CompilerThread0" daemon [_thread_blocked, id=648, stack(0x000000e1f3000000,0x000000e1f3100000)]
  0x00000251fee3a800 JavaThread "Attach Listener" daemon [_thread_blocked, id=28196, stack(0x000000e1f2b00000,0x000000e1f3000000)]
  0x00000251fee39800 JavaThread "Signal Dispatcher" daemon [_thread_blocked, id=1884, stack(0x000000e1f2600000,0x000000e1f2b00000)]
  0x00000251fee32000 JavaThread "Finalizer" daemon [_thread_blocked, id=23064, stack(0x000000e1f2100000,0x000000e1f2600000)]
  0x00000251fb7c8800 JavaThread "Reference Handler" daemon [_thread_blocked, id=13944, stack(0x000000e1f1c00000,0x000000e1f2100000)]
  0x0000025182bec800 JavaThread "main" [_thread_blocked, id=28620, stack(0x000000e1ee400000,0x000000e1ee500000)]

Other Threads:
  0x00000251fb7c5800 VMThread "VM Thread" [stack: 0x000000e1f1b00000,0x000000e1f1c00000] [id=20704]
  0x00000251f9cf2800 WatcherThread [stack: 0x000000e1f4b00000,0x000000e1f4c00000] [id=27812]
  0x0000025182b05800 GCTaskThread "GC Thread#0" [stack: 0x000000e1efc00000,0x000000e1efd00000] [id=21776]
  0x00000251f7569800 GCTaskThread "GC Thread#1" [stack: 0x000000e1efd00000,0x000000e1efe00000] [id=8800]
  0x00000251827c5800 GCTaskThread "GC Thread#2" [stack: 0x000000e1efe00000,0x000000e1eff00000] [id=8920]
  0x00000251fa90e800 GCTaskThread "GC Thread#3" [stack: 0x000000e1eff00000,0x000000e1f0000000] [id=7808]
  0x00000251fa90f000 GCTaskThread "GC Thread#4" [stack: 0x000000e1f0000000,0x000000e1f0100000] [id=21032]
  0x0000025182e6e000 GCTaskThread "GC Thread#5" [stack: 0x000000e1f0100000,0x000000e1f0200000] [id=27536]
  0x0000025182948000 GCTaskThread "GC Thread#6" [stack: 0x000000e1f0200000,0x000000e1f0300000] [id=27160]
  0x0000025182e4b800 GCTaskThread "GC Thread#7" [stack: 0x000000e1f0300000,0x000000e1f0400000] [id=3864]
  0x0000025182e4c000 GCTaskThread "GC Thread#8" [stack: 0x000000e1f0400000,0x000000e1f0500000] [id=12316]
  0x00000251ff55e800 GCTaskThread "GC Thread#9" [stack: 0x000000e1f0500000,0x000000e1f0600000] [id=25308]
  0x0000025182f74800 GCTaskThread "GC Thread#10" [stack: 0x000000e1f0600000,0x000000e1f0700000] [id=15224]
  0x00000251fed7c000 GCTaskThread "GC Thread#11" [stack: 0x000000e1f0700000,0x000000e1f0800000] [id=9856]
  0x00000251fed7b000 GCTaskThread "GC Thread#12" [stack: 0x000000e1f0800000,0x000000e1f0900000] [id=18968]
  0x00000251ff273800 ConcurrentGCThread "G1 Main Marker" [stack: 0x000000e1f1700000,0x000000e1f1800000] [id=19696]
  0x00000251fed7f000 ConcurrentGCThread "G1 Marker#0" [stack: 0x000000e1f1800000,0x000000e1f1900000] [id=1888]
  0x00000251fed7c800 ConcurrentGCThread "G1 Marker#1" [stack: 0x000000e1f1900000,0x000000e1f1a00000] [id=9248]
  0x00000251fed79800 ConcurrentGCThread "G1 Marker#2" [stack: 0x000000e1f1a00000,0x000000e1f1b00000] [id=19044]
  0x00000251fed96800 ConcurrentGCThread "G1 Refine#0" [stack: 0x000000e1f1500000,0x000000e1f1600000] [id=19976]
  0x00000251fed96000 ConcurrentGCThread "G1 Refine#1" [stack: 0x000000e1f1400000,0x000000e1f1500000] [id=10700]
  0x00000251fed95000 ConcurrentGCThread "G1 Refine#2" [stack: 0x000000e1f1300000,0x000000e1f1400000] [id=5308]
  0x00000251fed8c000 ConcurrentGCThread "G1 Refine#3" [stack: 0x000000e1f1200000,0x000000e1f1300000] [id=19024]
  0x00000251fed8b000 ConcurrentGCThread "G1 Refine#4" [stack: 0x000000e1f1100000,0x000000e1f1200000] [id=17820]
  0x00000251fed86000 ConcurrentGCThread "G1 Refine#5" [stack: 0x000000e1f1000000,0x000000e1f1100000] [id=24228]
  0x0000025182ed4800 ConcurrentGCThread "G1 Refine#6" [stack: 0x000000e1f0f00000,0x000000e1f1000000] [id=28576]
  0x0000025182ed3800 ConcurrentGCThread "G1 Refine#7" [stack: 0x000000e1f0e00000,0x000000e1f0f00000] [id=17016]
  0x00000251fb048800 ConcurrentGCThread "G1 Refine#8" [stack: 0x000000e1f0d00000,0x000000e1f0e00000] [id=22980]
  0x00000251fb047800 ConcurrentGCThread "G1 Refine#9" [stack: 0x000000e1f0c00000,0x000000e1f0d00000] [id=4388]
  0x00000251827d0800 ConcurrentGCThread "G1 Refine#10" [stack: 0x000000e1f0b00000,0x000000e1f0c00000] [id=27224]
  0x00000251827d0000 ConcurrentGCThread "G1 Refine#11" [stack: 0x000000e1f0a00000,0x000000e1f0b00000] [id=1192]
  0x0000025182e18800 ConcurrentGCThread "G1 Refine#12" [stack: 0x000000e1f0900000,0x000000e1f0a00000] [id=28376]
  0x00000251fed97800 ConcurrentGCThread "G1 Young RemSet Sampling" [stack: 0x000000e1f1600000,0x000000e1f1700000] [id=9052]

Threads with active compile tasks:

VM state:not at safepoint (normal execution)

VM Mutex/Monitor currently owned by a thread: None

Heap address: 0x0000000700000000, size: 3072 MB, Compressed Oops mode: Zero based, Oop shift amount: 3
Narrow klass base: 0x0000000000000000, Narrow klass shift: 3
Compressed class space size: 1073741824 Address: 0x00000007c0000000

Heap:
 garbage-first heap   total 189440K, used 85656K [0x0000000700000000, 0x00000007001005c8, 0x00000007c0000000)
  region size 1024K, 6 young (6144K), 1 survivors (1024K)
 Metaspace       used 85470K, capacity 92101K, committed 92416K, reserved 1128448K
  class space    used 11533K, capacity 12709K, committed 12800K, reserved 1048576K
Heap Regions: E=young(eden), S=young(survivor), O=old, HS=humongous(starts), HC=humongous(continues), CS=collection set, F=free, A=archive, TS=gc time stamp, AC=allocation context, TAMS=top-at-mark-start (previous, next)
|   0|0x0000000700000000, 0x00000007000fd928, 0x0000000700100000| 99%| O|  |TS  0|AC  0|TAMS 0x0000000700000000, 0x0000000700000000|
|   1|0x0000000700100000, 0x00000007001fece8, 0x0000000700200000| 99%| O|  |TS  0|AC  0|TAMS 0x0000000700100000, 0x0000000700100000|
|   2|0x0000000700200000, 0x00000007002fec08, 0x0000000700300000| 99%| O|  |TS  0|AC  0|TAMS 0x0000000700200000, 0x0000000700200000|
|   3|0x0000000700300000, 0x00000007003e7380, 0x0000000700400000| 90%| O|  |TS  0|AC  0|TAMS 0x0000000700300000, 0x0000000700300000|
|   4|0x0000000700400000, 0x0000000700500000, 0x0000000700500000|100%|HS|  |TS  0|AC  0|TAMS 0x0000000700400000, 0x0000000700400000|
|   5|0x0000000700500000, 0x0000000700600000, 0x0000000700600000|100%|HC|  |TS  0|AC  0|TAMS 0x0000000700500000, 0x0000000700500000|
|   6|0x0000000700600000, 0x0000000700700000, 0x0000000700700000|100%|HS|  |TS  0|AC  0|TAMS 0x0000000700600000, 0x0000000700600000|
|   7|0x0000000700700000, 0x00000007007ff2e8, 0x0000000700800000| 99%| O|  |TS  0|AC  0|TAMS 0x0000000700700000, 0x0000000700700000|
|   8|0x0000000700800000, 0x00000007008fffe8, 0x0000000700900000| 99%| O|  |TS  0|AC  0|TAMS 0x0000000700800000, 0x0000000700800000|
|   9|0x0000000700900000, 0x00000007009fff98, 0x0000000700a00000| 99%| O|  |TS  0|AC  0|TAMS 0x0000000700900000, 0x0000000700900000|
|  10|0x0000000700a00000, 0x0000000700afffb8, 0x0000000700b00000| 99%| O|  |TS  0|AC  0|TAMS 0x0000000700a00000, 0x0000000700a00000|
|  11|0x0000000700b00000, 0x0000000700bfffd0, 0x0000000700c00000| 99%| O|  |TS  0|AC  0|TAMS 0x0000000700b00000, 0x0000000700b00000|
|  12|0x0000000700c00000, 0x0000000700cffff8, 0x0000000700d00000| 99%| O|  |TS  0|AC  0|TAMS 0x0000000700c00000, 0x0000000700c00000|
|  13|0x0000000700d00000, 0x0000000700dffff0, 0x0000000700e00000| 99%| O|  |TS  0|AC  0|TAMS 0x0000000700d00000, 0x0000000700d00000|
|  14|0x0000000700e00000, 0x0000000700efbd10, 0x0000000700f00000| 98%| O|  |TS  0|AC  0|TAMS 0x0000000700e00000, 0x0000000700e00000|
|  15|0x0000000700f00000, 0x0000000700ffe280, 0x0000000701000000| 99%| O|  |TS  0|AC  0|TAMS 0x0000000700f00000, 0x0000000700f00000|
|  16|0x0000000701000000, 0x00000007010fda98, 0x0000000701100000| 99%| O|  |TS  0|AC  0|TAMS 0x0000000701000000, 0x0000000701000000|
|  17|0x0000000701100000, 0x00000007011ffff8, 0x0000000701200000| 99%| O|  |TS  0|AC  0|TAMS 0x0000000701100000, 0x0000000701100000|
|  18|0x0000000701200000, 0x0000000701300000, 0x0000000701300000|100%| O|  |TS  0|AC  0|TAMS 0x0000000701200000, 0x0000000701200000|
|  19|0x0000000701300000, 0x00000007013fffe8, 0x0000000701400000| 99%| O|  |TS  0|AC  0|TAMS 0x0000000701300000, 0x0000000701300000|
|  20|0x0000000701400000, 0x00000007014ffff8, 0x0000000701500000| 99%| O|  |TS  0|AC  0|TAMS 0x0000000701400000, 0x0000000701400000|
|  21|0x0000000701500000, 0x00000007015fffe0, 0x0000000701600000| 99%| O|  |TS  0|AC  0|TAMS 0x0000000701500000, 0x0000000701500000|
|  22|0x0000000701600000, 0x00000007016ffff8, 0x0000000701700000| 99%| O|  |TS  0|AC  0|TAMS 0x0000000701600000, 0x0000000701600000|
|  23|0x0000000701700000, 0x00000007017fffe8, 0x0000000701800000| 99%| O|  |TS  0|AC  0|TAMS 0x0000000701700000, 0x0000000701700000|
|  24|0x0000000701800000, 0x0000000701900000, 0x0000000701900000|100%|HS|  |TS  0|AC  0|TAMS 0x0000000701800000, 0x0000000701800000|
|  25|0x0000000701900000, 0x0000000701a00000, 0x0000000701a00000|100%|HC|  |TS  0|AC  0|TAMS 0x0000000701900000, 0x0000000701900000|
|  26|0x0000000701a00000, 0x0000000701b00000, 0x0000000701b00000|100%| O|  |TS  0|AC  0|TAMS 0x0000000701a00000, 0x0000000701a00000|
|  27|0x0000000701b00000, 0x0000000701bffff0, 0x0000000701c00000| 99%| O|  |TS  0|AC  0|TAMS 0x0000000701b00000, 0x0000000701b00000|
|  28|0x0000000701c00000, 0x0000000701d00000, 0x0000000701d00000|100%| O|  |TS  0|AC  0|TAMS 0x0000000701c00000, 0x0000000701c00000|
|  29|0x0000000701d00000, 0x0000000701dfffe0, 0x0000000701e00000| 99%| O|  |TS  0|AC  0|TAMS 0x0000000701d00000, 0x0000000701d00000|
|  30|0x0000000701e00000, 0x0000000701effff0, 0x0000000701f00000| 99%| O|  |TS  0|AC  0|TAMS 0x0000000701e00000, 0x0000000701e00000|
|  31|0x0000000701f00000, 0x0000000701fffef0, 0x0000000702000000| 99%| O|  |TS  0|AC  0|TAMS 0x0000000701f00000, 0x0000000701f00000|
|  32|0x0000000702000000, 0x00000007020ffff0, 0x0000000702100000| 99%| O|  |TS  0|AC  0|TAMS 0x0000000702000000, 0x0000000702000000|
|  33|0x0000000702100000, 0x00000007021ffff0, 0x0000000702200000| 99%| O|  |TS  0|AC  0|TAMS 0x0000000702100000, 0x0000000702100000|
|  34|0x0000000702200000, 0x00000007022fffe8, 0x0000000702300000| 99%| O|  |TS  0|AC  0|TAMS 0x0000000702200000, 0x0000000702200000|
|  35|0x0000000702300000, 0x00000007023ffff0, 0x0000000702400000| 99%| O|  |TS  0|AC  0|TAMS 0x0000000702300000, 0x0000000702300000|
|  36|0x0000000702400000, 0x00000007024fffe0, 0x0000000702500000| 99%| O|  |TS  0|AC  0|TAMS 0x0000000702400000, 0x0000000702400000|
|  37|0x0000000702500000, 0x0000000702600000, 0x0000000702600000|100%| O|  |TS  0|AC  0|TAMS 0x0000000702500000, 0x0000000702500000|
|  38|0x0000000702600000, 0x00000007026ffff8, 0x0000000702700000| 99%| O|  |TS  0|AC  0|TAMS 0x0000000702600000, 0x0000000702600000|
|  39|0x0000000702700000, 0x00000007027fdf18, 0x0000000702800000| 99%| O|  |TS  0|AC  0|TAMS 0x0000000702700000, 0x0000000702700000|
|  40|0x0000000702800000, 0x00000007028ffff8, 0x0000000702900000| 99%| O|  |TS  0|AC  0|TAMS 0x0000000702800000, 0x0000000702800000|
|  41|0x0000000702900000, 0x00000007029ffff8, 0x0000000702a00000| 99%| O|  |TS  0|AC  0|TAMS 0x0000000702900000, 0x0000000702900000|
|  42|0x0000000702a00000, 0x0000000702afffe0, 0x0000000702b00000| 99%| O|  |TS  0|AC  0|TAMS 0x0000000702a00000, 0x0000000702a00000|
|  43|0x0000000702b00000, 0x0000000702bfffe8, 0x0000000702c00000| 99%| O|  |TS  0|AC  0|TAMS 0x0000000702b00000, 0x0000000702b00000|
|  44|0x0000000702c00000, 0x0000000702d00000, 0x0000000702d00000|100%| O|  |TS  0|AC  0|TAMS 0x0000000702c00000, 0x0000000702c00000|
|  45|0x0000000702d00000, 0x0000000702dffcb0, 0x0000000702e00000| 99%| O|  |TS  0|AC  0|TAMS 0x0000000702d00000, 0x0000000702d00000|
|  46|0x0000000702e00000, 0x0000000702efffe8, 0x0000000702f00000| 99%| O|  |TS  0|AC  0|TAMS 0x0000000702e00000, 0x0000000702e00000|
|  47|0x0000000702f00000, 0x0000000702fffe00, 0x0000000703000000| 99%| O|  |TS  0|AC  0|TAMS 0x0000000702f00000, 0x0000000702f00000|
|  48|0x0000000703000000, 0x00000007030ff3c8, 0x0000000703100000| 99%| O|  |TS  0|AC  0|TAMS 0x0000000703000000, 0x0000000703000000|
|  49|0x0000000703100000, 0x00000007031fffc8, 0x0000000703200000| 99%| O|  |TS  0|AC  0|TAMS 0x0000000703100000, 0x0000000703100000|
|  50|0x0000000703200000, 0x00000007032ffff8, 0x0000000703300000| 99%| O|  |TS  0|AC  0|TAMS 0x0000000703200000, 0x0000000703200000|
|  51|0x0000000703300000, 0x00000007033fffc0, 0x0000000703400000| 99%| O|  |TS  0|AC  0|TAMS 0x0000000703300000, 0x0000000703300000|
|  52|0x0000000703400000, 0x00000007034fffc8, 0x0000000703500000| 99%| O|  |TS  0|AC  0|TAMS 0x0000000703400000, 0x0000000703400000|
|  53|0x0000000703500000, 0x00000007035fffd0, 0x0000000703600000| 99%| O|  |TS  0|AC  0|TAMS 0x0000000703500000, 0x0000000703500000|
|  54|0x0000000703600000, 0x00000007036ffe38, 0x0000000703700000| 99%| O|  |TS  0|AC  0|TAMS 0x0000000703600000, 0x0000000703600000|
|  55|0x0000000703700000, 0x00000007037fffe8, 0x0000000703800000| 99%| O|  |TS  0|AC  0|TAMS 0x0000000703700000, 0x0000000703700000|
|  56|0x0000000703800000, 0x00000007038fffe0, 0x0000000703900000| 99%| O|  |TS  0|AC  0|TAMS 0x0000000703800000, 0x0000000703800000|
|  57|0x0000000703900000, 0x00000007039fffd8, 0x0000000703a00000| 99%| O|  |TS  0|AC  0|TAMS 0x0000000703900000, 0x0000000703900000|
|  58|0x0000000703a00000, 0x0000000703afff88, 0x0000000703b00000| 99%| O|  |TS  0|AC  0|TAMS 0x0000000703a00000, 0x0000000703a00000|
|  59|0x0000000703b00000, 0x0000000703c00000, 0x0000000703c00000|100%|HS|  |TS  0|AC  0|TAMS 0x0000000703b00000, 0x0000000703b00000|
|  60|0x0000000703c00000, 0x0000000703d00000, 0x0000000703d00000|100%| O|  |TS  0|AC  0|TAMS 0x0000000703c00000, 0x0000000703c00000|
|  61|0x0000000703d00000, 0x0000000703e00000, 0x0000000703e00000|100%|HS|  |TS  0|AC  0|TAMS 0x0000000703d00000, 0x0000000703d00000|
|  62|0x0000000703e00000, 0x0000000703effff8, 0x0000000703f00000| 99%| O|  |TS  0|AC  0|TAMS 0x0000000703e00000, 0x0000000703e00000|
|  63|0x0000000703f00000, 0x0000000703fffff0, 0x0000000704000000| 99%| O|  |TS  0|AC  0|TAMS 0x0000000703f00000, 0x0000000703f00000|
|  64|0x0000000704000000, 0x00000007040ffff0, 0x0000000704100000| 99%| O|  |TS  0|AC  0|TAMS 0x0000000704000000, 0x0000000704000000|
|  65|0x0000000704100000, 0x00000007041fffe8, 0x0000000704200000| 99%| O|  |TS  0|AC  0|TAMS 0x0000000704100000, 0x0000000704100000|
|  66|0x0000000704200000, 0x00000007042ffec0, 0x0000000704300000| 99%| O|  |TS  0|AC  0|TAMS 0x0000000704200000, 0x0000000704200000|
|  67|0x0000000704300000, 0x00000007043ffff8, 0x0000000704400000| 99%| O|  |TS  0|AC  0|TAMS 0x0000000704300000, 0x0000000704300000|
|  68|0x0000000704400000, 0x0000000704451b70, 0x0000000704500000| 31%| O|  |TS  0|AC  0|TAMS 0x0000000704400000, 0x0000000704400000|
|  69|0x0000000704500000, 0x0000000704500000, 0x0000000704600000|  0%| F|  |TS  0|AC  0|TAMS 0x0000000704500000, 0x0000000704500000|
|  70|0x0000000704600000, 0x0000000704700000, 0x0000000704700000|100%|HS|  |TS  0|AC  0|TAMS 0x0000000704600000, 0x0000000704600000|
|  71|0x0000000704700000, 0x0000000704800000, 0x0000000704800000|100%|HS|  |TS  0|AC  0|TAMS 0x0000000704700000, 0x0000000704700000|
|  72|0x0000000704800000, 0x0000000704900000, 0x0000000704900000|100%|HC|  |TS  0|AC  0|TAMS 0x0000000704800000, 0x0000000704800000|
|  73|0x0000000704900000, 0x0000000704900000, 0x0000000704a00000|  0%| F|  |TS  0|AC  0|TAMS 0x0000000704900000, 0x0000000704900000|
|  74|0x0000000704a00000, 0x0000000704a00000, 0x0000000704b00000|  0%| F|  |TS  0|AC  0|TAMS 0x0000000704a00000, 0x0000000704a00000|
|  75|0x0000000704b00000, 0x0000000704b00000, 0x0000000704c00000|  0%| F|  |TS  0|AC  0|TAMS 0x0000000704b00000, 0x0000000704b00000|
|  76|0x0000000704c00000, 0x0000000704c00000, 0x0000000704d00000|  0%| F|  |TS  0|AC  0|TAMS 0x0000000704c00000, 0x0000000704c00000|
|  77|0x0000000704d00000, 0x0000000704d00000, 0x0000000704e00000|  0%| F|  |TS  0|AC  0|TAMS 0x0000000704d00000, 0x0000000704d00000|
|  78|0x0000000704e00000, 0x0000000704e00000, 0x0000000704f00000|  0%| F|  |TS  0|AC  0|TAMS 0x0000000704e00000, 0x0000000704e00000|
|  79|0x0000000704f00000, 0x0000000704f00000, 0x0000000705000000|  0%| F|  |TS  0|AC  0|TAMS 0x0000000704f00000, 0x0000000704f00000|
|  80|0x0000000705000000, 0x0000000705000000, 0x0000000705100000|  0%| F|  |TS  0|AC  0|TAMS 0x0000000705000000, 0x0000000705000000|
|  81|0x0000000705100000, 0x0000000705100000, 0x0000000705200000|  0%| F|  |TS  0|AC  0|TAMS 0x0000000705100000, 0x0000000705100000|
|  82|0x0000000705200000, 0x0000000705200000, 0x0000000705300000|  0%| F|  |TS  0|AC  0|TAMS 0x0000000705200000, 0x0000000705200000|
|  83|0x0000000705300000, 0x0000000705300000, 0x0000000705400000|  0%| F|  |TS  0|AC  0|TAMS 0x0000000705300000, 0x0000000705300000|
|  84|0x0000000705400000, 0x0000000705500000, 0x0000000705500000|100%|HS|  |TS  0|AC  0|TAMS 0x0000000705400000, 0x0000000705400000|
|  85|0x0000000705500000, 0x0000000705600000, 0x0000000705600000|100%|HC|  |TS  0|AC  0|TAMS 0x0000000705500000, 0x0000000705500000|
|  86|0x0000000705600000, 0x0000000705700000, 0x0000000705700000|100%|HC|  |TS  0|AC  0|TAMS 0x0000000705600000, 0x0000000705600000|
|  87|0x0000000705700000, 0x0000000705800000, 0x0000000705800000|100%|HC|  |TS  0|AC  0|TAMS 0x0000000705700000, 0x0000000705700000|
|  88|0x0000000705800000, 0x0000000705900000, 0x0000000705900000|100%|HC|  |TS  0|AC  0|TAMS 0x0000000705800000, 0x0000000705800000|
|  89|0x0000000705900000, 0x0000000705a00000, 0x0000000705a00000|100%|HC|  |TS  0|AC  0|TAMS 0x0000000705900000, 0x0000000705900000|
|  90|0x0000000705a00000, 0x0000000705b00000, 0x0000000705b00000|100%|HC|  |TS  0|AC  0|TAMS 0x0000000705a00000, 0x0000000705a00000|
|  91|0x0000000705b00000, 0x0000000705c00000, 0x0000000705c00000|100%|HC|  |TS  0|AC  0|TAMS 0x0000000705b00000, 0x0000000705b00000|
|  92|0x0000000705c00000, 0x0000000705c00000, 0x0000000705d00000|  0%| F|  |TS  0|AC  0|TAMS 0x0000000705c00000, 0x0000000705c00000|
|  93|0x0000000705d00000, 0x0000000705d00000, 0x0000000705e00000|  0%| F|  |TS  0|AC  0|TAMS 0x0000000705d00000, 0x0000000705d00000|
|  94|0x0000000705e00000, 0x0000000705e00000, 0x0000000705f00000|  0%| F|  |TS  0|AC  0|TAMS 0x0000000705e00000, 0x0000000705e00000|
|  95|0x0000000705f00000, 0x0000000705f00000, 0x0000000706000000|  0%| F|  |TS  0|AC  0|TAMS 0x0000000705f00000, 0x0000000705f00000|
|  96|0x0000000706000000, 0x0000000706000000, 0x0000000706100000|  0%| F|  |TS  0|AC  0|TAMS 0x0000000706000000, 0x0000000706000000|
|  97|0x0000000706100000, 0x0000000706100000, 0x0000000706200000|  0%| F|  |TS  0|AC  0|TAMS 0x0000000706100000, 0x0000000706100000|
|  98|0x0000000706200000, 0x0000000706200000, 0x0000000706300000|  0%| F|  |TS  0|AC  0|TAMS 0x0000000706200000, 0x0000000706200000|
|  99|0x0000000706300000, 0x0000000706300000, 0x0000000706400000|  0%| F|  |TS  0|AC  0|TAMS 0x0000000706300000, 0x0000000706300000|
| 100|0x0000000706400000, 0x0000000706400000, 0x0000000706500000|  0%| F|  |TS  0|AC  0|TAMS 0x0000000706400000, 0x0000000706400000|
| 101|0x0000000706500000, 0x0000000706500000, 0x0000000706600000|  0%| F|  |TS  0|AC  0|TAMS 0x0000000706500000, 0x0000000706500000|
| 102|0x0000000706600000, 0x0000000706600000, 0x0000000706700000|  0%| F|  |TS  0|AC  0|TAMS 0x0000000706600000, 0x0000000706600000|
| 103|0x0000000706700000, 0x0000000706700000, 0x0000000706800000|  0%| F|  |TS  0|AC  0|TAMS 0x0000000706700000, 0x0000000706700000|
| 104|0x0000000706800000, 0x0000000706800000, 0x0000000706900000|  0%| F|  |TS  0|AC  0|TAMS 0x0000000706800000, 0x0000000706800000|
| 105|0x0000000706900000, 0x0000000706900000, 0x0000000706a00000|  0%| F|  |TS  0|AC  0|TAMS 0x0000000706900000, 0x0000000706900000|
| 106|0x0000000706a00000, 0x0000000706a00000, 0x0000000706b00000|  0%| F|  |TS  0|AC  0|TAMS 0x0000000706a00000, 0x0000000706a00000|
| 107|0x0000000706b00000, 0x0000000706b00000, 0x0000000706c00000|  0%| F|  |TS  0|AC  0|TAMS 0x0000000706b00000, 0x0000000706b00000|
| 108|0x0000000706c00000, 0x0000000706c00000, 0x0000000706d00000|  0%| F|  |TS  0|AC  0|TAMS 0x0000000706c00000, 0x0000000706c00000|
| 109|0x0000000706d00000, 0x0000000706d00000, 0x0000000706e00000|  0%| F|  |TS  0|AC  0|TAMS 0x0000000706d00000, 0x0000000706d00000|
| 110|0x0000000706e00000, 0x0000000706e00000, 0x0000000706f00000|  0%| F|  |TS  0|AC  0|TAMS 0x0000000706e00000, 0x0000000706e00000|
| 111|0x0000000706f00000, 0x0000000706f00000, 0x0000000707000000|  0%| F|  |TS  0|AC  0|TAMS 0x0000000706f00000, 0x0000000706f00000|
| 112|0x0000000707000000, 0x0000000707000000, 0x0000000707100000|  0%| F|  |TS  0|AC  0|TAMS 0x0000000707000000, 0x0000000707000000|
| 113|0x0000000707100000, 0x0000000707100000, 0x0000000707200000|  0%| F|  |TS  0|AC  0|TAMS 0x0000000707100000, 0x0000000707100000|
| 114|0x0000000707200000, 0x0000000707200000, 0x0000000707300000|  0%| F|  |TS  0|AC  0|TAMS 0x0000000707200000, 0x0000000707200000|
| 115|0x0000000707300000, 0x0000000707300000, 0x0000000707400000|  0%| F|  |TS  0|AC  0|TAMS 0x0000000707300000, 0x0000000707300000|
| 116|0x0000000707400000, 0x0000000707400000, 0x0000000707500000|  0%| F|  |TS  0|AC  0|TAMS 0x0000000707400000, 0x0000000707400000|
| 117|0x0000000707500000, 0x0000000707500000, 0x0000000707600000|  0%| F|  |TS  0|AC  0|TAMS 0x0000000707500000, 0x0000000707500000|
| 118|0x0000000707600000, 0x0000000707600000, 0x0000000707700000|  0%| F|  |TS  0|AC  0|TAMS 0x0000000707600000, 0x0000000707600000|
| 119|0x0000000707700000, 0x0000000707700000, 0x0000000707800000|  0%| F|  |TS  0|AC  0|TAMS 0x0000000707700000, 0x0000000707700000|
| 120|0x0000000707800000, 0x0000000707800000, 0x0000000707900000|  0%| F|  |TS  0|AC  0|TAMS 0x0000000707800000, 0x0000000707800000|
| 121|0x0000000707900000, 0x0000000707900000, 0x0000000707a00000|  0%| F|  |TS  0|AC  0|TAMS 0x0000000707900000, 0x0000000707900000|
| 122|0x0000000707a00000, 0x0000000707a00000, 0x0000000707b00000|  0%| F|  |TS  0|AC  0|TAMS 0x0000000707a00000, 0x0000000707a00000|
| 123|0x0000000707b00000, 0x0000000707b00000, 0x0000000707c00000|  0%| F|  |TS  0|AC  0|TAMS 0x0000000707b00000, 0x0000000707b00000|
| 124|0x0000000707c00000, 0x0000000707c7ef38, 0x0000000707d00000| 49%| S|CS|TS  1|AC  0|TAMS 0x0000000707c00000, 0x0000000707c00000|
| 125|0x0000000707d00000, 0x0000000707d00000, 0x0000000707e00000|  0%| F|  |TS  1|AC  0|TAMS 0x0000000707d00000, 0x0000000707d00000|
| 126|0x0000000707e00000, 0x0000000707e00000, 0x0000000707f00000|  0%| F|  |TS  1|AC  0|TAMS 0x0000000707e00000, 0x0000000707e00000|
| 127|0x0000000707f00000, 0x0000000707f00000, 0x0000000708000000|  0%| F|  |TS  1|AC  0|TAMS 0x0000000707f00000, 0x0000000707f00000|
| 128|0x0000000708000000, 0x0000000708000000, 0x0000000708100000|  0%| F|  |TS  1|AC  0|TAMS 0x0000000708000000, 0x0000000708000000|
| 129|0x0000000708100000, 0x0000000708100000, 0x0000000708200000|  0%| F|  |TS  1|AC  0|TAMS 0x0000000708100000, 0x0000000708100000|
| 130|0x0000000708200000, 0x0000000708200000, 0x0000000708300000|  0%| F|  |TS  1|AC  0|TAMS 0x0000000708200000, 0x0000000708200000|
| 131|0x0000000708300000, 0x0000000708300000, 0x0000000708400000|  0%| F|  |TS  1|AC  0|TAMS 0x0000000708300000, 0x0000000708300000|
| 132|0x0000000708400000, 0x0000000708400000, 0x0000000708500000|  0%| F|  |TS  1|AC  0|TAMS 0x0000000708400000, 0x0000000708400000|
| 133|0x0000000708500000, 0x0000000708500000, 0x0000000708600000|  0%| F|  |TS  1|AC  0|TAMS 0x0000000708500000, 0x0000000708500000|
| 134|0x0000000708600000, 0x0000000708600000, 0x0000000708700000|  0%| F|  |TS  1|AC  0|TAMS 0x0000000708600000, 0x0000000708600000|
| 135|0x0000000708700000, 0x0000000708700000, 0x0000000708800000|  0%| F|  |TS  1|AC  0|TAMS 0x0000000708700000, 0x0000000708700000|
| 136|0x0000000708800000, 0x0000000708800000, 0x0000000708900000|  0%| F|  |TS  1|AC  0|TAMS 0x0000000708800000, 0x0000000708800000|
| 137|0x0000000708900000, 0x0000000708900000, 0x0000000708a00000|  0%| F|  |TS  1|AC  0|TAMS 0x0000000708900000, 0x0000000708900000|
| 138|0x0000000708a00000, 0x0000000708a00000, 0x0000000708b00000|  0%| F|  |TS  1|AC  0|TAMS 0x0000000708a00000, 0x0000000708a00000|
| 139|0x0000000708b00000, 0x0000000708b00000, 0x0000000708c00000|  0%| F|  |TS  1|AC  0|TAMS 0x0000000708b00000, 0x0000000708b00000|
| 140|0x0000000708c00000, 0x0000000708c00000, 0x0000000708d00000|  0%| F|  |TS  1|AC  0|TAMS 0x0000000708c00000, 0x0000000708c00000|
| 141|0x0000000708d00000, 0x0000000708d00000, 0x0000000708e00000|  0%| F|  |TS  1|AC  0|TAMS 0x0000000708d00000, 0x0000000708d00000|
| 142|0x0000000708e00000, 0x0000000708e00000, 0x0000000708f00000|  0%| F|  |TS  1|AC  0|TAMS 0x0000000708e00000, 0x0000000708e00000|
| 143|0x0000000708f00000, 0x0000000708f00000, 0x0000000709000000|  0%| F|  |TS  1|AC  0|TAMS 0x0000000708f00000, 0x0000000708f00000|
| 144|0x0000000709000000, 0x0000000709000000, 0x0000000709100000|  0%| F|  |TS  1|AC  0|TAMS 0x0000000709000000, 0x0000000709000000|
| 145|0x0000000709100000, 0x0000000709100000, 0x0000000709200000|  0%| F|  |TS  1|AC  0|TAMS 0x0000000709100000, 0x0000000709100000|
| 146|0x0000000709200000, 0x0000000709200000, 0x0000000709300000|  0%| F|  |TS  1|AC  0|TAMS 0x0000000709200000, 0x0000000709200000|
| 147|0x0000000709300000, 0x0000000709300000, 0x0000000709400000|  0%| F|  |TS  1|AC  0|TAMS 0x0000000709300000, 0x0000000709300000|
| 148|0x0000000709400000, 0x0000000709400000, 0x0000000709500000|  0%| F|  |TS  1|AC  0|TAMS 0x0000000709400000, 0x0000000709400000|
| 149|0x0000000709500000, 0x0000000709500000, 0x0000000709600000|  0%| F|  |TS  1|AC  0|TAMS 0x0000000709500000, 0x0000000709500000|
| 150|0x0000000709600000, 0x0000000709600000, 0x0000000709700000|  0%| F|  |TS  1|AC  0|TAMS 0x0000000709600000, 0x0000000709600000|
| 151|0x0000000709700000, 0x0000000709700000, 0x0000000709800000|  0%| F|  |TS  1|AC  0|TAMS 0x0000000709700000, 0x0000000709700000|
| 152|0x0000000709800000, 0x0000000709800000, 0x0000000709900000|  0%| F|  |TS  1|AC  0|TAMS 0x0000000709800000, 0x0000000709800000|
| 153|0x0000000709900000, 0x0000000709900000, 0x0000000709a00000|  0%| F|  |TS  1|AC  0|TAMS 0x0000000709900000, 0x0000000709900000|
| 154|0x0000000709a00000, 0x0000000709a00000, 0x0000000709b00000|  0%| F|  |TS  1|AC  0|TAMS 0x0000000709a00000, 0x0000000709a00000|
| 155|0x0000000709b00000, 0x0000000709b00000, 0x0000000709c00000|  0%| F|  |TS  1|AC  0|TAMS 0x0000000709b00000, 0x0000000709b00000|
| 156|0x0000000709c00000, 0x0000000709c00000, 0x0000000709d00000|  0%| F|  |TS  1|AC  0|TAMS 0x0000000709c00000, 0x0000000709c00000|
| 157|0x0000000709d00000, 0x0000000709d00000, 0x0000000709e00000|  0%| F|  |TS  1|AC  0|TAMS 0x0000000709d00000, 0x0000000709d00000|
| 158|0x0000000709e00000, 0x0000000709e00000, 0x0000000709f00000|  0%| F|  |TS  1|AC  0|TAMS 0x0000000709e00000, 0x0000000709e00000|
| 159|0x0000000709f00000, 0x0000000709f00000, 0x000000070a000000|  0%| F|  |TS  1|AC  0|TAMS 0x0000000709f00000, 0x0000000709f00000|
| 160|0x000000070a000000, 0x000000070a000000, 0x000000070a100000|  0%| F|  |TS  1|AC  0|TAMS 0x000000070a000000, 0x000000070a000000|
| 161|0x000000070a100000, 0x000000070a100000, 0x000000070a200000|  0%| F|  |TS  1|AC  0|TAMS 0x000000070a100000, 0x000000070a100000|
| 162|0x000000070a200000, 0x000000070a200000, 0x000000070a300000|  0%| F|  |TS  1|AC  0|TAMS 0x000000070a200000, 0x000000070a200000|
| 163|0x000000070a300000, 0x000000070a300000, 0x000000070a400000|  0%| F|  |TS  1|AC  0|TAMS 0x000000070a300000, 0x000000070a300000|
| 164|0x000000070a400000, 0x000000070a400000, 0x000000070a500000|  0%| F|  |TS  1|AC  0|TAMS 0x000000070a400000, 0x000000070a400000|
| 165|0x000000070a500000, 0x000000070a500000, 0x000000070a600000|  0%| F|  |TS  1|AC  0|TAMS 0x000000070a500000, 0x000000070a500000|
| 166|0x000000070a600000, 0x000000070a600000, 0x000000070a700000|  0%| F|  |TS  1|AC  0|TAMS 0x000000070a600000, 0x000000070a600000|
| 167|0x000000070a700000, 0x000000070a700000, 0x000000070a800000|  0%| F|  |TS  1|AC  0|TAMS 0x000000070a700000, 0x000000070a700000|
| 168|0x000000070a800000, 0x000000070a800000, 0x000000070a900000|  0%| F|  |TS  1|AC  0|TAMS 0x000000070a800000, 0x000000070a800000|
| 169|0x000000070a900000, 0x000000070a900000, 0x000000070aa00000|  0%| F|  |TS  1|AC  0|TAMS 0x000000070a900000, 0x000000070a900000|
| 170|0x000000070aa00000, 0x000000070aa00000, 0x000000070ab00000|  0%| F|  |TS  1|AC  0|TAMS 0x000000070aa00000, 0x000000070aa00000|
| 171|0x000000070ab00000, 0x000000070ab00000, 0x000000070ac00000|  0%| F|  |TS  1|AC  0|TAMS 0x000000070ab00000, 0x000000070ab00000|
| 172|0x000000070ac00000, 0x000000070ac00000, 0x000000070ad00000|  0%| F|  |TS  1|AC  0|TAMS 0x000000070ac00000, 0x000000070ac00000|
| 173|0x000000070ad00000, 0x000000070ad00000, 0x000000070ae00000|  0%| F|  |TS  1|AC  0|TAMS 0x000000070ad00000, 0x000000070ad00000|
| 174|0x000000070ae00000, 0x000000070ae00000, 0x000000070af00000|  0%| F|  |TS  1|AC  0|TAMS 0x000000070ae00000, 0x000000070ae00000|
| 175|0x000000070af00000, 0x000000070af00000, 0x000000070b000000|  0%| F|  |TS  1|AC  0|TAMS 0x000000070af00000, 0x000000070af00000|
| 176|0x000000070b000000, 0x000000070b000000, 0x000000070b100000|  0%| F|  |TS  1|AC  0|TAMS 0x000000070b000000, 0x000000070b000000|
| 177|0x000000070b100000, 0x000000070b100000, 0x000000070b200000|  0%| F|  |TS  1|AC  0|TAMS 0x000000070b100000, 0x000000070b100000|
| 178|0x000000070b200000, 0x000000070b200000, 0x000000070b300000|  0%| F|  |TS  1|AC  0|TAMS 0x000000070b200000, 0x000000070b200000|
| 179|0x000000070b300000, 0x000000070b300000, 0x000000070b400000|  0%| F|  |TS  1|AC  0|TAMS 0x000000070b300000, 0x000000070b300000|
| 180|0x000000070b400000, 0x000000070b42fc18, 0x000000070b500000| 18%| E|  |TS  1|AC  0|TAMS 0x000000070b400000, 0x000000070b400000|
| 181|0x000000070b500000, 0x000000070b600000, 0x000000070b600000|100%| E|CS|TS  1|AC  0|TAMS 0x000000070b500000, 0x000000070b500000|
| 182|0x000000070b600000, 0x000000070b700000, 0x000000070b700000|100%| E|CS|TS  1|AC  0|TAMS 0x000000070b600000, 0x000000070b600000|
| 183|0x000000070b700000, 0x000000070b800000, 0x000000070b800000|100%| E|CS|TS  1|AC  0|TAMS 0x000000070b700000, 0x000000070b700000|
| 184|0x000000070b800000, 0x000000070b900000, 0x000000070b900000|100%| E|CS|TS  1|AC  0|TAMS 0x000000070b800000, 0x000000070b800000|

Card table byte_map: [0x00000251fdbf0000,0x00000251fe1f0000] byte_map_base: 0x00000251fa3f0000

Marking Bits (Prev, Next): (CMBitMap*) 0x00000251fed9a678, (CMBitMap*) 0x00000251fed9a640
 Prev Bits: [0x000002519bac0000, 0x000002519eac0000)
 Next Bits: [0x0000025198ac0000, 0x000002519bac0000)

Polling page: 0x00000251f2560000

CodeHeap 'non-profiled nmethods': size=119168Kb used=22301Kb max_used=22301Kb free=96866Kb
 bounds [0x0000025191660000, 0x0000025192c30000, 0x0000025198ac0000]
CodeHeap 'profiled nmethods': size=119168Kb used=50910Kb max_used=50910Kb free=68257Kb
 bounds [0x000002518a200000, 0x000002518d400000, 0x0000025191660000]
CodeHeap 'non-nmethods': size=7424Kb used=3478Kb max_used=3534Kb free=3945Kb
 bounds [0x0000025189ac0000, 0x0000025189e50000, 0x000002518a200000]
 total_blobs=33087 nmethods=19261 adapters=1119
 compilation: enabled

Compilation events (10 events):
Event: 463.716 Thread 0x00000251ff077800 nmethod 23064 0x0000025192c1f390 code [0x0000025192c1f580, 0x0000025192c1f928]
Event: 463.745 Thread 0x00000251ff076000 23065   !   4       com.jidesoft.plaf.basic.BasicCommandBarUI::paint (303 bytes)
Event: 463.748 Thread 0x00000251ff076000 nmethod 23065 0x0000025192c1fe90 code [0x0000025192c20020, 0x0000025192c201f8]
Event: 463.797 Thread 0x00000251ff075000 nmethod 23063 0x0000025192c20410 code [0x0000025192c20820, 0x0000025192c236b8]
Event: 464.054 Thread 0x00000251fee3e000 23066   !   4       java.awt.LightweightDispatcher::eventDispatched (336 bytes)
Event: 464.110 Thread 0x00000251fee3e000 nmethod 23066 0x0000025192c24a90 code [0x0000025192c24de0, 0x0000025192c26b68]
Event: 464.330 Thread 0x00000251fb38d000 23068       3       java.util.TaskQueue::fixDown (108 bytes)
Event: 464.330 Thread 0x00000251ff071000 23067       3       java.util.TaskQueue::rescheduleMin (16 bytes)
Event: 464.330 Thread 0x00000251ff071000 nmethod 23067 0x000002518d3f3290 code [0x000002518d3f3440, 0x000002518d3f3610]
Event: 464.330 Thread 0x00000251fb38d000 nmethod 23068 0x000002518d3f3710 code [0x000002518d3f3900, 0x000002518d3f3ff8]

GC Heap History (10 events):
Event: 459.197 GC heap before
{Heap before GC invocations=214 (full 74):
 garbage-first heap   total 189440K, used 142203K [0x0000000700000000, 0x00000007001005c8, 0x00000007c0000000)
  region size 1024K, 60 young (61440K), 1 survivors (1024K)
 Metaspace       used 85450K, capacity 92037K, committed 92160K, reserved 1128448K
  class space    used 11533K, capacity 12709K, committed 12800K, reserved 1048576K
}
Event: 459.201 GC heap after
{Heap after GC invocations=215 (full 74):
 garbage-first heap   total 189440K, used 81621K [0x0000000700000000, 0x00000007001005c8, 0x00000007c0000000)
  region size 1024K, 1 young (1024K), 1 survivors (1024K)
 Metaspace       used 85450K, capacity 92037K, committed 92160K, reserved 1128448K
  class space    used 11533K, capacity 12709K, committed 12800K, reserved 1048576K
}
Event: 460.899 GC heap before
{Heap before GC invocations=215 (full 74):
 garbage-first heap   total 189440K, used 142037K [0x0000000700000000, 0x00000007001005c8, 0x00000007c0000000)
  region size 1024K, 60 young (61440K), 1 survivors (1024K)
 Metaspace       used 85461K, capacity 92101K, committed 92416K, reserved 1128448K
  class space    used 11533K, capacity 12709K, committed 12800K, reserved 1048576K
}
Event: 460.905 GC heap after
{Heap after GC invocations=216 (full 74):
 garbage-first heap   total 189440K, used 81927K [0x0000000700000000, 0x00000007001005c8, 0x00000007c0000000)
  region size 1024K, 1 young (1024K), 1 survivors (1024K)
 Metaspace       used 85461K, capacity 92101K, committed 92416K, reserved 1128448K
  class space    used 11533K, capacity 12709K, committed 12800K, reserved 1048576K
}
Event: 461.719 GC heap before
{Heap before GC invocations=216 (full 74):
 garbage-first heap   total 189440K, used 126983K [0x0000000700000000, 0x00000007001005c8, 0x00000007c0000000)
  region size 1024K, 46 young (47104K), 1 survivors (1024K)
 Metaspace       used 85462K, capacity 92101K, committed 92416K, reserved 1128448K
  class space    used 11533K, capacity 12709K, committed 12800K, reserved 1048576K
}
Event: 462.041 GC heap after
{Heap after GC invocations=217 (full 75):
 garbage-first heap   total 189440K, used 81284K [0x0000000700000000, 0x00000007001005c8, 0x00000007c0000000)
  region size 1024K, 0 young (0K), 0 survivors (0K)
 Metaspace       used 85462K, capacity 92101K, committed 92416K, reserved 1128448K
  class space    used 11533K, capacity 12709K, committed 12800K, reserved 1048576K
}
Event: 462.079 GC heap before
{Heap before GC invocations=217 (full 75):
 garbage-first heap   total 189440K, used 82308K [0x0000000700000000, 0x00000007001005c8, 0x00000007c0000000)
  region size 1024K, 2 young (2048K), 0 survivors (0K)
 Metaspace       used 85462K, capacity 92101K, committed 92416K, reserved 1128448K
  class space    used 11533K, capacity 12709K, committed 12800K, reserved 1048576K
}
Event: 462.382 GC heap after
{Heap after GC invocations=218 (full 76):
 garbage-first heap   total 189440K, used 81052K [0x0000000700000000, 0x00000007001005c8, 0x00000007c0000000)
  region size 1024K, 0 young (0K), 0 survivors (0K)
 Metaspace       used 85462K, capacity 92101K, committed 92416K, reserved 1128448K
  class space    used 11533K, capacity 12709K, committed 12800K, reserved 1048576K
}
Event: 463.967 GC heap before
{Heap before GC invocations=218 (full 76):
 garbage-first heap   total 189440K, used 142492K [0x0000000700000000, 0x00000007001005c8, 0x00000007c0000000)
  region size 1024K, 60 young (61440K), 0 survivors (0K)
 Metaspace       used 85469K, capacity 92101K, committed 92416K, reserved 1128448K
  class space    used 11533K, capacity 12709K, committed 12800K, reserved 1048576K
}
Event: 463.971 GC heap after
{Heap after GC invocations=219 (full 76):
 garbage-first heap   total 189440K, used 81560K [0x0000000700000000, 0x00000007001005c8, 0x00000007c0000000)
  region size 1024K, 1 young (1024K), 1 survivors (1024K)
 Metaspace       used 85469K, capacity 92101K, committed 92416K, reserved 1128448K
  class space    used 11533K, capacity 12709K, committed 12800K, reserved 1048576K
}

Deoptimization events (10 events):
Event: 429.434 Thread 0x00000251a0ca8000 Uncommon trap: reason=unstable_if action=reinterpret pc=0x0000025192477a78 method=com.jidesoft.plaf.basic.BasicStyledLabelUI.internalPaintStyledText(Lcom/jidesoft/swing/StyledLabel;Ljava/awt/Graphics;III)I @ 507 c2
Event: 429.438 Thread 0x00000251a0ca8000 Uncommon trap: reason=unstable_if action=reinterpret pc=0x0000025191d8daf0 method=com.jidesoft.plaf.basic.BasicStyledLabelUI.layoutCL(Ljavax/swing/JLabel;Ljava/awt/FontMetrics;Ljava/lang/String;Ljavax/swing/Icon;Ljava/awt/Rectangle;Ljava/awt/Rectangle;Lja
Event: 429.438 Thread 0x00000251a0ca8000 Uncommon trap: reason=unstable_if action=reinterpret pc=0x000002519249ba24 method=com.jidesoft.plaf.basic.BasicStyledLabelUI.paintStyledText(Lcom/jidesoft/swing/StyledLabel;Ljava/awt/Graphics;II)V @ 15 c2
Event: 429.959 Thread 0x00000251a0ca8000 Uncommon trap: reason=bimorphic_or_optimized_type_check action=maybe_recompile pc=0x0000025192a664d4 method=javax.swing.text.GlyphView.paint(Ljava/awt/Graphics;Ljava/awt/Shape;)V @ 65 c2
Event: 429.959 Thread 0x00000251a0ca8000 Uncommon trap: reason=bimorphic_or_optimized_type_check action=maybe_recompile pc=0x0000025192a664d4 method=javax.swing.text.GlyphView.paint(Ljava/awt/Graphics;Ljava/awt/Shape;)V @ 65 c2
Event: 432.403 Thread 0x00000251a0ca8000 Uncommon trap: reason=unstable_if action=reinterpret pc=0x000002519295e0b0 method=java.awt.Container.dispatchEventImpl(Ljava/awt/AWTEvent;)V @ 26 c2
Event: 441.298 Thread 0x00000251a0ca8000 Uncommon trap: reason=unstable_if action=reinterpret pc=0x000002519246e114 method=javax.swing.text.GapVector.close(II)V @ 35 c2
Event: 445.765 Thread 0x00000251a0d80800 Uncommon trap: reason=unstable_if action=reinterpret pc=0x000002519275a240 method=java.util.concurrent.locks.AbstractQueuedSynchronizer.acquireQueued(Ljava/util/concurrent/locks/AbstractQueuedSynchronizer$Node;I)Z @ 14 c2
Event: 463.284 Thread 0x00000251a0ca8000 Uncommon trap: reason=bimorphic_or_optimized_type_check action=maybe_recompile pc=0x0000025192402b8c method=java.awt.LightweightDispatcher.eventDispatched(Ljava/awt/AWTEvent;)V @ 247 c2
Event: 463.330 Thread 0x00000251a0ca8000 Uncommon trap: reason=class_check action=maybe_recompile pc=0x00000251919a9f9c method=javax.swing.AbstractButton.setEnabled(Z)V @ 21 c2

Classes redefined (0 events):
No events

Internal exceptions (10 events):
Event: 421.595 Thread 0x00000251a0ca8000 Implicit null exception at 0x00000251922692c5 to 0x000002519226e8b1
Event: 421.595 Thread 0x00000251a0ca8000 Implicit null exception at 0x0000025191d5379c to 0x0000025191d55911
Event: 428.231 Thread 0x00000251b8b98800 Exception <a 'ui/frmwork/CommandFailedException'{0x0000000708b094f0}> (0x0000000708b094f0) thrown at [t:/workspace/hotspot/src/share/vm/prims/jni.cpp, line 604]
Event: 428.236 Thread 0x00000251a0ca8000 Implicit null exception at 0x00000251918ece4d to 0x00000251918edf49
Event: 428.880 Thread 0x00000251a0ca8000 Exception <a 'java/lang/NoSuchMethodError'{0x00000007082da788}: java.lang.invoke.DirectMethodHandle$Holder.invokeSpecial(Ljava/lang/Object;Ljava/lang/Object;IILjava/lang/Object;ILjava/lang/Object;Ljava/lang/Object;)Ljava/lang/Object;> (0x00000007082da788)
Event: 428.880 Thread 0x00000251a0ca8000 Exception <a 'java/lang/NoSuchMethodError'{0x00000007082de038}: java.lang.invoke.DelegatingMethodHandle$Holder.reinvoke_L(Ljava/lang/Object;IILjava/lang/Object;ILjava/lang/Object;Ljava/lang/Object;)Ljava/lang/Object;> (0x00000007082de038) thrown at [t:/wo
Event: 428.881 Thread 0x00000251a0ca8000 Exception <a 'java/lang/NoSuchMethodError'{0x0000000708105b18}: java.lang.invoke.DirectMethodHandle$Holder.invokeSpecial(Ljava/lang/Object;Ljava/lang/Object;Ljava/lang/Object;ILjava/lang/Object;Ljava/lang/Object;)Ljava/lang/Object;> (0x0000000708105b18) t
Event: 429.379 Thread 0x00000251a0ca8000 Implicit null exception at 0x000002519277c0e0 to 0x000002519277f971
Event: 429.379 Thread 0x00000251a0ca8000 Implicit null exception at 0x000002519277835f to 0x0000025192778ce9
Event: 430.097 Thread 0x00000251b8b96800 Exception <a 'java/lang/InterruptedException'{0x000000070ae81380}: sleep interrupted> (0x000000070ae81380) thrown at [t:/workspace/hotspot/src/share/vm/prims/jvm.cpp, line 2984]

Events (10 events):
Event: 463.284 Thread 0x00000251a0ca8000 DEOPT UNPACKING pc=0x0000025189b0da29 sp=0x000000e1f73f5c20 mode 2
Event: 463.330 Thread 0x00000251a0ca8000 Uncommon trap: trap_request=0xffffffde fr.pc=0x00000251919a9f9c relative=0x00000000000000dc
Event: 463.330 Thread 0x00000251a0ca8000 DEOPT PACKING pc=0x00000251919a9f9c sp=0x000000e1f73f5870
Event: 463.330 Thread 0x00000251a0ca8000 DEOPT UNPACKING pc=0x0000025189b0da29 sp=0x000000e1f73f5808 mode 2
Event: 463.967 Executing VM operation: G1IncCollectionPause
Event: 463.971 Executing VM operation: G1IncCollectionPause done
Event: 463.971 Thread 0x00000251fbe5a000 DEOPT PACKING pc=0x000002518c180edf sp=0x000000e1f50ff570
Event: 463.971 Thread 0x00000251fbe5a000 DEOPT UNPACKING pc=0x0000025189b0d83f sp=0x000000e1f50fea68 mode 0
Event: 464.044 Thread 0x00000251b8b96800 Thread added: 0x00000251b8b96800
Event: 464.049 Thread 0x00000251b8b96800 Thread exited: 0x00000251b8b96800


Dynamic libraries:
0x00007ff63b6a0000 - 0x00007ff63b6d0000 	D:\software\Xilinx\Vivado\2019.2\bin\unwrapped\win64.o\vivado.exe
0x00007ffecd830000 - 0x00007ffecda28000 	C:\Windows\SYSTEM32\ntdll.dll
0x00007ffecc7f0000 - 0x00007ffecc8ad000 	C:\Windows\System32\KERNEL32.DLL
0x00007ffecb0b0000 - 0x00007ffecb3a6000 	C:\Windows\System32\KERNELBASE.dll
0x00007ffecaf80000 - 0x00007ffecb080000 	C:\Windows\System32\ucrtbase.dll
0x00007ffeb0210000 - 0x00007ffeb029d000 	C:\Windows\SYSTEM32\MSVCP140.dll
0x00007ffec5130000 - 0x00007ffec5144000 	D:\software\Xilinx\Vivado\2019.2\lib\win64.o\libboost_signals.dll
0x00007ffec5110000 - 0x00007ffec5126000 	D:\software\Xilinx\Vivado\2019.2\lib\win64.o\librdi_commonmain.dll
0x00007ffe104e0000 - 0x00007ffe11423000 	D:\software\Xilinx\Vivado\2019.2\lib\win64.o\librdi_common.dll
0x00007ffeb5510000 - 0x00007ffeb552e000 	C:\Windows\SYSTEM32\VCRUNTIME140.dll
0x00007ffecd060000 - 0x00007ffecd1fe000 	C:\Windows\System32\USER32.dll
0x00007ffeaf790000 - 0x00007ffeaf79c000 	C:\Windows\SYSTEM32\VCRUNTIME140_1.dll
0x00007ffecb080000 - 0x00007ffecb0a2000 	C:\Windows\System32\win32u.dll
0x00007ffec41a0000 - 0x00007ffec41c6000 	D:\software\Xilinx\Vivado\2019.2\lib\win64.o\libboost_filesystem.dll
0x00007ffeccee0000 - 0x00007ffeccf0c000 	C:\Windows\System32\GDI32.dll
0x00007ffec6ab0000 - 0x00007ffec6aba000 	D:\software\Xilinx\Vivado\2019.2\lib\win64.o\librdi_commonversion.dll
0x00007ffecc8b0000 - 0x00007ffecc95f000 	C:\Windows\System32\ADVAPI32.dll
0x00007ffecb770000 - 0x00007ffecb88a000 	C:\Windows\System32\gdi32full.dll
0x00007ffeccd60000 - 0x00007ffeccdfe000 	C:\Windows\System32\msvcrt.dll
0x00007ffea2010000 - 0x00007ffea21b1000 	D:\software\Xilinx\Vivado\2019.2\lib\win64.o\librdi_commonxillic.dll
0x00007ffecb3b0000 - 0x00007ffecb44d000 	C:\Windows\System32\msvcp_win.dll
0x00007ffecca10000 - 0x00007ffeccaac000 	C:\Windows\System32\sechost.dll
0x00007ffecce00000 - 0x00007ffecce6b000 	C:\Windows\System32\WS2_32.dll
0x00007ffecc6c0000 - 0x00007ffecc7e6000 	C:\Windows\System32\RPCRT4.dll
0x00007ffecb970000 - 0x00007ffecc0b5000 	C:\Windows\System32\SHELL32.dll
0x00000000756c0000 - 0x00000000757eb000 	D:\software\Xilinx\Vivado\2019.2\lib\win64.o\tcl85t.dll
0x00007ffecb660000 - 0x00007ffecb687000 	C:\Windows\System32\bcrypt.dll
0x00007ffe894d0000 - 0x00007ffe8983e000 	D:\software\Xilinx\Vivado\2019.2\lib\win64.o\libCOIN-all.dll
0x00007ffebe7f0000 - 0x00007ffebe804000 	D:\software\Xilinx\Vivado\2019.2\lib\win64.o\libboost_date_time.dll
0x00007ffeb4d10000 - 0x00007ffeb4d8f000 	D:\software\Xilinx\Vivado\2019.2\lib\win64.o\libboost_program_options.dll
0x00007ffe893b0000 - 0x00007ffe894c4000 	D:\software\Xilinx\Vivado\2019.2\lib\win64.o\libboost_regex.dll
0x00007ffec6990000 - 0x00007ffec699b000 	D:\software\Xilinx\Vivado\2019.2\lib\win64.o\libboost_system.dll
0x00007ffea2330000 - 0x00007ffea2351000 	D:\software\Xilinx\Vivado\2019.2\lib\win64.o\libboost_thread.dll
0x00007ffec5100000 - 0x00007ffec510f000 	D:\software\Xilinx\Vivado\2019.2\lib\win64.o\libboost_xilinx.dll
0x00007ffea1f80000 - 0x00007ffea2002000 	D:\software\Xilinx\Vivado\2019.2\lib\win64.o\libhdlpsolve.dll
0x00007ffe9f460000 - 0x00007ffe9f505000 	D:\software\Xilinx\Vivado\2019.2\lib\win64.o\libhdxml.dll
0x00007ffe0f8e0000 - 0x00007ffe104dc200 	D:\software\Xilinx\Vivado\2019.2\lib\win64.o\libisl_iostreams.dll
0x00007ffea2300000 - 0x00007ffea232e000 	D:\software\Xilinx\Vivado\2019.2\lib\win64.o\libisl_sysinfo.dll
0x00007ffe957d0000 - 0x00007ffe95835000 	D:\software\Xilinx\Vivado\2019.2\lib\win64.o\liblmx6.0.dll
0x00007ffeb8210000 - 0x00007ffeb822a000 	D:\software\Xilinx\Vivado\2019.2\lib\win64.o\pthreadVC2.dll
0x00007ffeb4ef0000 - 0x00007ffeb4f0c000 	D:\software\Xilinx\Vivado\2019.2\lib\win64.o\librdiconfig.dll
0x00007ffea1e10000 - 0x00007ffea1e31000 	D:\software\Xilinx\Vivado\2019.2\lib\win64.o\librdizlib.dll
0x0000000012000000 - 0x0000000012270000 	D:\software\Xilinx\Vivado\2019.2\lib\win64.o\xerces-c_3_1.dll
0x00007ffe890d0000 - 0x00007ffe893ab000 	D:\software\Xilinx\Vivado\2019.2\lib\win64.o\libXil_lmgr11.dll
0x00007ffeccf10000 - 0x00007ffeccfea000 	C:\Windows\System32\COMDLG32.dll
0x00007ffecc150000 - 0x00007ffecc4a4000 	C:\Windows\System32\combase.dll
0x00007ffecc960000 - 0x00007ffecca0d000 	C:\Windows\System32\shcore.dll
0x00007ffeb2350000 - 0x00007ffeb2369000 	C:\Windows\SYSTEM32\NETAPI32.dll
0x00007ffeb7c90000 - 0x00007ffeb8166000 	C:\Windows\SYSTEM32\WININET.dll
0x00007ffec3660000 - 0x00007ffec376a000 	C:\Windows\SYSTEM32\WINHTTP.dll
0x00007ffecb910000 - 0x00007ffecb965000 	C:\Windows\System32\SHLWAPI.dll
0x00007ffeb99f0000 - 0x00007ffeb9bdd000 	C:\Windows\SYSTEM32\urlmon.dll
0x00007ffeccb60000 - 0x00007ffeccc2d000 	C:\Windows\System32\OLEAUT32.dll
0x00007ffeccc30000 - 0x00007ffeccd5b000 	C:\Windows\System32\ole32.dll
0x00007ffecaf10000 - 0x00007ffecaf77000 	C:\Windows\System32\WINTRUST.dll
0x00007ffea7ce0000 - 0x00007ffea7ce9000 	C:\Windows\SYSTEM32\WSOCK32.dll
0x00007ffecb500000 - 0x00007ffecb65d000 	C:\Windows\System32\CRYPT32.dll
0x00007ffea1de0000 - 0x00007ffea1e10000 	C:\Windows\SYSTEM32\VCOMP140.DLL
0x00007ffe0ea40000 - 0x00007ffe0f8d1000 	D:\software\Xilinx\Vivado\2019.2\lib\win64.o\gurobi65.dll
0x00007ffec5060000 - 0x00007ffec506d000 	D:\software\Xilinx\Vivado\2019.2\lib\win64.o\libboost_chrono.dll
0x00007ffe9edf0000 - 0x00007ffe9ee15000 	D:\software\Xilinx\Vivado\2019.2\lib\win64.o\libisl_iosutils.dll
0x00007ffeb4cf0000 - 0x00007ffeb4d0b000 	D:\software\Xilinx\Vivado\2019.2\lib\win64.o\libboost_iostreams.dll
0x00007ffeb9440000 - 0x00007ffeb94f0000 	C:\Windows\WinSxS\amd64_microsoft.windows.common-controls_6595b64144ccf1df_5.82.19041.3636_none_7931fb75243f97c8\COMCTL32.dll
0x00007ffeba360000 - 0x00007ffeba61c000 	C:\Windows\SYSTEM32\iertutil.dll
0x00007ffeb99c0000 - 0x00007ffeb99e8000 	C:\Windows\SYSTEM32\srvcli.dll
0x00007ffeca390000 - 0x00007ffeca39c000 	C:\Windows\SYSTEM32\netutils.dll
0x00007ffec14c0000 - 0x00007ffec14dd000 	C:\Windows\SYSTEM32\dhcpcsvc.DLL
0x00007ffecd670000 - 0x00007ffecd6a0000 	C:\Windows\System32\IMM32.DLL
0x00007ffecaae0000 - 0x00007ffecaaf2000 	C:\Windows\SYSTEM32\MSASN1.dll
0x00007ffec9760000 - 0x00007ffec9772000 	C:\Windows\SYSTEM32\kernel.appcore.dll
0x00007ffe66830000 - 0x00007ffe66d47000 	D:\software\Xilinx\Vivado\2019.2\lib\win64.o\librdi_commontasks.dll
0x00007ffec3db0000 - 0x00007ffec3dba000 	C:\Windows\SYSTEM32\VERSION.dll
0x0000000073ae0000 - 0x0000000074505000 	D:\software\Xilinx\Vivado\2019.2\tps\win64\jre9.0.4\bin\server\jvm.dll
0x00007ffecced0000 - 0x00007ffecced8000 	C:\Windows\System32\PSAPI.DLL
0x00007ffe88de0000 - 0x00007ffe890c3000 	D:\software\Xilinx\Vivado\2019.2\lib\win64.o\librdi_sio.dll
0x00007ffebfe10000 - 0x00007ffebfe37000 	C:\Windows\SYSTEM32\WINMM.dll
0x00007ffead070000 - 0x00007ffead15f000 	C:\Windows\SYSTEM32\MSVCR120.dll
0x00007ffeca350000 - 0x00007ffeca38b000 	C:\Windows\SYSTEM32\IPHLPAPI.DLL
0x00007ffeca6b0000 - 0x00007ffeca71a000 	C:\Windows\SYSTEM32\MSWSOCK.DLL
0x00007ffec8c80000 - 0x00007ffec941b000 	C:\Windows\SYSTEM32\windows.storage.dll
0x00007ffeca950000 - 0x00007ffeca97d000 	C:\Windows\SYSTEM32\Wldp.dll
0x00007ffe0c2f0000 - 0x00007ffe0ea35000 	D:\software\Xilinx\Vivado\2019.2\lib\win64.o\librdi_tcltasks.dll
0x00007ffe88d60000 - 0x00007ffe88ddb000 	D:\software\Xilinx\Vivado\2019.2\lib\win64.o\librdi_boarddep.dll
0x00007ffe66690000 - 0x00007ffe6682d000 	D:\software\Xilinx\Vivado\2019.2\lib\win64.o\librdi_board.dll
0x00007ffe5a250000 - 0x00007ffe5a704000 	D:\software\Xilinx\Vivado\2019.2\lib\win64.o\librdi_bitstream.dll
0x00007ffe87ad0000 - 0x00007ffe87c22000 	D:\software\Xilinx\Vivado\2019.2\lib\win64.o\librdi_cd_client.dll
0x00007ffe87cd0000 - 0x00007ffe87dbf000 	D:\software\Xilinx\Vivado\2019.2\lib\win64.o\librdi_chipscope.dll
0x00007ffe5a090000 - 0x00007ffe5a250000 	D:\software\Xilinx\Vivado\2019.2\lib\win64.o\librdi_chipscopeimpl.dll
0x00007ffe59d60000 - 0x00007ffe5a084000 	D:\software\Xilinx\Vivado\2019.2\lib\win64.o\librdi_containers.dll
0x00007ffe0a810000 - 0x00007ffe0c2ea000 	D:\software\Xilinx\Vivado\2019.2\lib\win64.o\librdi_constraints.dll
0x00007ffe08140000 - 0x00007ffe08819000 	D:\software\Xilinx\Vivado\2019.2\lib\win64.o\librdi_coregenipxact.dll
0x00007ffe08820000 - 0x00007ffe0a810000 	D:\software\Xilinx\Vivado\2019.2\lib\win64.o\librdi_coregen.dll
0x00007ffe118a0000 - 0x00007ffe11bea000 	D:\software\Xilinx\Vivado\2019.2\lib\win64.o\librdi_dlyest.dll
0x00007ffde3fe0000 - 0x00007ffde82ab000 	D:\software\Xilinx\Vivado\2019.2\lib\win64.o\librdi_designutils.dll
0x00007ffe07b70000 - 0x00007ffe0813d000 	D:\software\Xilinx\Vivado\2019.2\lib\win64.o\librdi_drc.dll
0x00007ffe6e760000 - 0x00007ffe6e824000 	D:\software\Xilinx\Vivado\2019.2\lib\win64.o\librdi_dsp.dll
0x00007ffe88c50000 - 0x00007ffe88cba000 	D:\software\Xilinx\Vivado\2019.2\lib\win64.o\librdi_hdf.dll
0x00007ffe07860000 - 0x00007ffe07b70000 	D:\software\Xilinx\Vivado\2019.2\lib\win64.o\librdi_guitools.dll
0x00007ffe071f0000 - 0x00007ffe0785b000 	D:\software\Xilinx\Vivado\2019.2\lib\win64.o\librdi_filemgmt.dll
0x00007ffe11680000 - 0x00007ffe118a0000 	D:\software\Xilinx\Vivado\2019.2\lib\win64.o\librdi_hip_devdesign.dll
0x00007ffe69ba0000 - 0x00007ffe69ce8000 	D:\software\Xilinx\Vivado\2019.2\lib\win64.o\librdi_hip_perf_analysis.dll
0x00007ffe05440000 - 0x00007ffe05a71000 	D:\software\Xilinx\Vivado\2019.2\lib\win64.o\librdi_memdata.dll
0x00007ffe85730000 - 0x00007ffe857a4000 	D:\software\Xilinx\Vivado\2019.2\lib\win64.o\librdi_memoryarray.dll
0x00007ffdcf430000 - 0x00007ffde3fdb000 	D:\software\Xilinx\Vivado\2019.2\lib\win64.o\librdi_device.dll
0x00007ffe05a80000 - 0x00007ffe071ed000 	D:\software\Xilinx\Vivado\2019.2\lib\win64.o\librdi_implflow.dll
0x00007ffe04d50000 - 0x00007ffe05433000 	D:\software\Xilinx\Vivado\2019.2\lib\win64.o\librdi_netlist.dll
0x00007ffe914f0000 - 0x00007ffe9153c000 	D:\software\Xilinx\Vivado\2019.2\lib\win64.o\librdi_pfi.dll
0x00007ffdcc660000 - 0x00007ffdcf42b000 	D:\software\Xilinx\Vivado\2019.2\lib\win64.o\librdi_mig.dll
0x00007ffdc9d90000 - 0x00007ffdcc657000 	D:\software\Xilinx\Vivado\2019.2\lib\win64.o\librdi_place.dll
0x00007ffe011a0000 - 0x00007ffe014bb000 	D:\software\Xilinx\Vivado\2019.2\lib\win64.o\librdi_platform.dll
0x00007ffe04540000 - 0x00007ffe04d4b000 	D:\software\Xilinx\Vivado\2019.2\lib\win64.o\librdi_power.dll
0x00007ffdeddc0000 - 0x00007ffdee4f3000 	D:\software\Xilinx\Vivado\2019.2\lib\win64.o\librdi_psta.dll
0x00007ffded6f0000 - 0x00007ffdeddb1000 	D:\software\Xilinx\Vivado\2019.2\lib\win64.o\librdi_rsb.dll
0x00007ffdf7060000 - 0x00007ffdf761a000 	D:\software\Xilinx\Vivado\2019.2\lib\win64.o\librdi_project.dll
0x00007ffe66580000 - 0x00007ffe66688000 	D:\software\Xilinx\Vivado\2019.2\lib\win64.o\librdi_runsbase.dll
0x00007ffdf6c30000 - 0x00007ffdf7053000 	D:\software\Xilinx\Vivado\2019.2\lib\win64.o\librdi_runs.dll
0x00007ffe00f20000 - 0x00007ffe01195000 	D:\software\Xilinx\Vivado\2019.2\lib\win64.o\librdi_simdata.dll
0x00007ffdc8f00000 - 0x00007ffdc9d8d000 	D:\software\Xilinx\Vivado\2019.2\lib\win64.o\librdi_timing.dll
0x00007ffe286f0000 - 0x00007ffe28890000 	D:\software\Xilinx\Vivado\2019.2\lib\win64.o\librdi_cd_protocol.dll
0x00007ffe11d60000 - 0x00007ffe11f01000 	D:\software\Xilinx\Vivado\2019.2\lib\win64.o\librdi_advchipscopeimpl.dll
0x00007ffe8a0f0000 - 0x00007ffe8a13c000 	D:\software\Xilinx\Vivado\2019.2\lib\win64.o\libboost_serialization.dll
0x00007ffe67550000 - 0x00007ffe67627000 	D:\software\Xilinx\Vivado\2019.2\lib\win64.o\librdi_ipconfig_readwrite.dll
0x00007ffe88d10000 - 0x00007ffe88d5a000 	D:\software\Xilinx\Vivado\2019.2\lib\win64.o\librdi_noc_frameworks.dll
0x00007ffde9fd0000 - 0x00007ffdeab17000 	D:\software\Xilinx\Vivado\2019.2\lib\win64.o\libverific.dll
0x00007ffe6b320000 - 0x00007ffe6b3be000 	D:\software\Xilinx\Vivado\2019.2\lib\win64.o\libise.dll
0x00007ffded500000 - 0x00007ffded6e4000 	D:\software\Xilinx\Vivado\2019.2\lib\win64.o\librdi_hip_config.dll
0x00007ffdc89b0000 - 0x00007ffdc8efe000 	D:\software\Xilinx\Vivado\2019.2\lib\win64.o\librdi_xdm.dll
0x00007ffdc8390000 - 0x00007ffdc89ab000 	D:\software\Xilinx\Vivado\2019.2\lib\win64.o\librdi_wavedata.dll

VM Arguments:
jvm_args: -Dsun.java2d.pmoffscreen=false -Dsun.java2d.xrender=false -Dsun.java2d.d3d=false -Dsun.awt.nopixfmt=true -Dsun.java2d.dpiaware=true -Dsun.java2d.uiScale.enabled=false -Xverify:none -Dswing.aatext=true -XX:-UsePerfData -Djdk.map.althashing.threshold=512 -XX:StringTableSize=4072 --add-opens=java.base/java.nio=ALL-UNNAMED --add-opens=java.desktop/sun.swing=ALL-UNNAMED --add-opens=java.desktop/javax.swing=ALL-UNNAMED --add-opens=java.desktop/javax.swing.tree=ALL-UNNAMED --add-opens=java.desktop/javax.swing.plaf.basic=ALL-UNNAMED --add-opens=java.desktop/javax.swing.plaf.synth=ALL-UNNAMED --add-opens=java.desktop/com.sun.awt=ALL-UNNAMED -XX:NewSize=60m -XX:MaxNewSize=60m -Xms128m -Xmx3072m -Xss5m 
java_command: <unknown>
java_class_path (initial): D:/software/Xilinx/Vivado/2019.2\lib\classes\alloy.jar;D:/software/Xilinx/Vivado/2019.2\lib\classes\autoesl-common.jar;D:/software/Xilinx/Vivado/2019.2\lib\classes\autoesl-models.jar;D:/software/Xilinx/Vivado/2019.2\lib\classes\autoesl-report.jar;D:/software/Xilinx/Vivado/2019.2\lib\classes\autopilot.scelaborator.jar;D:/software/Xilinx/Vivado/2019.2\lib\classes\autopilot.sourceprocessor.jar;D:/software/Xilinx/Vivado/2019.2\lib\classes\autopilot.tbprocessor.jar;D:/software/Xilinx/Vivado/2019.2\lib\classes\batik-anim.jar;D:/software/Xilinx/Vivado/2019.2\lib\classes\batik-awt-util.jar;D:/software/Xilinx/Vivado/2019.2\lib\classes\batik-bridge.jar;D:/software/Xilinx/Vivado/2019.2\lib\classes\batik-codec.jar;D:/software/Xilinx/Vivado/2019.2\lib\classes\batik-css.jar;D:/software/Xilinx/Vivado/2019.2\lib\classes\batik-dom.jar;D:/software/Xilinx/Vivado/2019.2\lib\classes\batik-ext.jar;D:/software/Xilinx/Vivado/2019.2\lib\classes\batik-gui-util.jar;D:/software/Xilinx/Vivado/2019.2\lib\classes\batik-gvt.jar;D:/software/Xilinx/Vivado/2019.2\lib\classes\batik-parser.jar;D:/software/Xilinx/Vivado/2019.2\lib\classes\batik-script.jar;D:/software/Xilinx/Vivado/2019.2\lib\classes\batik-svg-dom.jar;D:/software/Xilinx/Vivado/2019.2\lib\classes\batik-swing.jar;D:/software/Xilinx/Vivado/2019.2\lib\classes\batik-transcoder.jar;D:/software/Xilinx/Vivado/2019.2\lib\classes\batik-util.jar;D:/software/Xilinx/Vivado/2019.2\lib\classes\batik-xml.jar;D:/software/Xilinx/Vivado/2019.2\lib\classes\com.google.gson_2.7.0.v20170129-0911.jar;D:/software/Xilinx/Vivado/2019.2\lib\classes\com.google.guava_21.0.0.v20170206-1425.jar;D:/software/Xilinx/Vivado/2019.2\lib\classes\com.ibm.icu_4.4.2.v20110208.jar;D:/software/Xilinx/Vivado/2019.2\lib\classes\com.sigasi.hdt.connection_4.5.0.201909241521.jar;D:/software/Xilinx/Vivado/2019.2\lib\classes\com.sigasi.hdt.epl_4.5.0.201909241521.jar;D:/software/Xilinx/Vivado/2019.2\lib\classes\com.sigasi.hdt.project_4.5.0.201909241521.jar;D:/
Launcher Type: generic

Logging:
Log output configuration:
#0: stdout all=warning uptime,level,tags
#1: stderr all=off uptime,level,tags

Environment Variables:
PATH=D:/software/Xilinx/Vivado/2019.2\gnuwin\bin;D:/software/Xilinx/Vivado/2019.2\gnu\microblaze\nt\bin;D:/software/Xilinx/Vivado/2019.2/bin;D:/software/Xilinx/Vivado/2019.2/lib/win64.o;D:/software/Xilinx/Vivado/2019.2/tps/win64/jre9.0.4/bin/server;D:/software/Xilinx/Vivado/2019.2/tps/win64/jre9.0.4/bin;D:/software/Xilinx/Vivado/2019.2/ids_lite/ISE/bin/nt64;D:/software/Xilinx/Vivado/2019.2/ids_lite/ISE/lib/nt64;C:\Program Files\OpenSSH\;C:\Program Files\Common Files\Oracle\Java\javapath;D:\software\VMware Workstation Pro\bin\;C:\Program Files (x86)\Common Files\Intel\Shared Libraries\redist\intel64\compiler;C:\Windows\system32;C:\Windows;C:\Windows\System32\Wbem;C:\Windows\System32\WindowsPowerShell\v1.0\;C:\Windows\System32\OpenSSH\;C:\Program Files\dotnet\;C:\Program Files (x86)\NVIDIA Corporation\PhysX\Common;C:\Program Files\Microsoft SQL Server\130\Tools\Binn\;C:\Windows\mingw64\bin\;C:\Program Files\Microsoft\Web Platform Installer\;D:\software\phpstudy_pro\Extensions\MySQL5.7.26\bin;D:\software\Git\cmd;C:\Program Files\NVIDIA Corporation\NVIDIA NvDLISR;C:\Program Files\Cloudflare\Cloudflare WARP\;C:\Program Files\CMake\bin;D:\software\tailscale\;C:\Program Files (x86)\dotnet\;D:\software\NetSarang\Xshell 8\;D:\software\MATLAB\R2014a\runtime\win64;D:\software\MATLAB\R2014a\bin;D:\software\MATLAB\R2014a\polyspace\bin;D:\software\Python\3.11.7\Scripts\;D:\software\Python\3.11.7\;D:\software\Python\3.11.7\Tools\Scripts;C:\Users\lzy\AppData\Local\Microsoft\WindowsApps;C:\Users\lzy\.dotnet\tools;D:\software\Pycharam\bin;D:\software\Fiddler;D:\software\Microsoft VS Code\bin;D:\software\Nmap;C:\Program Files (x86)\Tencent\QQGameTempest\Hall.57915\;C:\Program Files\MySQL\MySQL Server 8.0\bin\;C:\users\lzy\appdata\roaming\python\python37\scripts;C:\users\lzy\.local\bin;C:\Users\lzy\AppData\Local\GitHubDesktop\bin;D:\software\PyCharm 2023.3.2\bin;;D:/software/Xilinx/Vivado/2019.2\tps\mingw\6.2.0\win64.o\nt\bin;D:/software/Xilinx/Vivado/2019.2\tps\mingw\6.2.0\win64.o\nt\lib
USERNAME=lzy
OS=Windows_NT
PROCESSOR_IDENTIFIER=AMD64 Family 25 Model 80 Stepping 0, AuthenticAMD



---------------  S Y S T E M  ---------------

OS: Windows 10 , 64 bit Build 19041 (10.0.19041.3636)

CPU:total 16 (initial active 16) (16 cores per cpu, 1 threads per core) family 25 model 80 stepping 0, cmov, cx8, fxsr, mmx, sse, sse2, sse3, ssse3, sse4.1, sse4.2, popcnt, avx, avx2, aes, clmul, erms, mmxext, 3dnowpref, lzcnt, sse4a, tsc, tscinvbit, tscinv, bmi1

Memory: 4k page, physical 66501532k(52657668k free), swap 69813140k(53693948k free)

vm_info: Java HotSpot(TM) 64-Bit Server VM (9.0.4+11) for windows-amd64 JRE (9.0.4+11), built on Dec 20 2017 02:18:54 by "mach5one" with MS VC++ 12.0 (VS2013)

END.
