#
# A fatal error has been detected by the Java Runtime Environment:
#
#  EXCEPTION_ACCESS_VIOLATION (0xc0000005) at pc=0x00007ff92518ed95, pid=14532, tid=28180
#
# JRE version: Java(TM) SE Runtime Environment (9.0+11) (build 9.0.4+11)
# Java VM: Java HotSpot(TM) 64-Bit Server VM (9.0.4+11, mixed mode, tiered, compressed oops, g1 gc, windows-amd64)
# Problematic frame:
# C  [librdi_common.dll+0x17ed95]
#
# No core dump will be written. Minidumps are not enabled by default on client versions of Windows
#
# If you would like to submit a bug report, please visit:
#   http://bugreport.java.com/bugreport/crash.jsp
# The crash happened outside the Java Virtual Machine in native code.
# See problematic frame for where to report the bug.
#

---------------  S U M M A R Y ------------

Command Line: -Dsun.java2d.pmoffscreen=false -Dsun.java2d.xrender=false -Dsun.java2d.d3d=false -Dsun.awt.nopixfmt=true -Dsun.java2d.dpiaware=true -Dsun.java2d.uiScale.enabled=false -Xverify:none -Dswing.aatext=true -XX:-UsePerfData -Djdk.map.althashing.threshold=512 -XX:StringTableSize=4072 --add-opens=java.base/java.nio=ALL-UNNAMED --add-opens=java.desktop/sun.swing=ALL-UNNAMED --add-opens=java.desktop/javax.swing=ALL-UNNAMED --add-opens=java.desktop/javax.swing.tree=ALL-UNNAMED --add-opens=java.desktop/javax.swing.plaf.basic=ALL-UNNAMED --add-opens=java.desktop/javax.swing.plaf.synth=ALL-UNNAMED --add-opens=java.desktop/com.sun.awt=ALL-UNNAMED -XX:NewSize=60m -XX:MaxNewSize=60m -Xms128m -Xmx3072m -Xss5m 

Host: AMD Ryzen 9 5900HX with Radeon Graphics        , 16 cores, 63G,  Windows 10 , 64 bit Build 19041 (10.0.19041.3636)
Time: Wed Dec 18 09:40:52 2024 ?D1¨²¡À¨º¡Á?¨º¡À?? elapsed time: 412 seconds (0d 0h 6m 52s)

---------------  T H R E A D  ---------------

Current thread (0x000001fae88c5000):  JavaThread "AWT-EventQueue-1" [_thread_in_native, id=28180, stack(0x0000009f50800000,0x0000009f50d00000)]

Stack: [0x0000009f50800000,0x0000009f50d00000],  sp=0x0000009f50cfad10,  free space=5099k
Native frames: (J=compiled Java code, j=interpreted, Vv=VM code, C=native code)
C  [librdi_common.dll+0x17ed95]
C  [librdi_common.dll+0x173b75]
C  [librdi_common.dll+0x13cd4a]
C  0x00007ff874bb21df
C  0x00007ff874c321ef
C  0x00007ff874c39f09
C  0x00007ff874c0a6cb
C  0x00007ff874c46e97
C  0x000001fad836d63a

Java frames: (J=compiled Java code, j=interpreted, Vv=VM code)
J 18086  ui.views.waveform.waveformi.WVExecutive_getTooltipTextDelayed(J)Ljava/lang/String; (0 bytes) @ 0x000001fad836d5a1 [0x000001fad836d560+0x0000000000000041]
J 21665 c2 ui.views.waveform.b.a.bJ(Ljava/awt/event/MouseEvent;)V (135 bytes) @ 0x000001fad884a1fc [0x000001fad884a100+0x00000000000000fc]
J 21669 c2 ui.views.waveform.b.a.mouseMoved(Ljava/awt/event/MouseEvent;)V (32 bytes) @ 0x000001fad884c134 [0x000001fad884c060+0x00000000000000d4]
J 15465 c2 java.awt.AWTEventMulticaster.mouseMoved(Ljava/awt/event/MouseEvent;)V java.desktop@9.0.4 (27 bytes) @ 0x000001fad7b770f4 [0x000001fad7b77040+0x00000000000000b4]
J 15465 c2 java.awt.AWTEventMulticaster.mouseMoved(Ljava/awt/event/MouseEvent;)V java.desktop@9.0.4 (27 bytes) @ 0x000001fad7b770b4 [0x000001fad7b77040+0x0000000000000074]
J 21668 c2 ui.frmwork.c.i.processMouseMotionEvent(Ljava/awt/event/MouseEvent;)V (131 bytes) @ 0x000001fad884cad8 [0x000001fad884c7c0+0x0000000000000318]
J 21378 c2 java.awt.Container.processEvent(Ljava/awt/AWTEvent;)V java.desktop@9.0.4 (22 bytes) @ 0x000001fad87ce8a0 [0x000001fad87ce720+0x0000000000000180]
J 21698 c2 java.awt.Component.dispatchEventImpl(Ljava/awt/AWTEvent;)V java.desktop@9.0.4 (739 bytes) @ 0x000001fad88541c0 [0x000001fad8853820+0x00000000000009a0]
J 21617 c2 java.awt.Container.dispatchEventImpl(Ljava/awt/AWTEvent;)V java.desktop@9.0.4 (129 bytes) @ 0x000001fad8834ed0 [0x000001fad8834c40+0x0000000000000290]
J 21530 c2 java.awt.LightweightDispatcher.retargetMouseEvent(Ljava/awt/Component;ILjava/awt/event/MouseEvent;)V java.desktop@9.0.4 (350 bytes) @ 0x000001fad881dc78 [0x000001fad881d6c0+0x00000000000005b8]
J 19590 c2 java.awt.LightweightDispatcher.processMouseEvent(Ljava/awt/event/MouseEvent;)Z java.desktop@9.0.4 (265 bytes) @ 0x000001fad856fa64 [0x000001fad856f2a0+0x00000000000007c4]
J 21617 c2 java.awt.Container.dispatchEventImpl(Ljava/awt/AWTEvent;)V java.desktop@9.0.4 (129 bytes) @ 0x000001fad883507c [0x000001fad8834c40+0x000000000000043c]
J 17659 c2 java.awt.Window.dispatchEventImpl(Ljava/awt/AWTEvent;)V java.desktop@9.0.4 (23 bytes) @ 0x000001fad82e718c [0x000001fad82e7140+0x000000000000004c]
J 14500 c2 java.awt.EventQueue$3.run()Ljava/lang/Object; java.desktop@9.0.4 (5 bytes) @ 0x000001fad803c33c [0x000001fad803c180+0x00000000000001bc]
v  ~StubRoutines::call_stub
J 4202  java.security.AccessController.doPrivileged(Ljava/security/PrivilegedAction;Ljava/security/AccessControlContext;)Ljava/lang/Object; java.base@9.0.4 (0 bytes) @ 0x000001fad767bcc6 [0x000001fad767bc60+0x0000000000000066]
J 15472 c2 java.awt.EventQueue$4.run()Ljava/lang/Object; java.desktop@9.0.4 (5 bytes) @ 0x000001fad80e7240 [0x000001fad80e6fe0+0x0000000000000260]
v  ~StubRoutines::call_stub
J 4202  java.security.AccessController.doPrivileged(Ljava/security/PrivilegedAction;Ljava/security/AccessControlContext;)Ljava/lang/Object; java.base@9.0.4 (0 bytes) @ 0x000001fad767bcc6 [0x000001fad767bc60+0x0000000000000066]
J 14139 c2 ui.frmwork.b.d.dispatchEvent(Ljava/awt/AWTEvent;)V (34 bytes) @ 0x000001fad7fa90ac [0x000001fad7fa8c80+0x000000000000042c]
J 21609 c2 java.awt.EventDispatchThread.pumpOneEventForFilters(I)V java.desktop@9.0.4 (218 bytes) @ 0x000001fad8832c60 [0x000001fad88327a0+0x00000000000004c0]
J 20686% c1 java.awt.EventDispatchThread.pumpEventsForFilter(ILjava/awt/Conditional;Ljava/awt/EventFilter;)V java.desktop@9.0.4 (47 bytes) @ 0x000001fad2c21764 [0x000001fad2c21420+0x0000000000000344]
j  java.awt.EventDispatchThread.pumpEventsForHierarchy(ILjava/awt/Conditional;Ljava/awt/Component;)V+11 java.desktop@9.0.4
j  java.awt.EventDispatchThread.pumpEvents(ILjava/awt/Conditional;)V+4 java.desktop@9.0.4
j  java.awt.EventDispatchThread.pumpEvents(Ljava/awt/Conditional;)V+3 java.desktop@9.0.4
j  java.awt.EventDispatchThread.run()V+9 java.desktop@9.0.4
v  ~StubRoutines::call_stub

siginfo: EXCEPTION_ACCESS_VIOLATION (0xc0000005), reading address 0xffffffffffffffff


Register to memory mapping:

RIP=0x00007ff92518ed95 librdi_common.dll
RAX=0x000001fabb400501 is an unknown value
RBX=0x900506448414c430 is an unknown value
RCX=0x000001fabb4005f0 is an unknown value
RDX=0x900506448414c430 is an unknown value
RSP=0x0000009f50cfad10 is pointing into the stack for thread: 0x000001fae88c5000
RBP=0x0000009f50cfae40 is pointing into the stack for thread: 0x000001fae88c5000
RSI=0x000001fa81cc9470 is an unknown value
RDI=0x0000009f50cfaf28 is pointing into the stack for thread: 0x000001fae88c5000
R8 =0x0000009f50cfaf28 is pointing into the stack for thread: 0x000001fae88c5000
R9 =0x0000000000000000 is an unknown value
R10=0x00007ff95d8f0000 VCRUNTIME140.dll
R11=0x4d00040001000000 is an unknown value
R12=0x0000009f50cfaf28 is pointing into the stack for thread: 0x000001fae88c5000
R13=0x0000000000000000 is an unknown value
R14=0x000001fab96e21b0 is an unknown value
R15=0x900506448414c430 is an unknown value


Registers:
RAX=0x000001fabb400501, RBX=0x900506448414c430, RCX=0x000001fabb4005f0, RDX=0x900506448414c430
RSP=0x0000009f50cfad10, RBP=0x0000009f50cfae40, RSI=0x000001fa81cc9470, RDI=0x0000009f50cfaf28
R8 =0x0000009f50cfaf28, R9 =0x0000000000000000, R10=0x00007ff95d8f0000, R11=0x4d00040001000000
R12=0x0000009f50cfaf28, R13=0x0000000000000000, R14=0x000001fab96e21b0, R15=0x900506448414c430
RIP=0x00007ff92518ed95, EFLAGS=0x0000000000010202

Top of Stack: (sp=0x0000009f50cfad10)
0x0000009f50cfad10:   0000000000000018 000001fafe953b50
0x0000009f50cfad20:   0000000000006e14 900506448414c430
0x0000009f50cfad30:   900506448414c430 00007ff925183b75
0x0000009f50cfad40:   0000000000291f58 00007ff95cf02758
0x0000009f50cfad50:   fffffffffffffffe 0000000000000000
0x0000009f50cfad60:   0000833f973bd1b0 000001fafe953ae8
0x0000009f50cfad70:   0000000000000002 00007ff9251ec825
0x0000009f50cfad80:   000001fae99bda00 000001fafe953b08
0x0000009f50cfad90:   0000009f50cfb0c0 00007ff925e9dbc0
0x0000009f50cfada0:   fffffffffffffffe 00007ff9257a8aad
0x0000009f50cfadb0:   fffffffffffffffe 00007ff925e9dbc0
0x0000009f50cfadc0:   000001fafe953ac0 000001fab9732508
0x0000009f50cfadd0:   0000009f50cfaf28 00007ff9251ebb16
0x0000009f50cfade0:   000001fafe953ac0 0000009f50cfaf28
0x0000009f50cfadf0:   000001fa00000002 0000000000000000
0x0000009f50cfae00:   fffffffffffffffe 000000000000000f 

Instructions: (pc=0x00007ff92518ed95)
0x00007ff92518ed75:   20 48 8b d9 e8 22 c4 04 00 48 8b c8 48 8b d3 e8
0x00007ff92518ed85:   27 0d 05 00 84 c0 75 08 33 c0 48 83 c4 20 5b c3
0x00007ff92518ed95:   48 8b 4b 50 48 85 c9 74 0a 48 83 c4 20 5b e9 68
0x00007ff92518eda5:   e2 04 00 48 8b d3 48 8d 0d 66 ce 78 00 e8 59 b7 



---------------  P R O C E S S  ---------------

Java Threads: ( => current thread )
  0x000001fae8a5e000 JavaThread "Relaunch Simulation Thread" [_thread_blocked, id=22700, stack(0x0000009f56900000,0x0000009f56e00000)]
  0x000001fae8a61000 JavaThread "Image Fetcher 0" daemon [_thread_blocked, id=21876, stack(0x0000009f55a00000,0x0000009f55f00000)]
  0x000001fae8a5f800 JavaThread "Monitor File Timestamp Swing Worker Thread" [_thread_blocked, id=13872, stack(0x0000009f56400000,0x0000009f56900000)]
  0x000001fae8a5f000 JavaThread "Timer-2" [_thread_blocked, id=14092, stack(0x0000009f55f00000,0x0000009f56400000)]
  0x000001fae8a62000 JavaThread "SyntheticaAnimation 50" daemon [_thread_blocked, id=4244, stack(0x0000009f55500000,0x0000009f55a00000)]
  0x000001faea40f800 JavaThread "ForkJoinPool.commonPool-worker-25" daemon [_thread_blocked, id=12720, stack(0x0000009f50d00000,0x0000009f51200000)]
  0x000001faea40b800 JavaThread "Monitor File Timestamp Swing Worker Thread" [_thread_blocked, id=28344, stack(0x0000009f55000000,0x0000009f55500000)]
  0x000001faea40b000 JavaThread "Timer-0" [_thread_blocked, id=21932, stack(0x0000009f54600000,0x0000009f54b00000)]
  0x000001faea40c800 JavaThread "SyntheticaAnimation 50" daemon [_thread_blocked, id=6508, stack(0x0000009f52d00000,0x0000009f53200000)]
  0x000001faea401000 JavaThread "Update Runs Swing Worker Thread" [_thread_blocked, id=25864, stack(0x0000009f54b00000,0x0000009f55000000)]
  0x000001faea403800 JavaThread "Image Animator 2" daemon [_thread_blocked, id=17416, stack(0x0000009f54100000,0x0000009f54600000)]
  0x000001faea400800 JavaThread "hw_ila_monitor" [_thread_blocked, id=13800, stack(0x0000009f53c00000,0x0000009f54100000)]
  0x000001faea402800 JavaThread "Refresh Filesets Swing Worker Thread" [_thread_blocked, id=26872, stack(0x0000009f53700000,0x0000009f53c00000)]
  0x000001faea406800 JavaThread "SyntheticaAnimation 70" daemon [_thread_blocked, id=14284, stack(0x0000009f53200000,0x0000009f53700000)]
  0x000001faea405000 JavaThread "SyntheticaAnimation 25" daemon [_thread_blocked, id=18744, stack(0x0000009f52400000,0x0000009f52900000)]
  0x000001faea407000 JavaThread "SyntheticaAnimation 50" daemon [_thread_blocked, id=18668, stack(0x0000009f51f00000,0x0000009f52400000)]
  0x000001faea404000 JavaThread "Monitor HEventQueue Thread" [_thread_blocked, id=18676, stack(0x0000009f51a00000,0x0000009f51f00000)]
  0x000001fae7ef9000 JavaThread "SyntheticaCleanerThread" daemon [_thread_blocked, id=18796, stack(0x0000009f51200000,0x0000009f51700000)]
  0x000001fae7efa000 JavaThread "Batik CleanerThread" daemon [_thread_blocked, id=28304, stack(0x0000009f4fe00000,0x0000009f50300000)]
=>0x000001fae88c5000 JavaThread "AWT-EventQueue-1" [_thread_in_native, id=28180, stack(0x0000009f50800000,0x0000009f50d00000)]
  0x000001fae7dd3000 JavaThread "Process Messages Thread" [_thread_blocked, id=17936, stack(0x0000009f50300000,0x0000009f50800000)]
  0x000001fae7f3d800 JavaThread "Thread-1" [_thread_in_native, id=17488, stack(0x0000009f47e00000,0x0000009f49200000)]
  0x000001fae8028000 JavaThread "TimerQueue" daemon [_thread_blocked, id=4292, stack(0x0000009f4f400000,0x0000009f4f900000)]
  0x000001fac379c800 JavaThread "AWT-Windows" daemon [_thread_in_native, id=4972, stack(0x0000009f4ef00000,0x0000009f4f400000)]
  0x000001fac2e72800 JavaThread "AWT-Shutdown" [_thread_blocked, id=18704, stack(0x0000009f4ea00000,0x0000009f4ef00000)]
  0x000001fac32b7800 JavaThread "Java2D Disposer" daemon [_thread_blocked, id=4928, stack(0x0000009f4e500000,0x0000009f4ea00000)]
  0x000001fac2f62800 JavaThread "Service Thread" daemon [_thread_blocked, id=28228, stack(0x0000009f4df00000,0x0000009f4e400000)]
  0x000001fac1262000 JavaThread "Common-Cleaner" daemon [_thread_blocked, id=25912, stack(0x0000009f4da00000,0x0000009f4df00000)]
  0x000001fac2a0f000 JavaThread "Sweeper thread" daemon [_thread_blocked, id=26176, stack(0x0000009f4d500000,0x0000009f4da00000)]
  0x000001fac2a0e800 JavaThread "C1 CompilerThread11" daemon [_thread_blocked, id=27548, stack(0x0000009f4d400000,0x0000009f4d500000)]
  0x000001fac2a0d000 JavaThread "C1 CompilerThread10" daemon [_thread_blocked, id=26144, stack(0x0000009f4d300000,0x0000009f4d400000)]
  0x000001fac2a0c000 JavaThread "C1 CompilerThread9" daemon [_thread_blocked, id=13892, stack(0x0000009f4d200000,0x0000009f4d300000)]
  0x000001fac2a0b000 JavaThread "C1 CompilerThread8" daemon [_thread_blocked, id=27616, stack(0x0000009f4d100000,0x0000009f4d200000)]
  0x000001fac2a05800 JavaThread "C2 CompilerThread7" daemon [_thread_blocked, id=25936, stack(0x0000009f4d000000,0x0000009f4d100000)]
  0x000001fac2a04000 JavaThread "C2 CompilerThread6" daemon [_thread_blocked, id=27620, stack(0x0000009f4cf00000,0x0000009f4d000000)]
  0x000001fac2a03800 JavaThread "C2 CompilerThread5" daemon [_thread_blocked, id=13620, stack(0x0000009f4ce00000,0x0000009f4cf00000)]
  0x000001fac2a02000 JavaThread "C2 CompilerThread4" daemon [_thread_blocked, id=13680, stack(0x0000009f4cd00000,0x0000009f4ce00000)]
  0x000001fac2a01000 JavaThread "C2 CompilerThread3" daemon [_thread_blocked, id=25084, stack(0x0000009f4cc00000,0x0000009f4cd00000)]
  0x000001fac29fa000 JavaThread "C2 CompilerThread2" daemon [_thread_blocked, id=18476, stack(0x0000009f4cb00000,0x0000009f4cc00000)]
  0x000001fac29f5000 JavaThread "C2 CompilerThread1" daemon [_thread_blocked, id=27640, stack(0x0000009f4ca00000,0x0000009f4cb00000)]
  0x000001fac2413800 JavaThread "C2 CompilerThread0" daemon [_thread_blocked, id=26080, stack(0x0000009f4c900000,0x0000009f4ca00000)]
  0x000001fabc2b7000 JavaThread "Attach Listener" daemon [_thread_blocked, id=26132, stack(0x0000009f4c400000,0x0000009f4c900000)]
  0x000001fac2408000 JavaThread "Signal Dispatcher" daemon [_thread_blocked, id=25928, stack(0x0000009f4bf00000,0x0000009f4c400000)]
  0x000001fac2404000 JavaThread "Finalizer" daemon [_thread_blocked, id=21048, stack(0x0000009f4ba00000,0x0000009f4bf00000)]
  0x000001fac1257800 JavaThread "Reference Handler" daemon [_thread_blocked, id=17052, stack(0x0000009f4b500000,0x0000009f4ba00000)]
  0x000001fac8867800 JavaThread "main" [_thread_blocked, id=14204, stack(0x0000009f47d00000,0x0000009f47e00000)]

Other Threads:
  0x000001fac1255800 VMThread "VM Thread" [stack: 0x0000009f4b400000,0x0000009f4b500000] [id=12724]
  0x000001fac2de6800 WatcherThread [stack: 0x0000009f4e400000,0x0000009f4e500000] [id=28268]
  0x000001fac2450000 GCTaskThread "GC Thread#0" [stack: 0x0000009f49500000,0x0000009f49600000] [id=13904]
  0x000001fac8d0d000 GCTaskThread "GC Thread#1" [stack: 0x0000009f49600000,0x0000009f49700000] [id=15584]
  0x000001fac8d0b000 GCTaskThread "GC Thread#2" [stack: 0x0000009f49700000,0x0000009f49800000] [id=15536]
  0x000001fac8d0a800 GCTaskThread "GC Thread#3" [stack: 0x0000009f49800000,0x0000009f49900000] [id=15644]
  0x000001fac8d0d800 GCTaskThread "GC Thread#4" [stack: 0x0000009f49900000,0x0000009f49a00000] [id=26964]
  0x000001fac8d0b800 GCTaskThread "GC Thread#5" [stack: 0x0000009f49a00000,0x0000009f49b00000] [id=17848]
  0x000001fac8d0c000 GCTaskThread "GC Thread#6" [stack: 0x0000009f49b00000,0x0000009f49c00000] [id=16432]
  0x000001fac505c000 GCTaskThread "GC Thread#7" [stack: 0x0000009f49c00000,0x0000009f49d00000] [id=26180]
  0x000001fac505c800 GCTaskThread "GC Thread#8" [stack: 0x0000009f49d00000,0x0000009f49e00000] [id=13060]
  0x000001fac505d000 GCTaskThread "GC Thread#9" [stack: 0x0000009f49e00000,0x0000009f49f00000] [id=24700]
  0x000001fac505d800 GCTaskThread "GC Thread#10" [stack: 0x0000009f49f00000,0x0000009f4a000000] [id=11568]
  0x000001fac505e800 GCTaskThread "GC Thread#11" [stack: 0x0000009f4a000000,0x0000009f4a100000] [id=11576]
  0x000001fac505a000 GCTaskThread "GC Thread#12" [stack: 0x0000009f4a100000,0x0000009f4a200000] [id=11496]
  0x000001fac0f0b800 ConcurrentGCThread "G1 Main Marker" [stack: 0x0000009f4b000000,0x0000009f4b100000] [id=8056]
  0x000001fac505f000 ConcurrentGCThread "G1 Marker#0" [stack: 0x0000009f4b100000,0x0000009f4b200000] [id=26208]
  0x000001fac505f800 ConcurrentGCThread "G1 Marker#1" [stack: 0x0000009f4b200000,0x0000009f4b300000] [id=14088]
  0x000001fac505a800 ConcurrentGCThread "G1 Marker#2" [stack: 0x0000009f4b300000,0x0000009f4b400000] [id=10648]
  0x000001fac49ff800 ConcurrentGCThread "G1 Refine#0" [stack: 0x0000009f4ae00000,0x0000009f4af00000] [id=26192]
  0x000001fac49ff000 ConcurrentGCThread "G1 Refine#1" [stack: 0x0000009f4ad00000,0x0000009f4ae00000] [id=13672]
  0x000001fac563a800 ConcurrentGCThread "G1 Refine#2" [stack: 0x0000009f4ac00000,0x0000009f4ad00000] [id=16272]
  0x000001fac563a000 ConcurrentGCThread "G1 Refine#3" [stack: 0x0000009f4ab00000,0x0000009f4ac00000] [id=15496]
  0x000001fac5639800 ConcurrentGCThread "G1 Refine#4" [stack: 0x0000009f4aa00000,0x0000009f4ab00000] [id=12680]
  0x000001fac27e6000 ConcurrentGCThread "G1 Refine#5" [stack: 0x0000009f4a900000,0x0000009f4aa00000] [id=4724]
  0x000001fac27e5800 ConcurrentGCThread "G1 Refine#6" [stack: 0x0000009f4a800000,0x0000009f4a900000] [id=28292]
  0x000001fac0ea4800 ConcurrentGCThread "G1 Refine#7" [stack: 0x0000009f4a700000,0x0000009f4a800000] [id=27568]
  0x000001fac0ea3800 ConcurrentGCThread "G1 Refine#8" [stack: 0x0000009f4a600000,0x0000009f4a700000] [id=15444]
  0x000001fac288c000 ConcurrentGCThread "G1 Refine#9" [stack: 0x0000009f4a500000,0x0000009f4a600000] [id=28184]
  0x000001fac28da000 ConcurrentGCThread "G1 Refine#10" [stack: 0x0000009f4a400000,0x0000009f4a500000] [id=25848]
  0x000001fac28d9800 ConcurrentGCThread "G1 Refine#11" [stack: 0x0000009f4a300000,0x0000009f4a400000] [id=12140]
  0x000001fac0e61800 ConcurrentGCThread "G1 Refine#12" [stack: 0x0000009f4a200000,0x0000009f4a300000] [id=11484]
  0x000001fac29d1800 ConcurrentGCThread "G1 Young RemSet Sampling" [stack: 0x0000009f4af00000,0x0000009f4b000000] [id=7480]

Threads with active compile tasks:

VM state:not at safepoint (normal execution)

VM Mutex/Monitor currently owned by a thread: None

Heap address: 0x0000000700000000, size: 3072 MB, Compressed Oops mode: Zero based, Oop shift amount: 3
Narrow klass base: 0x0000000000000000, Narrow klass shift: 3
Compressed class space size: 1073741824 Address: 0x00000007c0000000

Heap:
 garbage-first heap   total 189440K, used 108089K [0x0000000700000000, 0x00000007001005c8, 0x00000007c0000000)
  region size 1024K, 32 young (32768K), 1 survivors (1024K)
 Metaspace       used 86659K, capacity 93041K, committed 93312K, reserved 1130496K
  class space    used 11685K, capacity 12801K, committed 12928K, reserved 1048576K
Heap Regions: E=young(eden), S=young(survivor), O=old, HS=humongous(starts), HC=humongous(continues), CS=collection set, F=free, A=archive, TS=gc time stamp, AC=allocation context, TAMS=top-at-mark-start (previous, next)
|   0|0x0000000700000000, 0x00000007000fba20, 0x0000000700100000| 98%| O|  |TS  0|AC  0|TAMS 0x0000000700000000, 0x0000000700000000|
|   1|0x0000000700100000, 0x00000007001ffc38, 0x0000000700200000| 99%| O|  |TS  0|AC  0|TAMS 0x0000000700100000, 0x0000000700100000|
|   2|0x0000000700200000, 0x00000007002fb5f8, 0x0000000700300000| 98%| O|  |TS  0|AC  0|TAMS 0x0000000700200000, 0x0000000700200000|
|   3|0x0000000700300000, 0x00000007003d7b30, 0x0000000700400000| 84%| O|  |TS  0|AC  0|TAMS 0x0000000700300000, 0x0000000700300000|
|   4|0x0000000700400000, 0x0000000700500000, 0x0000000700500000|100%|HS|  |TS  0|AC  0|TAMS 0x0000000700400000, 0x0000000700400000|
|   5|0x0000000700500000, 0x0000000700600000, 0x0000000700600000|100%|HC|  |TS  0|AC  0|TAMS 0x0000000700500000, 0x0000000700500000|
|   6|0x0000000700600000, 0x0000000700700000, 0x0000000700700000|100%|HS|  |TS  0|AC  0|TAMS 0x0000000700600000, 0x0000000700600000|
|   7|0x0000000700700000, 0x00000007007fa570, 0x0000000700800000| 97%| O|  |TS  0|AC  0|TAMS 0x0000000700700000, 0x0000000700700000|
|   8|0x0000000700800000, 0x00000007008f80d8, 0x0000000700900000| 96%| O|  |TS  0|AC  0|TAMS 0x0000000700800000, 0x0000000700800000|
|   9|0x0000000700900000, 0x00000007009ffd48, 0x0000000700a00000| 99%| O|  |TS  0|AC  0|TAMS 0x0000000700900000, 0x0000000700900000|
|  10|0x0000000700a00000, 0x0000000700affe78, 0x0000000700b00000| 99%| O|  |TS  0|AC  0|TAMS 0x0000000700a00000, 0x0000000700a00000|
|  11|0x0000000700b00000, 0x0000000700bfffe8, 0x0000000700c00000| 99%| O|  |TS  0|AC  0|TAMS 0x0000000700b00000, 0x0000000700b00000|
|  12|0x0000000700c00000, 0x0000000700cfffb8, 0x0000000700d00000| 99%| O|  |TS  0|AC  0|TAMS 0x0000000700c00000, 0x0000000700c00000|
|  13|0x0000000700d00000, 0x0000000700dffff8, 0x0000000700e00000| 99%| O|  |TS  0|AC  0|TAMS 0x0000000700d00000, 0x0000000700d00000|
|  14|0x0000000700e00000, 0x0000000700ef23d0, 0x0000000700f00000| 94%| O|  |TS  0|AC  0|TAMS 0x0000000700e00000, 0x0000000700e00000|
|  15|0x0000000700f00000, 0x0000000700ffd5b8, 0x0000000701000000| 98%| O|  |TS  0|AC  0|TAMS 0x0000000700f00000, 0x0000000700f00000|
|  16|0x0000000701000000, 0x00000007010ffff8, 0x0000000701100000| 99%| O|  |TS  0|AC  0|TAMS 0x0000000701000000, 0x0000000701000000|
|  17|0x0000000701100000, 0x00000007011ffff8, 0x0000000701200000| 99%| O|  |TS  0|AC  0|TAMS 0x0000000701100000, 0x0000000701100000|
|  18|0x0000000701200000, 0x00000007012ffff8, 0x0000000701300000| 99%| O|  |TS  0|AC  0|TAMS 0x0000000701200000, 0x0000000701200000|
|  19|0x0000000701300000, 0x00000007013ffff8, 0x0000000701400000| 99%| O|  |TS  0|AC  0|TAMS 0x0000000701300000, 0x0000000701300000|
|  20|0x0000000701400000, 0x00000007014ffff0, 0x0000000701500000| 99%| O|  |TS  0|AC  0|TAMS 0x0000000701400000, 0x0000000701400000|
|  21|0x0000000701500000, 0x00000007015fffd8, 0x0000000701600000| 99%| O|  |TS  0|AC  0|TAMS 0x0000000701500000, 0x0000000701500000|
|  22|0x0000000701600000, 0x00000007016ffff0, 0x0000000701700000| 99%| O|  |TS  0|AC  0|TAMS 0x0000000701600000, 0x0000000701600000|
|  23|0x0000000701700000, 0x0000000701800000, 0x0000000701800000|100%|HS|  |TS  0|AC  0|TAMS 0x0000000701700000, 0x0000000701700000|
|  24|0x0000000701800000, 0x0000000701900000, 0x0000000701900000|100%|HC|  |TS  0|AC  0|TAMS 0x0000000701800000, 0x0000000701800000|
|  25|0x0000000701900000, 0x00000007019ffdd8, 0x0000000701a00000| 99%| O|  |TS  0|AC  0|TAMS 0x0000000701900000, 0x0000000701900000|
|  26|0x0000000701a00000, 0x0000000701afffe8, 0x0000000701b00000| 99%| O|  |TS  0|AC  0|TAMS 0x0000000701a00000, 0x0000000701a00000|
|  27|0x0000000701b00000, 0x0000000701bfffe8, 0x0000000701c00000| 99%| O|  |TS  0|AC  0|TAMS 0x0000000701b00000, 0x0000000701b00000|
|  28|0x0000000701c00000, 0x0000000701cfffb0, 0x0000000701d00000| 99%| O|  |TS  0|AC  0|TAMS 0x0000000701c00000, 0x0000000701c00000|
|  29|0x0000000701d00000, 0x0000000701dffff8, 0x0000000701e00000| 99%| O|  |TS  0|AC  0|TAMS 0x0000000701d00000, 0x0000000701d00000|
|  30|0x0000000701e00000, 0x0000000701efffe8, 0x0000000701f00000| 99%| O|  |TS  0|AC  0|TAMS 0x0000000701e00000, 0x0000000701e00000|
|  31|0x0000000701f00000, 0x0000000701ffffe8, 0x0000000702000000| 99%| O|  |TS  0|AC  0|TAMS 0x0000000701f00000, 0x0000000701f00000|
|  32|0x0000000702000000, 0x0000000702100000, 0x0000000702100000|100%| O|  |TS  0|AC  0|TAMS 0x0000000702000000, 0x0000000702000000|
|  33|0x0000000702100000, 0x00000007021fffe8, 0x0000000702200000| 99%| O|  |TS  0|AC  0|TAMS 0x0000000702100000, 0x0000000702100000|
|  34|0x0000000702200000, 0x00000007022ffff8, 0x0000000702300000| 99%| O|  |TS  0|AC  0|TAMS 0x0000000702200000, 0x0000000702200000|
|  35|0x0000000702300000, 0x00000007023ffff8, 0x0000000702400000| 99%| O|  |TS  0|AC  0|TAMS 0x0000000702300000, 0x0000000702300000|
|  36|0x0000000702400000, 0x00000007024febc0, 0x0000000702500000| 99%| O|  |TS  0|AC  0|TAMS 0x0000000702400000, 0x0000000702400000|
|  37|0x0000000702500000, 0x00000007025ffff8, 0x0000000702600000| 99%| O|  |TS  0|AC  0|TAMS 0x0000000702500000, 0x0000000702500000|
|  38|0x0000000702600000, 0x0000000702700000, 0x0000000702700000|100%| O|  |TS  0|AC  0|TAMS 0x0000000702600000, 0x0000000702600000|
|  39|0x0000000702700000, 0x00000007027ffff0, 0x0000000702800000| 99%| O|  |TS  0|AC  0|TAMS 0x0000000702700000, 0x0000000702700000|
|  40|0x0000000702800000, 0x0000000702900000, 0x0000000702900000|100%| O|  |TS  0|AC  0|TAMS 0x0000000702800000, 0x0000000702800000|
|  41|0x0000000702900000, 0x00000007029fff10, 0x0000000702a00000| 99%| O|  |TS  0|AC  0|TAMS 0x0000000702900000, 0x0000000702900000|
|  42|0x0000000702a00000, 0x0000000702afffe0, 0x0000000702b00000| 99%| O|  |TS  0|AC  0|TAMS 0x0000000702a00000, 0x0000000702a00000|
|  43|0x0000000702b00000, 0x0000000702c00000, 0x0000000702c00000|100%| O|  |TS  0|AC  0|TAMS 0x0000000702b00000, 0x0000000702b00000|
|  44|0x0000000702c00000, 0x0000000702cffff8, 0x0000000702d00000| 99%| O|  |TS  0|AC  0|TAMS 0x0000000702c00000, 0x0000000702c00000|
|  45|0x0000000702d00000, 0x0000000702dff700, 0x0000000702e00000| 99%| O|  |TS  0|AC  0|TAMS 0x0000000702d00000, 0x0000000702d00000|
|  46|0x0000000702e00000, 0x0000000702efffe8, 0x0000000702f00000| 99%| O|  |TS  0|AC  0|TAMS 0x0000000702e00000, 0x0000000702e00000|
|  47|0x0000000702f00000, 0x0000000702fffff0, 0x0000000703000000| 99%| O|  |TS  0|AC  0|TAMS 0x0000000702f00000, 0x0000000702f00000|
|  48|0x0000000703000000, 0x0000000703100000, 0x0000000703100000|100%| O|  |TS  0|AC  0|TAMS 0x0000000703000000, 0x0000000703000000|
|  49|0x0000000703100000, 0x00000007031ffff8, 0x0000000703200000| 99%| O|  |TS  0|AC  0|TAMS 0x0000000703100000, 0x0000000703100000|
|  50|0x0000000703200000, 0x00000007032ffff0, 0x0000000703300000| 99%| O|  |TS  0|AC  0|TAMS 0x0000000703200000, 0x0000000703200000|
|  51|0x0000000703300000, 0x00000007033fffc8, 0x0000000703400000| 99%| O|  |TS  0|AC  0|TAMS 0x0000000703300000, 0x0000000703300000|
|  52|0x0000000703400000, 0x0000000703500000, 0x0000000703500000|100%|HS|  |TS  0|AC  0|TAMS 0x0000000703400000, 0x0000000703400000|
|  53|0x0000000703500000, 0x0000000703600000, 0x0000000703600000|100%|HC|  |TS  0|AC  0|TAMS 0x0000000703500000, 0x0000000703500000|
|  54|0x0000000703600000, 0x0000000703700000, 0x0000000703700000|100%|HC|  |TS  0|AC  0|TAMS 0x0000000703600000, 0x0000000703600000|
|  55|0x0000000703700000, 0x0000000703800000, 0x0000000703800000|100%|HC|  |TS  0|AC  0|TAMS 0x0000000703700000, 0x0000000703700000|
|  56|0x0000000703800000, 0x0000000703900000, 0x0000000703900000|100%|HC|  |TS  0|AC  0|TAMS 0x0000000703800000, 0x0000000703800000|
|  57|0x0000000703900000, 0x0000000703a00000, 0x0000000703a00000|100%|HC|  |TS  0|AC  0|TAMS 0x0000000703900000, 0x0000000703900000|
|  58|0x0000000703a00000, 0x0000000703b00000, 0x0000000703b00000|100%|HC|  |TS  0|AC  0|TAMS 0x0000000703a00000, 0x0000000703a00000|
|  59|0x0000000703b00000, 0x0000000703c00000, 0x0000000703c00000|100%|HC|  |TS  0|AC  0|TAMS 0x0000000703b00000, 0x0000000703b00000|
|  60|0x0000000703c00000, 0x0000000703d00000, 0x0000000703d00000|100%|HS|  |TS  0|AC  0|TAMS 0x0000000703c00000, 0x0000000703c00000|
|  61|0x0000000703d00000, 0x0000000703dff218, 0x0000000703e00000| 99%| O|  |TS  0|AC  0|TAMS 0x0000000703d00000, 0x0000000703d00000|
|  62|0x0000000703e00000, 0x0000000703effff8, 0x0000000703f00000| 99%| O|  |TS  0|AC  0|TAMS 0x0000000703e00000, 0x0000000703e00000|
|  63|0x0000000703f00000, 0x0000000703ffffe8, 0x0000000704000000| 99%| O|  |TS  0|AC  0|TAMS 0x0000000703f00000, 0x0000000703f00000|
|  64|0x0000000704000000, 0x00000007040fffe8, 0x0000000704100000| 99%| O|  |TS  0|AC  0|TAMS 0x0000000704000000, 0x0000000704000000|
|  65|0x0000000704100000, 0x0000000704200000, 0x0000000704200000|100%|HS|  |TS  0|AC  0|TAMS 0x0000000704100000, 0x0000000704100000|
|  66|0x0000000704200000, 0x00000007042fff90, 0x0000000704300000| 99%| O|  |TS  0|AC  0|TAMS 0x0000000704200000, 0x0000000704200000|
|  67|0x0000000704300000, 0x00000007043ffff8, 0x0000000704400000| 99%| O|  |TS  0|AC  0|TAMS 0x0000000704300000, 0x0000000704300000|
|  68|0x0000000704400000, 0x00000007044ffff0, 0x0000000704500000| 99%| O|  |TS  0|AC  0|TAMS 0x0000000704400000, 0x0000000704400000|
|  69|0x0000000704500000, 0x00000007045fffc0, 0x0000000704600000| 99%| O|  |TS  0|AC  0|TAMS 0x0000000704500000, 0x0000000704500000|
|  70|0x0000000704600000, 0x00000007046f3008, 0x0000000704700000| 94%| O|  |TS  0|AC  0|TAMS 0x0000000704600000, 0x0000000704600000|
|  71|0x0000000704700000, 0x0000000704700000, 0x0000000704800000|  0%| F|  |TS  0|AC  0|TAMS 0x0000000704700000, 0x0000000704700000|
|  72|0x0000000704800000, 0x0000000704900000, 0x0000000704900000|100%|HS|  |TS  0|AC  0|TAMS 0x0000000704800000, 0x0000000704800000|
|  73|0x0000000704900000, 0x0000000704a00000, 0x0000000704a00000|100%|HS|  |TS  0|AC  0|TAMS 0x0000000704900000, 0x0000000704900000|
|  74|0x0000000704a00000, 0x0000000704b00000, 0x0000000704b00000|100%|HC|  |TS  0|AC  0|TAMS 0x0000000704a00000, 0x0000000704a00000|
|  75|0x0000000704b00000, 0x0000000704c00000, 0x0000000704c00000|100%|HC|  |TS  0|AC  0|TAMS 0x0000000704b00000, 0x0000000704b00000|
|  76|0x0000000704c00000, 0x0000000704c00000, 0x0000000704d00000|  0%| F|  |TS  0|AC  0|TAMS 0x0000000704c00000, 0x0000000704c00000|
|  77|0x0000000704d00000, 0x0000000704d00000, 0x0000000704e00000|  0%| F|  |TS  0|AC  0|TAMS 0x0000000704d00000, 0x0000000704d00000|
|  78|0x0000000704e00000, 0x0000000704e00000, 0x0000000704f00000|  0%| F|  |TS  0|AC  0|TAMS 0x0000000704e00000, 0x0000000704e00000|
|  79|0x0000000704f00000, 0x0000000704f00000, 0x0000000705000000|  0%| F|  |TS  0|AC  0|TAMS 0x0000000704f00000, 0x0000000704f00000|
|  80|0x0000000705000000, 0x0000000705000000, 0x0000000705100000|  0%| F|  |TS  0|AC  0|TAMS 0x0000000705000000, 0x0000000705000000|
|  81|0x0000000705100000, 0x0000000705100000, 0x0000000705200000|  0%| F|  |TS  0|AC  0|TAMS 0x0000000705100000, 0x0000000705100000|
|  82|0x0000000705200000, 0x0000000705200000, 0x0000000705300000|  0%| F|  |TS  0|AC  0|TAMS 0x0000000705200000, 0x0000000705200000|
|  83|0x0000000705300000, 0x0000000705300000, 0x0000000705400000|  0%| F|  |TS  0|AC  0|TAMS 0x0000000705300000, 0x0000000705300000|
|  84|0x0000000705400000, 0x0000000705400000, 0x0000000705500000|  0%| F|  |TS  0|AC  0|TAMS 0x0000000705400000, 0x0000000705400000|
|  85|0x0000000705500000, 0x0000000705500000, 0x0000000705600000|  0%| F|  |TS  0|AC  0|TAMS 0x0000000705500000, 0x0000000705500000|
|  86|0x0000000705600000, 0x0000000705600000, 0x0000000705700000|  0%| F|  |TS  0|AC  0|TAMS 0x0000000705600000, 0x0000000705600000|
|  87|0x0000000705700000, 0x0000000705700000, 0x0000000705800000|  0%| F|  |TS  0|AC  0|TAMS 0x0000000705700000, 0x0000000705700000|
|  88|0x0000000705800000, 0x0000000705800000, 0x0000000705900000|  0%| F|  |TS  0|AC  0|TAMS 0x0000000705800000, 0x0000000705800000|
|  89|0x0000000705900000, 0x0000000705900000, 0x0000000705a00000|  0%| F|  |TS  0|AC  0|TAMS 0x0000000705900000, 0x0000000705900000|
|  90|0x0000000705a00000, 0x0000000705a00000, 0x0000000705b00000|  0%| F|  |TS  0|AC  0|TAMS 0x0000000705a00000, 0x0000000705a00000|
|  91|0x0000000705b00000, 0x0000000705b00000, 0x0000000705c00000|  0%| F|  |TS  0|AC  0|TAMS 0x0000000705b00000, 0x0000000705b00000|
|  92|0x0000000705c00000, 0x0000000705c00000, 0x0000000705d00000|  0%| F|  |TS  0|AC  0|TAMS 0x0000000705c00000, 0x0000000705c00000|
|  93|0x0000000705d00000, 0x0000000705d00000, 0x0000000705e00000|  0%| F|  |TS  0|AC  0|TAMS 0x0000000705d00000, 0x0000000705d00000|
|  94|0x0000000705e00000, 0x0000000705e00000, 0x0000000705f00000|  0%| F|  |TS  0|AC  0|TAMS 0x0000000705e00000, 0x0000000705e00000|
|  95|0x0000000705f00000, 0x0000000705f00000, 0x0000000706000000|  0%| F|  |TS  0|AC  0|TAMS 0x0000000705f00000, 0x0000000705f00000|
|  96|0x0000000706000000, 0x0000000706000000, 0x0000000706100000|  0%| F|  |TS  0|AC  0|TAMS 0x0000000706000000, 0x0000000706000000|
|  97|0x0000000706100000, 0x0000000706100000, 0x0000000706200000|  0%| F|  |TS  0|AC  0|TAMS 0x0000000706100000, 0x0000000706100000|
|  98|0x0000000706200000, 0x0000000706200000, 0x0000000706300000|  0%| F|  |TS  0|AC  0|TAMS 0x0000000706200000, 0x0000000706200000|
|  99|0x0000000706300000, 0x0000000706300000, 0x0000000706400000|  0%| F|  |TS  0|AC  0|TAMS 0x0000000706300000, 0x0000000706300000|
| 100|0x0000000706400000, 0x0000000706400000, 0x0000000706500000|  0%| F|  |TS  0|AC  0|TAMS 0x0000000706400000, 0x0000000706400000|
| 101|0x0000000706500000, 0x0000000706500000, 0x0000000706600000|  0%| F|  |TS  0|AC  0|TAMS 0x0000000706500000, 0x0000000706500000|
| 102|0x0000000706600000, 0x0000000706600000, 0x0000000706700000|  0%| F|  |TS  0|AC  0|TAMS 0x0000000706600000, 0x0000000706600000|
| 103|0x0000000706700000, 0x0000000706700000, 0x0000000706800000|  0%| F|  |TS  0|AC  0|TAMS 0x0000000706700000, 0x0000000706700000|
| 104|0x0000000706800000, 0x0000000706800000, 0x0000000706900000|  0%| F|  |TS  0|AC  0|TAMS 0x0000000706800000, 0x0000000706800000|
| 105|0x0000000706900000, 0x0000000706900000, 0x0000000706a00000|  0%| F|  |TS  0|AC  0|TAMS 0x0000000706900000, 0x0000000706900000|
| 106|0x0000000706a00000, 0x0000000706a00000, 0x0000000706b00000|  0%| F|  |TS  0|AC  0|TAMS 0x0000000706a00000, 0x0000000706a00000|
| 107|0x0000000706b00000, 0x0000000706b00000, 0x0000000706c00000|  0%| F|  |TS  0|AC  0|TAMS 0x0000000706b00000, 0x0000000706b00000|
| 108|0x0000000706c00000, 0x0000000706c00000, 0x0000000706d00000|  0%| F|  |TS  0|AC  0|TAMS 0x0000000706c00000, 0x0000000706c00000|
| 109|0x0000000706d00000, 0x0000000706d00000, 0x0000000706e00000|  0%| F|  |TS  0|AC  0|TAMS 0x0000000706d00000, 0x0000000706d00000|
| 110|0x0000000706e00000, 0x0000000706e00000, 0x0000000706f00000|  0%| F|  |TS  0|AC  0|TAMS 0x0000000706e00000, 0x0000000706e00000|
| 111|0x0000000706f00000, 0x0000000706f00000, 0x0000000707000000|  0%| F|  |TS  0|AC  0|TAMS 0x0000000706f00000, 0x0000000706f00000|
| 112|0x0000000707000000, 0x0000000707000000, 0x0000000707100000|  0%| F|  |TS  0|AC  0|TAMS 0x0000000707000000, 0x0000000707000000|
| 113|0x0000000707100000, 0x0000000707100000, 0x0000000707200000|  0%| F|  |TS  0|AC  0|TAMS 0x0000000707100000, 0x0000000707100000|
| 114|0x0000000707200000, 0x0000000707200000, 0x0000000707300000|  0%| F|  |TS  0|AC  0|TAMS 0x0000000707200000, 0x0000000707200000|
| 115|0x0000000707300000, 0x0000000707300000, 0x0000000707400000|  0%| F|  |TS  0|AC  0|TAMS 0x0000000707300000, 0x0000000707300000|
| 116|0x0000000707400000, 0x0000000707400000, 0x0000000707500000|  0%| F|  |TS  0|AC  0|TAMS 0x0000000707400000, 0x0000000707400000|
| 117|0x0000000707500000, 0x0000000707500000, 0x0000000707600000|  0%| F|  |TS  0|AC  0|TAMS 0x0000000707500000, 0x0000000707500000|
| 118|0x0000000707600000, 0x0000000707600000, 0x0000000707700000|  0%| F|  |TS  0|AC  0|TAMS 0x0000000707600000, 0x0000000707600000|
| 119|0x0000000707700000, 0x0000000707700000, 0x0000000707800000|  0%| F|  |TS  0|AC  0|TAMS 0x0000000707700000, 0x0000000707700000|
| 120|0x0000000707800000, 0x0000000707800000, 0x0000000707900000|  0%| F|  |TS  0|AC  0|TAMS 0x0000000707800000, 0x0000000707800000|
| 121|0x0000000707900000, 0x0000000707900000, 0x0000000707a00000|  0%| F|  |TS  0|AC  0|TAMS 0x0000000707900000, 0x0000000707900000|
| 122|0x0000000707a00000, 0x0000000707a00000, 0x0000000707b00000|  0%| F|  |TS  0|AC  0|TAMS 0x0000000707a00000, 0x0000000707a00000|
| 123|0x0000000707b00000, 0x0000000707b00000, 0x0000000707c00000|  0%| F|  |TS 11|AC  0|TAMS 0x0000000707b00000, 0x0000000707b00000|
| 124|0x0000000707c00000, 0x0000000707c00000, 0x0000000707d00000|  0%| F|  |TS 15|AC  0|TAMS 0x0000000707c00000, 0x0000000707c00000|
| 125|0x0000000707d00000, 0x0000000707dee4f8, 0x0000000707e00000| 93%| S|CS|TS 15|AC  0|TAMS 0x0000000707d00000, 0x0000000707d00000|
| 126|0x0000000707e00000, 0x0000000707e00000, 0x0000000707f00000|  0%| F|  |TS 15|AC  0|TAMS 0x0000000707e00000, 0x0000000707e00000|
| 127|0x0000000707f00000, 0x0000000707f00000, 0x0000000708000000|  0%| F|  |TS 15|AC  0|TAMS 0x0000000707f00000, 0x0000000707f00000|
| 128|0x0000000708000000, 0x0000000708000000, 0x0000000708100000|  0%| F|  |TS 15|AC  0|TAMS 0x0000000708000000, 0x0000000708000000|
| 129|0x0000000708100000, 0x0000000708100000, 0x0000000708200000|  0%| F|  |TS 15|AC  0|TAMS 0x0000000708100000, 0x0000000708100000|
| 130|0x0000000708200000, 0x0000000708200000, 0x0000000708300000|  0%| F|  |TS 15|AC  0|TAMS 0x0000000708200000, 0x0000000708200000|
| 131|0x0000000708300000, 0x0000000708300000, 0x0000000708400000|  0%| F|  |TS 15|AC  0|TAMS 0x0000000708300000, 0x0000000708300000|
| 132|0x0000000708400000, 0x0000000708400000, 0x0000000708500000|  0%| F|  |TS 15|AC  0|TAMS 0x0000000708400000, 0x0000000708400000|
| 133|0x0000000708500000, 0x0000000708500000, 0x0000000708600000|  0%| F|  |TS 15|AC  0|TAMS 0x0000000708500000, 0x0000000708500000|
| 134|0x0000000708600000, 0x0000000708600000, 0x0000000708700000|  0%| F|  |TS 15|AC  0|TAMS 0x0000000708600000, 0x0000000708600000|
| 135|0x0000000708700000, 0x0000000708700000, 0x0000000708800000|  0%| F|  |TS 15|AC  0|TAMS 0x0000000708700000, 0x0000000708700000|
| 136|0x0000000708800000, 0x0000000708800000, 0x0000000708900000|  0%| F|  |TS 15|AC  0|TAMS 0x0000000708800000, 0x0000000708800000|
| 137|0x0000000708900000, 0x0000000708900000, 0x0000000708a00000|  0%| F|  |TS 15|AC  0|TAMS 0x0000000708900000, 0x0000000708900000|
| 138|0x0000000708a00000, 0x0000000708a00000, 0x0000000708b00000|  0%| F|  |TS 15|AC  0|TAMS 0x0000000708a00000, 0x0000000708a00000|
| 139|0x0000000708b00000, 0x0000000708b00000, 0x0000000708c00000|  0%| F|  |TS 15|AC  0|TAMS 0x0000000708b00000, 0x0000000708b00000|
| 140|0x0000000708c00000, 0x0000000708c00000, 0x0000000708d00000|  0%| F|  |TS 15|AC  0|TAMS 0x0000000708c00000, 0x0000000708c00000|
| 141|0x0000000708d00000, 0x0000000708d00000, 0x0000000708e00000|  0%| F|  |TS 15|AC  0|TAMS 0x0000000708d00000, 0x0000000708d00000|
| 142|0x0000000708e00000, 0x0000000708e00000, 0x0000000708f00000|  0%| F|  |TS 15|AC  0|TAMS 0x0000000708e00000, 0x0000000708e00000|
| 143|0x0000000708f00000, 0x0000000708f00000, 0x0000000709000000|  0%| F|  |TS 15|AC  0|TAMS 0x0000000708f00000, 0x0000000708f00000|
| 144|0x0000000709000000, 0x0000000709000000, 0x0000000709100000|  0%| F|  |TS 15|AC  0|TAMS 0x0000000709000000, 0x0000000709000000|
| 145|0x0000000709100000, 0x0000000709100000, 0x0000000709200000|  0%| F|  |TS 15|AC  0|TAMS 0x0000000709100000, 0x0000000709100000|
| 146|0x0000000709200000, 0x0000000709200000, 0x0000000709300000|  0%| F|  |TS 15|AC  0|TAMS 0x0000000709200000, 0x0000000709200000|
| 147|0x0000000709300000, 0x0000000709300000, 0x0000000709400000|  0%| F|  |TS 15|AC  0|TAMS 0x0000000709300000, 0x0000000709300000|
| 148|0x0000000709400000, 0x0000000709400000, 0x0000000709500000|  0%| F|  |TS 15|AC  0|TAMS 0x0000000709400000, 0x0000000709400000|
| 149|0x0000000709500000, 0x0000000709500000, 0x0000000709600000|  0%| F|  |TS 15|AC  0|TAMS 0x0000000709500000, 0x0000000709500000|
| 150|0x0000000709600000, 0x0000000709600000, 0x0000000709700000|  0%| F|  |TS 15|AC  0|TAMS 0x0000000709600000, 0x0000000709600000|
| 151|0x0000000709700000, 0x0000000709700000, 0x0000000709800000|  0%| F|  |TS 15|AC  0|TAMS 0x0000000709700000, 0x0000000709700000|
| 152|0x0000000709800000, 0x0000000709800000, 0x0000000709900000|  0%| F|  |TS 15|AC  0|TAMS 0x0000000709800000, 0x0000000709800000|
| 153|0x0000000709900000, 0x0000000709900000, 0x0000000709a00000|  0%| F|  |TS 15|AC  0|TAMS 0x0000000709900000, 0x0000000709900000|
| 154|0x0000000709a00000, 0x0000000709aa3308, 0x0000000709b00000| 63%| E|  |TS 15|AC  0|TAMS 0x0000000709a00000, 0x0000000709a00000|
| 155|0x0000000709b00000, 0x0000000709c00000, 0x0000000709c00000|100%| E|CS|TS 15|AC  0|TAMS 0x0000000709b00000, 0x0000000709b00000|
| 156|0x0000000709c00000, 0x0000000709d00000, 0x0000000709d00000|100%| E|CS|TS 15|AC  0|TAMS 0x0000000709c00000, 0x0000000709c00000|
| 157|0x0000000709d00000, 0x0000000709e00000, 0x0000000709e00000|100%| E|CS|TS 15|AC  0|TAMS 0x0000000709d00000, 0x0000000709d00000|
| 158|0x0000000709e00000, 0x0000000709f00000, 0x0000000709f00000|100%| E|CS|TS 15|AC  0|TAMS 0x0000000709e00000, 0x0000000709e00000|
| 159|0x0000000709f00000, 0x000000070a000000, 0x000000070a000000|100%| E|CS|TS 15|AC  0|TAMS 0x0000000709f00000, 0x0000000709f00000|
| 160|0x000000070a000000, 0x000000070a100000, 0x000000070a100000|100%| E|CS|TS 15|AC  0|TAMS 0x000000070a000000, 0x000000070a000000|
| 161|0x000000070a100000, 0x000000070a200000, 0x000000070a200000|100%| E|CS|TS 15|AC  0|TAMS 0x000000070a100000, 0x000000070a100000|
| 162|0x000000070a200000, 0x000000070a300000, 0x000000070a300000|100%| E|CS|TS 15|AC  0|TAMS 0x000000070a200000, 0x000000070a200000|
| 163|0x000000070a300000, 0x000000070a400000, 0x000000070a400000|100%| E|CS|TS 15|AC  0|TAMS 0x000000070a300000, 0x000000070a300000|
| 164|0x000000070a400000, 0x000000070a500000, 0x000000070a500000|100%| E|CS|TS 15|AC  0|TAMS 0x000000070a400000, 0x000000070a400000|
| 165|0x000000070a500000, 0x000000070a600000, 0x000000070a600000|100%| E|CS|TS 15|AC  0|TAMS 0x000000070a500000, 0x000000070a500000|
| 166|0x000000070a600000, 0x000000070a700000, 0x000000070a700000|100%| E|CS|TS 15|AC  0|TAMS 0x000000070a600000, 0x000000070a600000|
| 167|0x000000070a700000, 0x000000070a800000, 0x000000070a800000|100%| E|CS|TS 15|AC  0|TAMS 0x000000070a700000, 0x000000070a700000|
| 168|0x000000070a800000, 0x000000070a900000, 0x000000070a900000|100%| E|CS|TS 15|AC  0|TAMS 0x000000070a800000, 0x000000070a800000|
| 169|0x000000070a900000, 0x000000070aa00000, 0x000000070aa00000|100%| E|CS|TS 15|AC  0|TAMS 0x000000070a900000, 0x000000070a900000|
| 170|0x000000070aa00000, 0x000000070ab00000, 0x000000070ab00000|100%| E|CS|TS 15|AC  0|TAMS 0x000000070aa00000, 0x000000070aa00000|
| 171|0x000000070ab00000, 0x000000070ac00000, 0x000000070ac00000|100%| E|CS|TS 15|AC  0|TAMS 0x000000070ab00000, 0x000000070ab00000|
| 172|0x000000070ac00000, 0x000000070ad00000, 0x000000070ad00000|100%| E|CS|TS 15|AC  0|TAMS 0x000000070ac00000, 0x000000070ac00000|
| 173|0x000000070ad00000, 0x000000070ae00000, 0x000000070ae00000|100%| E|CS|TS 15|AC  0|TAMS 0x000000070ad00000, 0x000000070ad00000|
| 174|0x000000070ae00000, 0x000000070af00000, 0x000000070af00000|100%| E|CS|TS 15|AC  0|TAMS 0x000000070ae00000, 0x000000070ae00000|
| 175|0x000000070af00000, 0x000000070b000000, 0x000000070b000000|100%| E|CS|TS 15|AC  0|TAMS 0x000000070af00000, 0x000000070af00000|
| 176|0x000000070b000000, 0x000000070b100000, 0x000000070b100000|100%| E|CS|TS 15|AC  0|TAMS 0x000000070b000000, 0x000000070b000000|
| 177|0x000000070b100000, 0x000000070b200000, 0x000000070b200000|100%| E|CS|TS 15|AC  0|TAMS 0x000000070b100000, 0x000000070b100000|
| 178|0x000000070b200000, 0x000000070b300000, 0x000000070b300000|100%| E|CS|TS 15|AC  0|TAMS 0x000000070b200000, 0x000000070b200000|
| 179|0x000000070b300000, 0x000000070b400000, 0x000000070b400000|100%| E|CS|TS 15|AC  0|TAMS 0x000000070b300000, 0x000000070b300000|
| 180|0x000000070b400000, 0x000000070b500000, 0x000000070b500000|100%| E|CS|TS 15|AC  0|TAMS 0x000000070b400000, 0x000000070b400000|
| 181|0x000000070b500000, 0x000000070b600000, 0x000000070b600000|100%| E|CS|TS 15|AC  0|TAMS 0x000000070b500000, 0x000000070b500000|
| 182|0x000000070b600000, 0x000000070b700000, 0x000000070b700000|100%| E|CS|TS 15|AC  0|TAMS 0x000000070b600000, 0x000000070b600000|
| 183|0x000000070b700000, 0x000000070b800000, 0x000000070b800000|100%| E|CS|TS 15|AC  0|TAMS 0x000000070b700000, 0x000000070b700000|
| 184|0x000000070b800000, 0x000000070b900000, 0x000000070b900000|100%| E|CS|TS 15|AC  0|TAMS 0x000000070b800000, 0x000000070b800000|

Card table byte_map: [0x000001fac6360000,0x000001fac6960000] byte_map_base: 0x000001fac2b60000

Marking Bits (Prev, Next): (CMBitMap*) 0x000001fac0f0ae18, (CMBitMap*) 0x000001fac0f0ade0
 Prev Bits: [0x000001fae1850000, 0x000001fae4850000)
 Next Bits: [0x000001fade850000, 0x000001fae1850000)

Polling page: 0x000001fab99e0000

CodeHeap 'non-profiled nmethods': size=119168Kb used=20957Kb max_used=21008Kb free=98210Kb
 bounds [0x000001fad73f0000, 0x000001fad88a0000, 0x000001fade850000]
CodeHeap 'profiled nmethods': size=119168Kb used=47127Kb max_used=47127Kb free=72041Kb
 bounds [0x000001facff90000, 0x000001fad2e00000, 0x000001fad73f0000]
CodeHeap 'non-nmethods': size=7424Kb used=3492Kb max_used=3539Kb free=3931Kb
 bounds [0x000001facf850000, 0x000001facfbe0000, 0x000001facff90000]
 total_blobs=32232 nmethods=18398 adapters=1148
 compilation: enabled

Compilation events (10 events):
Event: 411.739 Thread 0x000001fac2a0b000 22296       3       javax.swing.plaf.basic.BasicListUI::getModelIndex (95 bytes)
Event: 411.739 Thread 0x000001fac2a0e800 22294       3       javax.swing.plaf.basic.BasicListUI::convertLocationToRowInColumn (62 bytes)
Event: 411.739 Thread 0x000001fac2a0c000 22295       3       javax.swing.plaf.basic.BasicListUI::getRowCount (153 bytes)
Event: 411.740 Thread 0x000001fac2a0b000 nmethod 22296 0x000001fad1c09510 code [0x000001fad1c09720, 0x000001fad1c09de0]
Event: 411.740 Thread 0x000001fac2a0c000 nmethod 22295 0x000001fad1ccde10 code [0x000001fad1cce020, 0x000001fad1cce910]
Event: 411.740 Thread 0x000001fac2a0e800 nmethod 22294 0x000001fad1b75a10 code [0x000001fad1b75be0, 0x000001fad1b76020]
Event: 411.742 Thread 0x000001fac2a0d000 22297       3       javax.swing.tree.DefaultTreeCellRenderer::setBackground (15 bytes)
Event: 411.742 Thread 0x000001fac2a0d000 nmethod 22297 0x000001fad1b5f610 code [0x000001fad1b5f7e0, 0x000001fad1b5fab0]
Event: 411.746 Thread 0x000001fac29fa000 22298       4       javax.swing.tree.VariableHeightLayoutCache::getRowForPath (25 bytes)
Event: 411.748 Thread 0x000001fac29fa000 nmethod 22298 0x000001fad80acf10 code [0x000001fad80ad0c0, 0x000001fad80ad468]

GC Heap History (10 events):
Event: 404.493 GC heap before
{Heap before GC invocations=167 (full 52):
 garbage-first heap   total 189440K, used 137272K [0x0000000700000000, 0x00000007001005c8, 0x00000007c0000000)
  region size 1024K, 60 young (61440K), 1 survivors (1024K)
 Metaspace       used 86583K, capacity 92965K, committed 93312K, reserved 1130496K
  class space    used 11685K, capacity 12801K, committed 12928K, reserved 1048576K
}
Event: 404.495 GC heap after
{Heap after GC invocations=168 (full 52):
 garbage-first heap   total 189440K, used 76941K [0x0000000700000000, 0x00000007001005c8, 0x00000007c0000000)
  region size 1024K, 1 young (1024K), 1 survivors (1024K)
 Metaspace       used 86583K, capacity 92965K, committed 93312K, reserved 1130496K
  class space    used 11685K, capacity 12801K, committed 12928K, reserved 1048576K
}
Event: 409.714 GC heap before
{Heap before GC invocations=168 (full 52):
 garbage-first heap   total 189440K, used 137357K [0x0000000700000000, 0x00000007001005c8, 0x00000007c0000000)
  region size 1024K, 61 young (62464K), 1 survivors (1024K)
 Metaspace       used 86644K, capacity 93041K, committed 93312K, reserved 1130496K
  class space    used 11685K, capacity 12801K, committed 12928K, reserved 1048576K
}
Event: 409.716 GC heap after
{Heap after GC invocations=169 (full 52):
 garbage-first heap   total 189440K, used 77220K [0x0000000700000000, 0x00000007001005c8, 0x00000007c0000000)
  region size 1024K, 1 young (1024K), 1 survivors (1024K)
 Metaspace       used 86644K, capacity 93041K, committed 93312K, reserved 1130496K
  class space    used 11685K, capacity 12801K, committed 12928K, reserved 1048576K
}
Event: 410.776 GC heap before
{Heap before GC invocations=169 (full 52):
 garbage-first heap   total 189440K, used 137636K [0x0000000700000000, 0x00000007001005c8, 0x00000007c0000000)
  region size 1024K, 60 young (61440K), 1 survivors (1024K)
 Metaspace       used 86648K, capacity 93041K, committed 93312K, reserved 1130496K
  class space    used 11685K, capacity 12801K, committed 12928K, reserved 1048576K
}
Event: 410.777 GC heap after
{Heap after GC invocations=170 (full 52):
 garbage-first heap   total 189440K, used 77214K [0x0000000700000000, 0x00000007001005c8, 0x00000007c0000000)
  region size 1024K, 1 young (1024K), 1 survivors (1024K)
 Metaspace       used 86648K, capacity 93041K, committed 93312K, reserved 1130496K
  class space    used 11685K, capacity 12801K, committed 12928K, reserved 1048576K
}
Event: 410.899 GC heap before
{Heap before GC invocations=170 (full 52):
 garbage-first heap   total 189440K, used 137630K [0x0000000700000000, 0x00000007001005c8, 0x00000007c0000000)
  region size 1024K, 60 young (61440K), 1 survivors (1024K)
 Metaspace       used 86656K, capacity 93041K, committed 93312K, reserved 1130496K
  class space    used 11685K, capacity 12801K, committed 12928K, reserved 1048576K
}
Event: 410.901 GC heap after
{Heap after GC invocations=171 (full 52):
 garbage-first heap   total 189440K, used 77155K [0x0000000700000000, 0x00000007001005c8, 0x00000007c0000000)
  region size 1024K, 1 young (1024K), 1 survivors (1024K)
 Metaspace       used 86656K, capacity 93041K, committed 93312K, reserved 1130496K
  class space    used 11685K, capacity 12801K, committed 12928K, reserved 1048576K
}
Event: 411.719 GC heap before
{Heap before GC invocations=171 (full 52):
 garbage-first heap   total 189440K, used 137571K [0x0000000700000000, 0x00000007001005c8, 0x00000007c0000000)
  region size 1024K, 60 young (61440K), 1 survivors (1024K)
 Metaspace       used 86658K, capacity 93041K, committed 93312K, reserved 1130496K
  class space    used 11685K, capacity 12801K, committed 12928K, reserved 1048576K
}
Event: 411.721 GC heap after
{Heap after GC invocations=172 (full 52):
 garbage-first heap   total 189440K, used 77369K [0x0000000700000000, 0x00000007001005c8, 0x00000007c0000000)
  region size 1024K, 1 young (1024K), 1 survivors (1024K)
 Metaspace       used 86658K, capacity 93041K, committed 93312K, reserved 1130496K
  class space    used 11685K, capacity 12801K, committed 12928K, reserved 1048576K
}

Deoptimization events (10 events):
Event: 361.952 Thread 0x000001fae88c5000 Uncommon trap: reason=unstable_if action=reinterpret pc=0x000001fad82c347c method=de.javasoft.plaf.synthetica.painter.AnimationThreadFactory$AnimationThread.addComponent(Ljavax/swing/JComponent;Ljava/lang/String;II[Ljava/lang/String;ILjava/awt/Rectangle;)
Event: 363.818 Thread 0x000001fae88c5000 Uncommon trap: reason=class_check action=maybe_recompile pc=0x000001fad83323bc method=com.jidesoft.swing.JideSwingUtilities.getButtonState(Ljavax/swing/AbstractButton;)I @ 37 c2
Event: 364.154 Thread 0x000001fae88c5000 Uncommon trap: reason=class_check action=maybe_recompile pc=0x000001fad83aa2f0 method=ui.views.waveform.executive.protobuf.WVTree$WVTreeNode.getColumnValuesCount()I @ 4 c2
Event: 364.154 Thread 0x000001fae88c5000 Uncommon trap: reason=class_check action=maybe_recompile pc=0x000001fad83aa2f0 method=ui.views.waveform.executive.protobuf.WVTree$WVTreeNode.getColumnValuesCount()I @ 4 c2
Event: 364.295 Thread 0x000001fae88c5000 Uncommon trap: reason=unstable_if action=reinterpret pc=0x000001fad8618a4c method=com.jidesoft.editor.highlight.DefaultHighlighter.paintLayeredHighlights(Ljava/awt/Graphics;IILjava/awt/Shape;Lcom/jidesoft/editor/CodeEditor;)V @ 107 c2
Event: 364.712 Thread 0x000001fae88c5000 Uncommon trap: reason=unstable_if action=reinterpret pc=0x000001fad863891c method=java.awt.Component.getLocationOnScreen_NoTreeLock()Ljava/awt/Point; @ 11 c2
Event: 408.379 Thread 0x000001fae88c5000 Uncommon trap: reason=class_check action=maybe_recompile pc=0x000001fad75ef2fc method=java.nio.charset.CharsetEncoder.reset()Ljava/nio/charset/CharsetEncoder; @ 1 c2
Event: 409.254 Thread 0x000001fae88c5000 Uncommon trap: reason=unstable_if action=reinterpret pc=0x000001fad86f7e1c method=javax.swing.JTree.getExpandedDescendants(Ljavax/swing/tree/TreePath;)Ljava/util/Enumeration; @ 74 c2
Event: 411.668 Thread 0x000001fae88c5000 Uncommon trap: reason=class_check action=maybe_recompile pc=0x000001fad86b2d1c method=javax.swing.AbstractButton.setEnabled(Z)V @ 21 c2
Event: 411.694 Thread 0x000001fae88c5000 Uncommon trap: reason=unstable_if action=reinterpret pc=0x000001fad78e54e4 method=javax.swing.DefaultButtonModel.setArmed(Z)V @ 36 c2

Classes redefined (0 events):
No events

Internal exceptions (10 events):
Event: 281.649 Thread 0x000001fae88c5000 Exception <a 'java/lang/NoSuchMethodError'{0x000000070a593e50}: method resolution failed> (0x000000070a593e50) thrown at [t:/workspace/hotspot/src/share/vm/prims/methodHandles.cpp, line 1256]
Event: 281.649 Thread 0x000001fae88c5000 Exception <a 'java/lang/NoSuchMethodError'{0x000000070a597f88}: java.lang.invoke.DelegatingMethodHandle$Holder.reinvoke_L(Ljava/lang/Object;Ljava/lang/Object;IILjava/lang/Object;Ljava/lang/Object;ILjava/lang/Object;II)Ljava/lang/Object;> (0x000000070a597f
Event: 281.651 Thread 0x000001fae88c5000 Exception <a 'java/lang/NoSuchMethodError'{0x000000070a404c60}: java.lang.invoke.DirectMethodHandle$Holder.invokeSpecial(Ljava/lang/Object;Ljava/lang/Object;IIILjava/lang/Object;Ljava/lang/Object;ILjava/lang/Object;II)Ljava/lang/Object;> (0x000000070a404c
Event: 281.651 Thread 0x000001fae88c5000 Exception <a 'java/lang/NoSuchMethodError'{0x000000070a408788}: java.lang.invoke.DelegatingMethodHandle$Holder.reinvoke_L(Ljava/lang/Object;IIILjava/lang/Object;Ljava/lang/Object;ILjava/lang/Object;II)Ljava/lang/Object;> (0x000000070a408788) thrown at [t:
Event: 281.651 Thread 0x000001fae88c5000 Exception <a 'java/lang/NoSuchMethodError'{0x000000070a426a48}: method resolution failed> (0x000000070a426a48) thrown at [t:/workspace/hotspot/src/share/vm/prims/methodHandles.cpp, line 1256]
Event: 281.690 Thread 0x000001fae88c5000 Exception <a 'java/lang/NoSuchMethodError'{0x0000000709e85388}: java.lang.invoke.DirectMethodHandle$Holder.invokeSpecial(Ljava/lang/Object;Ljava/lang/Object;ILjava/lang/Object;)V> (0x0000000709e85388) thrown at [t:/workspace/hotspot/src/share/vm/interpret
Event: 281.690 Thread 0x000001fae88c5000 Exception <a 'java/lang/NoSuchMethodError'{0x0000000709e8acb0}: java.lang.invoke.DirectMethodHandle$Holder.invokeStatic(Ljava/lang/Object;Ljava/lang/Object;ILjava/lang/Object;)Ljava/lang/Object;> (0x0000000709e8acb0) thrown at [t:/workspace/hotspot/src/sh
Event: 300.045 Thread 0x000001fae88c5000 Exception <a 'java/lang/NoSuchMethodError'{0x000000070aac25e0}: method resolution failed> (0x000000070aac25e0) thrown at [t:/workspace/hotspot/src/share/vm/prims/methodHandles.cpp, line 1256]
Event: 320.092 Thread 0x000001faea40c800 Implicit null exception at 0x000001fad87ad704 to 0x000001fad87af589
Event: 364.712 Thread 0x000001fae88c5000 Exception <a 'java/awt/IllegalComponentStateException'{0x0000000708a27270}> (0x0000000708a27270) thrown at [t:/workspace/hotspot/src/share/vm/prims/jvm.cpp, line 1314]

Events (10 events):
Event: 411.668 Thread 0x000001fae88c5000 DEOPT UNPACKING pc=0x000001facf89da29 sp=0x0000009f50cf5578 mode 2
Event: 411.694 Thread 0x000001fae88c5000 Uncommon trap: trap_request=0xffffff5d fr.pc=0x000001fad78e54e4 relative=0x0000000000000524
Event: 411.694 Thread 0x000001fae88c5000 DEOPT PACKING pc=0x000001fad78e54e4 sp=0x0000009f50cfb390
Event: 411.694 Thread 0x000001fae88c5000 DEOPT UNPACKING pc=0x000001facf89da29 sp=0x0000009f50cfb360 mode 2
Event: 411.719 Executing VM operation: G1IncCollectionPause
Event: 411.721 Executing VM operation: G1IncCollectionPause done
Event: 411.727 Executing VM operation: BulkRevokeBias
Event: 411.727 Executing VM operation: BulkRevokeBias done
Event: 412.032 Thread 0x000001fae8a5c000 Thread added: 0x000001fae8a5c000
Event: 412.035 Thread 0x000001fae8a5c000 Thread exited: 0x000001fae8a5c000


Dynamic libraries:
0x00007ff6be750000 - 0x00007ff6be780000 	D:\software\Xilinx\Vivado\2019.2\bin\unwrapped\win64.o\vivado.exe
0x00007ff974950000 - 0x00007ff974b48000 	C:\Windows\SYSTEM32\ntdll.dll
0x00007ff972b00000 - 0x00007ff972bbd000 	C:\Windows\System32\KERNEL32.DLL
0x00007ff9720a0000 - 0x00007ff972396000 	C:\Windows\System32\KERNELBASE.dll
0x00007ff972560000 - 0x00007ff972660000 	C:\Windows\System32\ucrtbase.dll
0x00007ff95cef0000 - 0x00007ff95cf7d000 	C:\Windows\SYSTEM32\MSVCP140.dll
0x00007ff95d8f0000 - 0x00007ff95d90e000 	C:\Windows\SYSTEM32\VCRUNTIME140.dll
0x00007ff950680000 - 0x00007ff950696000 	D:\software\Xilinx\Vivado\2019.2\lib\win64.o\librdi_commonmain.dll
0x00007ff950660000 - 0x00007ff950674000 	D:\software\Xilinx\Vivado\2019.2\lib\win64.o\libboost_signals.dll
0x00007ff95f520000 - 0x00007ff95f52c000 	C:\Windows\SYSTEM32\VCRUNTIME140_1.dll
0x00007ff950630000 - 0x00007ff950656000 	D:\software\Xilinx\Vivado\2019.2\lib\win64.o\libboost_filesystem.dll
0x00007ff95e320000 - 0x00007ff95e32a000 	D:\software\Xilinx\Vivado\2019.2\lib\win64.o\librdi_commonversion.dll
0x00007ff925010000 - 0x00007ff925f53000 	D:\software\Xilinx\Vivado\2019.2\lib\win64.o\librdi_common.dll
0x00007ff973330000 - 0x00007ff9733df000 	C:\Windows\System32\ADVAPI32.dll
0x00007ff973480000 - 0x00007ff97351e000 	C:\Windows\System32\msvcrt.dll
0x00007ff974690000 - 0x00007ff97482e000 	C:\Windows\System32\USER32.dll
0x00007ff973290000 - 0x00007ff97332c000 	C:\Windows\System32\sechost.dll
0x00007ff972660000 - 0x00007ff972682000 	C:\Windows\System32\win32u.dll
0x00007ff973d20000 - 0x00007ff973e46000 	C:\Windows\System32\RPCRT4.dll
0x00007ff972bc0000 - 0x00007ff972bec000 	C:\Windows\System32\GDI32.dll
0x00007ff9262f0000 - 0x00007ff926491000 	D:\software\Xilinx\Vivado\2019.2\lib\win64.o\librdi_commonxillic.dll
0x00007ff9727f0000 - 0x00007ff97290a000 	C:\Windows\System32\gdi32full.dll
0x00007ff9733e0000 - 0x00007ff97344b000 	C:\Windows\System32\WS2_32.dll
0x00007ff972910000 - 0x00007ff9729ad000 	C:\Windows\System32\msvcp_win.dll
0x00007ff9724e0000 - 0x00007ff972507000 	C:\Windows\System32\bcrypt.dll
0x00007ff973520000 - 0x00007ff973c65000 	C:\Windows\System32\SHELL32.dll
0x000000006ad30000 - 0x000000006ae5b000 	D:\software\Xilinx\Vivado\2019.2\lib\win64.o\tcl85t.dll
0x00007ff95e200000 - 0x00007ff95e20b000 	D:\software\Xilinx\Vivado\2019.2\lib\win64.o\libboost_system.dll
0x00007ff950610000 - 0x00007ff950624000 	D:\software\Xilinx\Vivado\2019.2\lib\win64.o\libboost_date_time.dll
0x00007ff924ca0000 - 0x00007ff92500e000 	D:\software\Xilinx\Vivado\2019.2\lib\win64.o\libCOIN-all.dll
0x00007ff935530000 - 0x00007ff9355af000 	D:\software\Xilinx\Vivado\2019.2\lib\win64.o\libboost_program_options.dll
0x00007ff9261d0000 - 0x00007ff9262e4000 	D:\software\Xilinx\Vivado\2019.2\lib\win64.o\libboost_regex.dll
0x00007ff935500000 - 0x00007ff935521000 	D:\software\Xilinx\Vivado\2019.2\lib\win64.o\libboost_thread.dll
0x00007ff956b90000 - 0x00007ff956b9f000 	D:\software\Xilinx\Vivado\2019.2\lib\win64.o\libboost_xilinx.dll
0x00007ff924c10000 - 0x00007ff924c92000 	D:\software\Xilinx\Vivado\2019.2\lib\win64.o\libhdlpsolve.dll
0x00007ff924b60000 - 0x00007ff924c05000 	D:\software\Xilinx\Vivado\2019.2\lib\win64.o\libhdxml.dll
0x00007ff9261a0000 - 0x00007ff9261ce000 	D:\software\Xilinx\Vivado\2019.2\lib\win64.o\libisl_sysinfo.dll
0x00007ff924af0000 - 0x00007ff924b55000 	D:\software\Xilinx\Vivado\2019.2\lib\win64.o\liblmx6.0.dll
0x00007ff9505f0000 - 0x00007ff95060a000 	D:\software\Xilinx\Vivado\2019.2\lib\win64.o\pthreadVC2.dll
0x00007ff924ad0000 - 0x00007ff924aec000 	D:\software\Xilinx\Vivado\2019.2\lib\win64.o\librdiconfig.dll
0x00007ff924aa0000 - 0x00007ff924ac1000 	D:\software\Xilinx\Vivado\2019.2\lib\win64.o\librdizlib.dll
0x0000000012000000 - 0x0000000012270000 	D:\software\Xilinx\Vivado\2019.2\lib\win64.o\xerces-c_3_1.dll
0x00007ff8a6550000 - 0x00007ff8a682b000 	D:\software\Xilinx\Vivado\2019.2\lib\win64.o\libXil_lmgr11.dll
0x00007ff974830000 - 0x00007ff97490a000 	C:\Windows\System32\COMDLG32.dll
0x00007ff8a4570000 - 0x00007ff8a516c200 	D:\software\Xilinx\Vivado\2019.2\lib\win64.o\libisl_iostreams.dll
0x00007ff972f20000 - 0x00007ff973274000 	C:\Windows\System32\combase.dll
0x00007ff973c70000 - 0x00007ff973d1d000 	C:\Windows\System32\shcore.dll
0x00007ff972ec0000 - 0x00007ff972f15000 	C:\Windows\System32\SHLWAPI.dll
0x00007ff9729b0000 - 0x00007ff972a7d000 	C:\Windows\System32\OLEAUT32.dll
0x00007ff972d90000 - 0x00007ff972ebb000 	C:\Windows\System32\ole32.dll
0x00007ff95ead0000 - 0x00007ff95efa6000 	C:\Windows\SYSTEM32\WININET.dll
0x00007ff95ae40000 - 0x00007ff95ae59000 	C:\Windows\SYSTEM32\NETAPI32.dll
0x00007ff972030000 - 0x00007ff972097000 	C:\Windows\System32\WINTRUST.dll
0x00007ff969890000 - 0x00007ff96999a000 	C:\Windows\SYSTEM32\WINHTTP.dll
0x00007ff9622c0000 - 0x00007ff9624ad000 	C:\Windows\SYSTEM32\urlmon.dll
0x00007ff972690000 - 0x00007ff9727ed000 	C:\Windows\System32\CRYPT32.dll
0x00007ff952760000 - 0x00007ff952769000 	C:\Windows\SYSTEM32\WSOCK32.dll
0x00007ff924a70000 - 0x00007ff924aa0000 	C:\Windows\SYSTEM32\VCOMP140.DLL
0x00007ff8a36d0000 - 0x00007ff8a4561000 	D:\software\Xilinx\Vivado\2019.2\lib\win64.o\gurobi65.dll
0x00007ff956b60000 - 0x00007ff956b6d000 	D:\software\Xilinx\Vivado\2019.2\lib\win64.o\libboost_chrono.dll
0x00007ff924a40000 - 0x00007ff924a65000 	D:\software\Xilinx\Vivado\2019.2\lib\win64.o\libisl_iosutils.dll
0x00007ff924a20000 - 0x00007ff924a3b000 	D:\software\Xilinx\Vivado\2019.2\lib\win64.o\libboost_iostreams.dll
0x00007ff962ad0000 - 0x00007ff962b80000 	C:\Windows\WinSxS\amd64_microsoft.windows.common-controls_6595b64144ccf1df_5.82.19041.3636_none_7931fb75243f97c8\COMCTL32.dll
0x00007ff965a30000 - 0x00007ff965a4d000 	C:\Windows\SYSTEM32\dhcpcsvc.DLL
0x00007ff961fd0000 - 0x00007ff96228c000 	C:\Windows\SYSTEM32\iertutil.dll
0x00007ff962290000 - 0x00007ff9622b8000 	C:\Windows\SYSTEM32\srvcli.dll
0x00007ff971500000 - 0x00007ff97150c000 	C:\Windows\SYSTEM32\netutils.dll
0x00007ff973450000 - 0x00007ff973480000 	C:\Windows\System32\IMM32.DLL
0x00007ff971b90000 - 0x00007ff971ba2000 	C:\Windows\SYSTEM32\MSASN1.dll
0x00007ff970880000 - 0x00007ff970892000 	C:\Windows\SYSTEM32\kernel.appcore.dll
0x00007ff8a6030000 - 0x00007ff8a6547000 	D:\software\Xilinx\Vivado\2019.2\lib\win64.o\librdi_commontasks.dll
0x00007ff96b3e0000 - 0x00007ff96b3ea000 	C:\Windows\SYSTEM32\VERSION.dll
0x00007ff8a33e0000 - 0x00007ff8a36c3000 	D:\software\Xilinx\Vivado\2019.2\lib\win64.o\librdi_sio.dll
0x00000000691b0000 - 0x0000000069bd5000 	D:\software\Xilinx\Vivado\2019.2\tps\win64\jre9.0.4\bin\server\jvm.dll
0x00007ff972af0000 - 0x00007ff972af8000 	C:\Windows\System32\PSAPI.DLL
0x00007ff9713f0000 - 0x00007ff97142b000 	C:\Windows\SYSTEM32\IPHLPAPI.DLL
0x00007ff968550000 - 0x00007ff968577000 	C:\Windows\SYSTEM32\WINMM.dll
0x00007ff95ce00000 - 0x00007ff95ceef000 	C:\Windows\SYSTEM32\MSVCR120.dll
0x00007ff971700000 - 0x00007ff97176a000 	C:\Windows\SYSTEM32\MSWSOCK.DLL
0x00007ff970050000 - 0x00007ff9707eb000 	C:\Windows\SYSTEM32\windows.storage.dll
0x00007ff971a00000 - 0x00007ff971a2d000 	C:\Windows\SYSTEM32\Wldp.dll
0x00007ff8a0c90000 - 0x00007ff8a33d5000 	D:\software\Xilinx\Vivado\2019.2\lib\win64.o\librdi_tcltasks.dll
0x00007ff8c06e0000 - 0x00007ff8c075b000 	D:\software\Xilinx\Vivado\2019.2\lib\win64.o\librdi_boarddep.dll
0x00007ff8a0630000 - 0x00007ff8a07cd000 	D:\software\Xilinx\Vivado\2019.2\lib\win64.o\librdi_board.dll
0x00007ff8a07d0000 - 0x00007ff8a0c84000 	D:\software\Xilinx\Vivado\2019.2\lib\win64.o\librdi_bitstream.dll
0x00007ff8a04d0000 - 0x00007ff8a0622000 	D:\software\Xilinx\Vivado\2019.2\lib\win64.o\librdi_cd_client.dll
0x00007ff8a0310000 - 0x00007ff8a04d0000 	D:\software\Xilinx\Vivado\2019.2\lib\win64.o\librdi_chipscopeimpl.dll
0x00007ff8a5f40000 - 0x00007ff8a602f000 	D:\software\Xilinx\Vivado\2019.2\lib\win64.o\librdi_chipscope.dll
0x00007ff89e500000 - 0x00007ff89e824000 	D:\software\Xilinx\Vivado\2019.2\lib\win64.o\librdi_containers.dll
0x00007ff89e830000 - 0x00007ff8a030a000 	D:\software\Xilinx\Vivado\2019.2\lib\win64.o\librdi_constraints.dll
0x00007ff89be30000 - 0x00007ff89c509000 	D:\software\Xilinx\Vivado\2019.2\lib\win64.o\librdi_coregenipxact.dll
0x00007ff882c60000 - 0x00007ff882faa000 	D:\software\Xilinx\Vivado\2019.2\lib\win64.o\librdi_dlyest.dll
0x00007ff89c510000 - 0x00007ff89e500000 	D:\software\Xilinx\Vivado\2019.2\lib\win64.o\librdi_coregen.dll
0x00007ff897b60000 - 0x00007ff89be2b000 	D:\software\Xilinx\Vivado\2019.2\lib\win64.o\librdi_designutils.dll
0x00007ff8825c0000 - 0x00007ff882684000 	D:\software\Xilinx\Vivado\2019.2\lib\win64.o\librdi_dsp.dll
0x00007ff882690000 - 0x00007ff882c5d000 	D:\software\Xilinx\Vivado\2019.2\lib\win64.o\librdi_drc.dll
0x00007ff881f50000 - 0x00007ff8825bb000 	D:\software\Xilinx\Vivado\2019.2\lib\win64.o\librdi_filemgmt.dll
0x00007ff881c40000 - 0x00007ff881f50000 	D:\software\Xilinx\Vivado\2019.2\lib\win64.o\librdi_guitools.dll
0x00007ff8c0840000 - 0x00007ff8c08aa000 	D:\software\Xilinx\Vivado\2019.2\lib\win64.o\librdi_hdf.dll
0x00007ff881a20000 - 0x00007ff881c40000 	D:\software\Xilinx\Vivado\2019.2\lib\win64.o\librdi_hip_devdesign.dll
0x00007ff880160000 - 0x00007ff8802a8000 	D:\software\Xilinx\Vivado\2019.2\lib\win64.o\librdi_hip_perf_analysis.dll
0x00007ff87fb20000 - 0x00007ff880151000 	D:\software\Xilinx\Vivado\2019.2\lib\win64.o\librdi_memdata.dll
0x00007ff8c0660000 - 0x00007ff8c06d4000 	D:\software\Xilinx\Vivado\2019.2\lib\win64.o\librdi_memoryarray.dll
0x00007ff882fb0000 - 0x00007ff897b5b000 	D:\software\Xilinx\Vivado\2019.2\lib\win64.o\librdi_device.dll
0x00007ff8802b0000 - 0x00007ff881a1d000 	D:\software\Xilinx\Vivado\2019.2\lib\win64.o\librdi_implflow.dll
0x00007ff8a95d0000 - 0x00007ff8a961c000 	D:\software\Xilinx\Vivado\2019.2\lib\win64.o\librdi_pfi.dll
0x00007ff87c660000 - 0x00007ff87cd43000 	D:\software\Xilinx\Vivado\2019.2\lib\win64.o\librdi_netlist.dll
0x00007ff879a70000 - 0x00007ff879d8b000 	D:\software\Xilinx\Vivado\2019.2\lib\win64.o\librdi_platform.dll
0x00007ff879260000 - 0x00007ff879a6b000 	D:\software\Xilinx\Vivado\2019.2\lib\win64.o\librdi_power.dll
0x00007ff879d90000 - 0x00007ff87c657000 	D:\software\Xilinx\Vivado\2019.2\lib\win64.o\librdi_place.dll
0x00007ff878ca0000 - 0x00007ff87925a000 	D:\software\Xilinx\Vivado\2019.2\lib\win64.o\librdi_project.dll
0x00007ff878560000 - 0x00007ff878c93000 	D:\software\Xilinx\Vivado\2019.2\lib\win64.o\librdi_psta.dll
0x00007ff87cd50000 - 0x00007ff87fb1b000 	D:\software\Xilinx\Vivado\2019.2\lib\win64.o\librdi_mig.dll
0x00007ff877e90000 - 0x00007ff878551000 	D:\software\Xilinx\Vivado\2019.2\lib\win64.o\librdi_rsb.dll
0x00007ff877d80000 - 0x00007ff877e88000 	D:\software\Xilinx\Vivado\2019.2\lib\win64.o\librdi_runsbase.dll
0x00007ff8776d0000 - 0x00007ff877945000 	D:\software\Xilinx\Vivado\2019.2\lib\win64.o\librdi_simdata.dll
0x00007ff877950000 - 0x00007ff877d73000 	D:\software\Xilinx\Vivado\2019.2\lib\win64.o\librdi_runs.dll
0x00007ff8766a0000 - 0x00007ff876840000 	D:\software\Xilinx\Vivado\2019.2\lib\win64.o\librdi_cd_protocol.dll
0x00007ff876840000 - 0x00007ff8776cd000 	D:\software\Xilinx\Vivado\2019.2\lib\win64.o\librdi_timing.dll
0x00007ff8764f0000 - 0x00007ff876691000 	D:\software\Xilinx\Vivado\2019.2\lib\win64.o\librdi_advchipscopeimpl.dll
0x00007ff8764a0000 - 0x00007ff8764ec000 	D:\software\Xilinx\Vivado\2019.2\lib\win64.o\libboost_serialization.dll
0x00007ff8763c0000 - 0x00007ff876497000 	D:\software\Xilinx\Vivado\2019.2\lib\win64.o\librdi_ipconfig_readwrite.dll
0x00007ff876370000 - 0x00007ff8763ba000 	D:\software\Xilinx\Vivado\2019.2\lib\win64.o\librdi_noc_frameworks.dll
0x00007ff8762d0000 - 0x00007ff87636e000 	D:\software\Xilinx\Vivado\2019.2\lib\win64.o\libise.dll
0x00007ff8760e0000 - 0x00007ff8762c4000 	D:\software\Xilinx\Vivado\2019.2\lib\win64.o\librdi_hip_config.dll
0x00007ff875040000 - 0x00007ff87558e000 	D:\software\Xilinx\Vivado\2019.2\lib\win64.o\librdi_xdm.dll
0x00007ff875590000 - 0x00007ff8760d7000 	D:\software\Xilinx\Vivado\2019.2\lib\win64.o\libverific.dll
0x00007ff874ff0000 - 0x00007ff87503a000 	D:\software\Xilinx\Vivado\2019.2\lib\win64.o\librdi_wavedata_SimpleApi.dll

VM Arguments:
jvm_args: -Dsun.java2d.pmoffscreen=false -Dsun.java2d.xrender=false -Dsun.java2d.d3d=false -Dsun.awt.nopixfmt=true -Dsun.java2d.dpiaware=true -Dsun.java2d.uiScale.enabled=false -Xverify:none -Dswing.aatext=true -XX:-UsePerfData -Djdk.map.althashing.threshold=512 -XX:StringTableSize=4072 --add-opens=java.base/java.nio=ALL-UNNAMED --add-opens=java.desktop/sun.swing=ALL-UNNAMED --add-opens=java.desktop/javax.swing=ALL-UNNAMED --add-opens=java.desktop/javax.swing.tree=ALL-UNNAMED --add-opens=java.desktop/javax.swing.plaf.basic=ALL-UNNAMED --add-opens=java.desktop/javax.swing.plaf.synth=ALL-UNNAMED --add-opens=java.desktop/com.sun.awt=ALL-UNNAMED -XX:NewSize=60m -XX:MaxNewSize=60m -Xms128m -Xmx3072m -Xss5m 
java_command: <unknown>
java_class_path (initial): D:/software/Xilinx/Vivado/2019.2\lib\classes\alloy.jar;D:/software/Xilinx/Vivado/2019.2\lib\classes\autoesl-common.jar;D:/software/Xilinx/Vivado/2019.2\lib\classes\autoesl-models.jar;D:/software/Xilinx/Vivado/2019.2\lib\classes\autoesl-report.jar;D:/software/Xilinx/Vivado/2019.2\lib\classes\autopilot.scelaborator.jar;D:/software/Xilinx/Vivado/2019.2\lib\classes\autopilot.sourceprocessor.jar;D:/software/Xilinx/Vivado/2019.2\lib\classes\autopilot.tbprocessor.jar;D:/software/Xilinx/Vivado/2019.2\lib\classes\batik-anim.jar;D:/software/Xilinx/Vivado/2019.2\lib\classes\batik-awt-util.jar;D:/software/Xilinx/Vivado/2019.2\lib\classes\batik-bridge.jar;D:/software/Xilinx/Vivado/2019.2\lib\classes\batik-codec.jar;D:/software/Xilinx/Vivado/2019.2\lib\classes\batik-css.jar;D:/software/Xilinx/Vivado/2019.2\lib\classes\batik-dom.jar;D:/software/Xilinx/Vivado/2019.2\lib\classes\batik-ext.jar;D:/software/Xilinx/Vivado/2019.2\lib\classes\batik-gui-util.jar;D:/software/Xilinx/Vivado/2019.2\lib\classes\batik-gvt.jar;D:/software/Xilinx/Vivado/2019.2\lib\classes\batik-parser.jar;D:/software/Xilinx/Vivado/2019.2\lib\classes\batik-script.jar;D:/software/Xilinx/Vivado/2019.2\lib\classes\batik-svg-dom.jar;D:/software/Xilinx/Vivado/2019.2\lib\classes\batik-swing.jar;D:/software/Xilinx/Vivado/2019.2\lib\classes\batik-transcoder.jar;D:/software/Xilinx/Vivado/2019.2\lib\classes\batik-util.jar;D:/software/Xilinx/Vivado/2019.2\lib\classes\batik-xml.jar;D:/software/Xilinx/Vivado/2019.2\lib\classes\com.google.gson_2.7.0.v20170129-0911.jar;D:/software/Xilinx/Vivado/2019.2\lib\classes\com.google.guava_21.0.0.v20170206-1425.jar;D:/software/Xilinx/Vivado/2019.2\lib\classes\com.ibm.icu_4.4.2.v20110208.jar;D:/software/Xilinx/Vivado/2019.2\lib\classes\com.sigasi.hdt.connection_4.5.0.201909241521.jar;D:/software/Xilinx/Vivado/2019.2\lib\classes\com.sigasi.hdt.epl_4.5.0.201909241521.jar;D:/software/Xilinx/Vivado/2019.2\lib\classes\com.sigasi.hdt.project_4.5.0.201909241521.jar;D:/
Launcher Type: generic

Logging:
Log output configuration:
#0: stdout all=warning uptime,level,tags
#1: stderr all=off uptime,level,tags

Environment Variables:
PATH=D:/software/Xilinx/Vivado/2019.2\gnuwin\bin;D:/software/Xilinx/Vivado/2019.2\gnu\microblaze\nt\bin;D:/software/Xilinx/Vivado/2019.2/bin;D:/software/Xilinx/Vivado/2019.2/lib/win64.o;D:/software/Xilinx/Vivado/2019.2/tps/win64/jre9.0.4/bin/server;D:/software/Xilinx/Vivado/2019.2/tps/win64/jre9.0.4/bin;D:/software/Xilinx/Vivado/2019.2/ids_lite/ISE/bin/nt64;D:/software/Xilinx/Vivado/2019.2/ids_lite/ISE/lib/nt64;C:\Program Files\OpenSSH\;C:\Program Files\Common Files\Oracle\Java\javapath;D:\software\VMware Workstation Pro\bin\;C:\Program Files (x86)\Common Files\Intel\Shared Libraries\redist\intel64\compiler;C:\Windows\system32;C:\Windows;C:\Windows\System32\Wbem;C:\Windows\System32\WindowsPowerShell\v1.0\;C:\Windows\System32\OpenSSH\;C:\Program Files\dotnet\;C:\Program Files (x86)\NVIDIA Corporation\PhysX\Common;C:\Program Files\Microsoft SQL Server\130\Tools\Binn\;C:\Windows\mingw64\bin\;C:\Program Files\Microsoft\Web Platform Installer\;D:\software\phpstudy_pro\Extensions\MySQL5.7.26\bin;D:\software\Git\cmd;C:\Program Files\NVIDIA Corporation\NVIDIA NvDLISR;C:\Program Files\Cloudflare\Cloudflare WARP\;C:\Program Files\CMake\bin;D:\software\tailscale\;C:\Program Files (x86)\dotnet\;D:\software\NetSarang\Xshell 8\;D:\software\MATLAB\R2014a\runtime\win64;D:\software\MATLAB\R2014a\bin;D:\software\MATLAB\R2014a\polyspace\bin;D:\software\Python\3.11.7\Scripts\;D:\software\Python\3.11.7\;D:\software\Python\3.11.7\Tools\Scripts;C:\Users\lzy\AppData\Local\Microsoft\WindowsApps;C:\Users\lzy\.dotnet\tools;D:\software\Pycharam\bin;D:\software\Fiddler;D:\software\Microsoft VS Code\bin;D:\software\Nmap;C:\Program Files (x86)\Tencent\QQGameTempest\Hall.57915\;C:\Program Files\MySQL\MySQL Server 8.0\bin\;C:\users\lzy\appdata\roaming\python\python37\scripts;C:\users\lzy\.local\bin;C:\Users\lzy\AppData\Local\GitHubDesktop\bin;D:\software\PyCharm 2023.3.2\bin;;D:/software/Xilinx/Vivado/2019.2\tps\mingw\6.2.0\win64.o\nt\bin;D:/software/Xilinx/Vivado/2019.2\tps\mingw\6.2.0\win64.o\nt\lib
USERNAME=lzy
OS=Windows_NT
PROCESSOR_IDENTIFIER=AMD64 Family 25 Model 80 Stepping 0, AuthenticAMD



---------------  S Y S T E M  ---------------

OS: Windows 10 , 64 bit Build 19041 (10.0.19041.3636)

CPU:total 16 (initial active 16) (16 cores per cpu, 1 threads per core) family 25 model 80 stepping 0, cmov, cx8, fxsr, mmx, sse, sse2, sse3, ssse3, sse4.1, sse4.2, popcnt, avx, avx2, aes, clmul, erms, mmxext, 3dnowpref, lzcnt, sse4a, tsc, tscinvbit, tscinv, bmi1

Memory: 4k page, physical 66501532k(53969880k free), swap 70695836k(54866512k free)

vm_info: Java HotSpot(TM) 64-Bit Server VM (9.0.4+11) for windows-amd64 JRE (9.0.4+11), built on Dec 20 2017 02:18:54 by "mach5one" with MS VC++ 12.0 (VS2013)

END.
